<?xml version="1.0" encoding="UTF-8"?>
<robot generator="Robot 7.4.2 (Python 3.10.12 on linux)" generated="2026-03-13T09:57:35.698525" rpa="false" schemaversion="5">
<suite id="s1" name="Test" source="/home/citco/Documents/QA_Training/QA-training/robotframework_arellano/Tests/test.robot">
<kw name="Suite Init" type="SETUP">
<kw name="Launch Browser" owner="App">
<kw name="Open Browser" owner="SeleniumLibrary">
<msg time="2026-03-13T09:57:35.919764" level="INFO">Opening browser 'chrome' to base url 'https://marmelab.com/react-admin-demo'.</msg>
<arg>${url}</arg>
<arg>chrome</arg>
<arg>options=add_argument("--start-maximized");</arg>
<doc>Opens a new browser instance to the optional ``url``.</doc>
<status status="PASS" start="2026-03-13T09:57:35.919427" elapsed="1.580164"/>
</kw>
<kw name="Wait Until Element Is Visible" owner="SeleniumLibrary">
<arg>${login_txt_username}</arg>
<doc>Waits until the element ``locator`` is visible.</doc>
<status status="PASS" start="2026-03-13T09:57:37.500075" elapsed="0.490338"/>
</kw>
<status status="PASS" start="2026-03-13T09:57:35.918479" elapsed="2.072154"/>
</kw>
<kw name="Login User" owner="App">
<kw name="Input Text" owner="SeleniumLibrary">
<msg time="2026-03-13T09:57:37.991672" level="INFO">Typing text 'demo' into text field '//input[@name="username"]'.</msg>
<arg>${login_txt_username}</arg>
<arg>${username}</arg>
<doc>Types the given ``text`` into the text field identified by ``locator``.</doc>
<status status="PASS" start="2026-03-13T09:57:37.991334" elapsed="0.106271"/>
</kw>
<kw name="Input Text" owner="SeleniumLibrary">
<msg time="2026-03-13T09:57:38.098527" level="INFO">Typing text 'dem' into text field '//input[@name="password"]'.</msg>
<arg>${login_txt_password}</arg>
<arg>${password}</arg>
<doc>Types the given ``text`` into the text field identified by ``locator``.</doc>
<status status="PASS" start="2026-03-13T09:57:38.097986" elapsed="0.093698"/>
</kw>
<kw name="Capture Page Screenshot" owner="SeleniumLibrary">
<msg time="2026-03-13T09:57:38.301290" level="INFO" html="true">&lt;/td&gt;&lt;/tr&gt;&lt;tr&gt;&lt;td colspan="3"&gt;&lt;a href="selenium-screenshot-3.png"&gt;&lt;img src="selenium-screenshot-3.png" width="800px"&gt;&lt;/a&gt;</msg>
<doc>Takes a screenshot of the current page and embeds it into a log file.</doc>
<status status="PASS" start="2026-03-13T09:57:38.192032" elapsed="0.109552"/>
</kw>
<kw name="Click Button" owner="SeleniumLibrary">
<msg time="2026-03-13T09:57:38.302800" level="INFO">Clicking button '//button[@type="submit"]'.</msg>
<arg>${login_btn_submit}</arg>
<doc>Clicks the button identified by ``locator``.</doc>
<status status="PASS" start="2026-03-13T09:57:38.302066" elapsed="0.171928"/>
</kw>
<kw name="Wait Until Element Is Visible" owner="SeleniumLibrary">
<arg>${main_content}</arg>
<doc>Waits until the element ``locator`` is visible.</doc>
<status status="PASS" start="2026-03-13T09:57:38.474442" elapsed="0.184008"/>
</kw>
<status status="PASS" start="2026-03-13T09:57:37.990938" elapsed="0.667733"/>
</kw>
<kw name="Get Users" owner="CommonLibrary">
<msg time="2026-03-13T09:57:40.783565" level="INFO">/home/citco/Documents/QA_Training/QA-training/robotenv/lib/python3.10/site-packages/urllib3/connectionpool.py:1097: InsecureRequestWarning: Unverified HTTPS request is being made to host 'jsonplaceholder.typicode.com'. Adding certificate verification is strongly advised. See: https://urllib3.readthedocs.io/en/latest/advanced-usage.html#tls-warnings
  warnings.warn(</msg>
<msg time="2026-03-13T09:57:40.784230" level="INFO">${users} = [{'id': 1, 'username': 'Bret', 'email': 'Sincere@april.biz', 'address': {'street': 'Kulas Light', 'suite': 'Apt. 556', 'city': 'Gwenborough', 'zipcode': '92998-3874', 'geo': {'lat': '-37.3159', 'lng':...</msg>
<var>${users}</var>
<status status="PASS" start="2026-03-13T09:57:38.658943" elapsed="2.125390"/>
</kw>
<kw name="Set Suite Variable" owner="BuiltIn">
<msg time="2026-03-13T09:57:40.786160" level="INFO">${USERS} = [{'id': 1, 'username': 'Bret', 'email': 'Sincere@april.biz', 'address': {'street': 'Kulas Light', 'suite': 'Apt. 556', 'city': 'Gwenborough', 'zipcode': '92998-3874', 'geo': {'lat': '-37.3159', 'lng':...</msg>
<arg>${USERS}</arg>
<arg>${users}</arg>
<doc>Makes a variable available everywhere within the scope of the current suite.</doc>
<status status="PASS" start="2026-03-13T09:57:40.784760" elapsed="0.001561"/>
</kw>
<status status="PASS" start="2026-03-13T09:57:35.918027" elapsed="4.868485"/>
</kw>
<test id="s1-t1" name="TEST-1" line="9">
<for flavor="IN RANGE">
<iter>
<kw name="Add A Customer" owner="Customers">
<kw name="Navigate" owner="App">
<kw name="Set Variable" owner="BuiltIn">
<msg time="2026-03-13T09:57:40.791224" level="INFO">${sub_menu_loc} = //a[descendant::p[text()="Customers"]]</msg>
<var>${sub_menu_loc}</var>
<arg>//a[descendant::p[text()="${sub_menu}"]]</arg>
<doc>Returns the given values which can then be assigned to a variables.</doc>
<status status="PASS" start="2026-03-13T09:57:40.790417" elapsed="0.000892"/>
</kw>
<kw name="Run Keyword And Return Status" owner="BuiltIn">
<kw name="Element Should Be Visible" owner="SeleniumLibrary">
<msg time="2026-03-13T09:57:40.813811" level="INFO">Element '//a[descendant::p[text()="Customers"]]' is displayed.</msg>
<arg>${sub_menu_loc}</arg>
<doc>Verifies that the element identified by ``locator`` is visible.</doc>
<status status="PASS" start="2026-03-13T09:57:40.792239" elapsed="0.021770"/>
</kw>
<msg time="2026-03-13T09:57:40.814265" level="INFO">${status} = True</msg>
<var>${status}</var>
<arg>Element Should Be Visible</arg>
<arg>${sub_menu_loc}</arg>
<doc>Runs the specified keyword and returns the status as a Boolean value.</doc>
<status status="PASS" start="2026-03-13T09:57:40.791601" elapsed="0.022711"/>
</kw>
<if>
<branch type="IF" condition="not ${status}">
<kw name="Get Parent Menu" owner="App">
<var>${parent_menu}</var>
<arg>${sub_menu}</arg>
<status status="NOT RUN" start="2026-03-13T09:57:40.815010" elapsed="0.000058"/>
</kw>
<kw name="Click Element" owner="SeleniumLibrary">
<arg>${parent_menu}</arg>
<doc>Click the element identified by ``locator``.</doc>
<status status="NOT RUN" start="2026-03-13T09:57:40.815267" elapsed="0.000045"/>
</kw>
<kw name="Wait Until Element Is Visible" owner="SeleniumLibrary">
<arg>${sub_menu_loc}</arg>
<doc>Waits until the element ``locator`` is visible.</doc>
<status status="NOT RUN" start="2026-03-13T09:57:40.815479" elapsed="0.000043"/>
</kw>
<status status="NOT RUN" start="2026-03-13T09:57:40.814504" elapsed="0.001071"/>
</branch>
<status status="PASS" start="2026-03-13T09:57:40.814439" elapsed="0.001185"/>
</if>
<kw name="Click Element" owner="SeleniumLibrary">
<msg time="2026-03-13T09:57:40.816047" level="INFO">Clicking element '//a[descendant::p[text()="Customers"]]'.</msg>
<arg>${sub_menu_loc}</arg>
<doc>Click the element identified by ``locator``.</doc>
<status status="PASS" start="2026-03-13T09:57:40.815732" elapsed="0.082247"/>
</kw>
<kw name="Wait Until Element Is Visible" owner="SeleniumLibrary">
<arg>//h6[//span[text()="${sub_menu}"]]</arg>
<doc>Waits until the element ``locator`` is visible.</doc>
<status status="PASS" start="2026-03-13T09:57:40.898312" elapsed="0.257164"/>
</kw>
<kw name="Run Keyword If" owner="BuiltIn">
<kw name="Sleep" owner="BuiltIn">
<msg time="2026-03-13T09:57:43.157843" level="INFO">Slept 2 seconds.</msg>
<arg>2s</arg>
<doc>Pauses the test executed for the given time.</doc>
<status status="PASS" start="2026-03-13T09:57:41.157077" elapsed="2.000974"/>
</kw>
<arg>"${sub_menu}"=="Customers"</arg>
<arg>Sleep</arg>
<arg>2s</arg>
<doc>Runs the given keyword with the given arguments, if ``condition`` is true.</doc>
<status status="PASS" start="2026-03-13T09:57:41.155879" elapsed="2.002324"/>
</kw>
<arg>Customers</arg>
<status status="PASS" start="2026-03-13T09:57:40.789767" elapsed="2.368590"/>
</kw>
<kw name="Open Create Modal" owner="Customers">
<kw name="Click Element" owner="SeleniumLibrary">
<msg time="2026-03-13T09:57:43.159488" level="INFO">Clicking element '//a[text()="Create"]'.</msg>
<arg>//a[text()="Create"]</arg>
<doc>Click the element identified by ``locator``.</doc>
<status status="PASS" start="2026-03-13T09:57:43.159166" elapsed="0.130467"/>
</kw>
<kw name="Wait Until Element Is Visible" owner="SeleniumLibrary">
<arg>//h6[descendant::span[text()="Create Customer"]]</arg>
<doc>Waits until the element ``locator`` is visible.</doc>
<status status="PASS" start="2026-03-13T09:57:43.290550" elapsed="0.290005"/>
</kw>
<status status="PASS" start="2026-03-13T09:57:43.158688" elapsed="0.422064"/>
</kw>
<kw name="Input Text" owner="SeleniumLibrary">
<msg time="2026-03-13T09:57:43.582461" level="INFO">Typing text 'Leanne' into text field '//input[@name="first_name"]'.</msg>
<arg>${cust_txt_first_name}</arg>
<arg>${user['first_name']}</arg>
<doc>Types the given ``text`` into the text field identified by ``locator``.</doc>
<status status="PASS" start="2026-03-13T09:57:43.580967" elapsed="0.156886"/>
</kw>
<kw name="Input Text" owner="SeleniumLibrary">
<msg time="2026-03-13T09:57:43.739582" level="INFO">Typing text 'Graham' into text field '//input[@name="last_name"]'.</msg>
<arg>${cust_txt_last_name}</arg>
<arg>${user['last_name']}</arg>
<doc>Types the given ``text`` into the text field identified by ``locator``.</doc>
<status status="PASS" start="2026-03-13T09:57:43.738206" elapsed="0.143096"/>
</kw>
<kw name="Input Text" owner="SeleniumLibrary">
<msg time="2026-03-13T09:57:43.883055" level="INFO">Typing text 'Sincere@april.biz' into text field '//input[@name="email"]'.</msg>
<arg>${cust_txt_email}</arg>
<arg>${user['email']}</arg>
<doc>Types the given ``text`` into the text field identified by ``locator``.</doc>
<status status="PASS" start="2026-03-13T09:57:43.881648" elapsed="0.157054"/>
</kw>
<kw name="Input Text" owner="SeleniumLibrary">
<msg time="2026-03-13T09:57:44.040383" level="INFO">Typing text '01/04/2005' into text field '//input[@name="birthday"]'.</msg>
<arg>${cust_txt_birthday}</arg>
<arg>${user['birthday']}</arg>
<doc>Types the given ``text`` into the text field identified by ``locator``.</doc>
<status status="PASS" start="2026-03-13T09:57:44.039132" elapsed="0.120092"/>
</kw>
<kw name="Input Text" owner="SeleniumLibrary">
<msg time="2026-03-13T09:57:44.161187" level="INFO">Typing text 'Kulas Light Apt. 556' into text field '//textarea[@name="address"]'.</msg>
<arg>${cust_txt_address}</arg>
<arg>${user['address']['street']} ${user["address"]['suite']}</arg>
<doc>Types the given ``text`` into the text field identified by ``locator``.</doc>
<status status="PASS" start="2026-03-13T09:57:44.159587" elapsed="0.150427"/>
</kw>
<kw name="Input Text" owner="SeleniumLibrary">
<msg time="2026-03-13T09:57:44.311675" level="INFO">Typing text 'Gwenborough' into text field '//input[@name="city"]'.</msg>
<arg>${cust_txt_city}</arg>
<arg>${user['address']['city']}</arg>
<doc>Types the given ``text`` into the text field identified by ``locator``.</doc>
<status status="PASS" start="2026-03-13T09:57:44.310435" elapsed="0.116899"/>
</kw>
<kw name="Input Text" owner="SeleniumLibrary">
<msg time="2026-03-13T09:57:44.428925" level="INFO">Typing text 'KAG' into text field '//input[@name="stateAbbr"]'.</msg>
<arg>${cust_txt_stateAbbr}</arg>
<arg>${user['address']['stateAbbr']}</arg>
<doc>Types the given ``text`` into the text field identified by ``locator``.</doc>
<status status="PASS" start="2026-03-13T09:57:44.427643" elapsed="0.096507"/>
</kw>
<kw name="Input Text" owner="SeleniumLibrary">
<msg time="2026-03-13T09:57:44.525661" level="INFO">Typing text '92998-3874' into text field '//input[@name="zipcode"]'.</msg>
<arg>${cust_txt_zipcode}</arg>
<arg>${user['address']['zipcode']}</arg>
<doc>Types the given ``text`` into the text field identified by ``locator``.</doc>
<status status="PASS" start="2026-03-13T09:57:44.524520" elapsed="0.116178"/>
</kw>
<kw name="Input Text" owner="SeleniumLibrary">
<msg time="2026-03-13T09:57:44.642296" level="INFO">Typing text 'cTb%im9l' into text field '//input[@name="password"]'.</msg>
<arg>${cust_txt_password}</arg>
<arg>${user['password']}</arg>
<doc>Types the given ``text`` into the text field identified by ``locator``.</doc>
<status status="PASS" start="2026-03-13T09:57:44.641074" elapsed="0.112057"/>
</kw>
<kw name="Input Text" owner="SeleniumLibrary">
<msg time="2026-03-13T09:57:44.754335" level="INFO">Typing text 'cTb%im9l' into text field '//input[@name="confirm_password"]'.</msg>
<arg>${cust_txt_confirm_password}</arg>
<arg>${user['password']}</arg>
<doc>Types the given ``text`` into the text field identified by ``locator``.</doc>
<status status="PASS" start="2026-03-13T09:57:44.753427" elapsed="0.121662"/>
</kw>
<kw name="Click Element" owner="SeleniumLibrary">
<msg time="2026-03-13T09:57:44.875787" level="INFO">Clicking element '//button[@aria-label="Save"]'.</msg>
<arg>${customers_btn_save}</arg>
<doc>Click the element identified by ``locator``.</doc>
<status status="PASS" start="2026-03-13T09:57:44.875411" elapsed="0.106698"/>
</kw>
<kw name="Wait Until Element Is Visible" owner="SeleniumLibrary">
<arg>//div[text()="Customer created"]</arg>
<doc>Waits until the element ``locator`` is visible.</doc>
<status status="PASS" start="2026-03-13T09:57:44.982639" elapsed="0.490884"/>
</kw>
<arg>${USERS[${i}]}</arg>
<status status="PASS" start="2026-03-13T09:57:40.788149" elapsed="4.685559"/>
</kw>
<kw name="Verify If Customer Is Added In The Table" owner="Customers">
<kw name="Get Customer Row" owner="Customers">
<kw name="Navigate" owner="App">
<kw name="Set Variable" owner="BuiltIn">
<msg time="2026-03-13T09:57:45.476442" level="INFO">${sub_menu_loc} = //a[descendant::p[text()="Customers"]]</msg>
<var>${sub_menu_loc}</var>
<arg>//a[descendant::p[text()="${sub_menu}"]]</arg>
<doc>Returns the given values which can then be assigned to a variables.</doc>
<status status="PASS" start="2026-03-13T09:57:45.475958" elapsed="0.000530"/>
</kw>
<kw name="Run Keyword And Return Status" owner="BuiltIn">
<kw name="Element Should Be Visible" owner="SeleniumLibrary">
<msg time="2026-03-13T09:57:45.504236" level="INFO">Element '//a[descendant::p[text()="Customers"]]' is displayed.</msg>
<arg>${sub_menu_loc}</arg>
<doc>Verifies that the element identified by ``locator`` is visible.</doc>
<status status="PASS" start="2026-03-13T09:57:45.477214" elapsed="0.027227"/>
</kw>
<msg time="2026-03-13T09:57:45.504694" level="INFO">${status} = True</msg>
<var>${status}</var>
<arg>Element Should Be Visible</arg>
<arg>${sub_menu_loc}</arg>
<doc>Runs the specified keyword and returns the status as a Boolean value.</doc>
<status status="PASS" start="2026-03-13T09:57:45.476666" elapsed="0.028075"/>
</kw>
<if>
<branch type="IF" condition="not ${status}">
<kw name="Get Parent Menu" owner="App">
<var>${parent_menu}</var>
<arg>${sub_menu}</arg>
<status status="NOT RUN" start="2026-03-13T09:57:45.505469" elapsed="0.000062"/>
</kw>
<kw name="Click Element" owner="SeleniumLibrary">
<arg>${parent_menu}</arg>
<doc>Click the element identified by ``locator``.</doc>
<status status="NOT RUN" start="2026-03-13T09:57:45.505747" elapsed="0.000049"/>
</kw>
<kw name="Wait Until Element Is Visible" owner="SeleniumLibrary">
<arg>${sub_menu_loc}</arg>
<doc>Waits until the element ``locator`` is visible.</doc>
<status status="NOT RUN" start="2026-03-13T09:57:45.505945" elapsed="0.000037"/>
</kw>
<status status="NOT RUN" start="2026-03-13T09:57:45.504937" elapsed="0.001096"/>
</branch>
<status status="PASS" start="2026-03-13T09:57:45.504881" elapsed="0.001202"/>
</if>
<kw name="Click Element" owner="SeleniumLibrary">
<msg time="2026-03-13T09:57:45.506563" level="INFO">Clicking element '//a[descendant::p[text()="Customers"]]'.</msg>
<arg>${sub_menu_loc}</arg>
<doc>Click the element identified by ``locator``.</doc>
<status status="PASS" start="2026-03-13T09:57:45.506197" elapsed="0.072460"/>
</kw>
<kw name="Wait Until Element Is Visible" owner="SeleniumLibrary">
<arg>//h6[//span[text()="${sub_menu}"]]</arg>
<doc>Waits until the element ``locator`` is visible.</doc>
<status status="PASS" start="2026-03-13T09:57:45.578999" elapsed="0.310477"/>
</kw>
<kw name="Run Keyword If" owner="BuiltIn">
<kw name="Sleep" owner="BuiltIn">
<msg time="2026-03-13T09:57:47.891433" level="INFO">Slept 2 seconds.</msg>
<arg>2s</arg>
<doc>Pauses the test executed for the given time.</doc>
<status status="PASS" start="2026-03-13T09:57:45.890646" elapsed="2.001154"/>
</kw>
<arg>"${sub_menu}"=="Customers"</arg>
<arg>Sleep</arg>
<arg>2s</arg>
<doc>Runs the given keyword with the given arguments, if ``condition`` is true.</doc>
<status status="PASS" start="2026-03-13T09:57:45.889778" elapsed="2.002447"/>
</kw>
<arg>Customers</arg>
<status status="PASS" start="2026-03-13T09:57:45.475636" elapsed="2.416841"/>
</kw>
<kw name="Get WebElements" owner="SeleniumLibrary">
<msg time="2026-03-13T09:57:47.917898" level="INFO">${web_elems} = [&lt;selenium.webdriver.remote.webelement.WebElement (session="f67a2c18b013cef94721da0862b03580", element="f.DB3076C69B2C4DD1A252FF3B394197B0.d.9BF24894010921A39B24D66BC45DB1E9.e.323")&gt;, &lt;selenium.webdri...</msg>
<var>${web_elems}</var>
<arg>//tbody//tr</arg>
<doc>Returns a list of WebElement objects matching the ``locator``.</doc>
<status status="PASS" start="2026-03-13T09:57:47.892896" elapsed="0.025148"/>
</kw>
<for flavor="IN ENUMERATE">
<iter>
<kw name="Get Text" owner="SeleniumLibrary">
<msg time="2026-03-13T09:57:47.965994" level="INFO">${name} = L
Leanne Graham</msg>
<var>${name}</var>
<arg>((//tbody//tr)[${i+1}]//td)[2]</arg>
<doc>Returns the text value of the element identified by ``locator``.</doc>
<status status="PASS" start="2026-03-13T09:57:47.919304" elapsed="0.046830"/>
</kw>
<kw name="Clean Text" owner="App">
<if>
<branch type="IF" condition="&quot;\\n&quot; in &quot;&quot;&quot;${text}&quot;&quot;&quot;">
<kw name="Evaluate" owner="BuiltIn">
<msg time="2026-03-13T09:57:47.969557" level="INFO">${text} = Leanne Graham</msg>
<var>${text}</var>
<arg>"""${text}""".replace("\\n","")[1:]</arg>
<doc>Evaluates the given expression in Python and returns the result.</doc>
<status status="PASS" start="2026-03-13T09:57:47.968303" elapsed="0.001381"/>
</kw>
<status status="PASS" start="2026-03-13T09:57:47.967734" elapsed="0.002142"/>
</branch>
<status status="PASS" start="2026-03-13T09:57:47.967668" elapsed="0.002332"/>
</if>
<kw name="Return From Keyword" owner="BuiltIn">
<msg time="2026-03-13T09:57:47.971175" level="INFO">Returning from the enclosing user keyword.</msg>
<arg>${text}</arg>
<doc>Returns from the enclosing user keyword.</doc>
<status status="PASS" start="2026-03-13T09:57:47.970410" elapsed="0.000955"/>
</kw>
<msg time="2026-03-13T09:57:47.971846" level="INFO">${name} = Leanne Graham</msg>
<var>${name}</var>
<arg>${name}</arg>
<status status="PASS" start="2026-03-13T09:57:47.966909" elapsed="0.005022"/>
</kw>
<kw name="Return From Keyword If" owner="BuiltIn">
<msg time="2026-03-13T09:57:47.975548" level="INFO">Returning from the enclosing user keyword.</msg>
<arg>"${user["first_name"]} ${user["last_name"]}"=="${name}"</arg>
<arg>${i+1}</arg>
<doc>Returns from the enclosing user keyword if ``condition`` is true.</doc>
<status status="PASS" start="2026-03-13T09:57:47.972313" elapsed="0.003405"/>
</kw>
<var name="${i}">0</var>
<var name="${elem}">&lt;selenium.webdriver.remote.webelement.WebElement (session="f67a2c18b013cef94721da0862b03580", element="f.DB3076C69B2C4DD1A252FF3B394197B0.d.9BF24894010921A39B24D66BC45DB1E9.e.323")&gt;</var>
<status status="PASS" start="2026-03-13T09:57:47.918938" elapsed="0.056945"/>
</iter>
<var>${i}</var>
<var>${elem}</var>
<value>@{web_elems}</value>
<status status="PASS" start="2026-03-13T09:57:47.918341" elapsed="0.057724"/>
</for>
<msg time="2026-03-13T09:57:47.977422" level="INFO">${user_row} = 1</msg>
<var>${user_row}</var>
<arg>${user}</arg>
<status status="PASS" start="2026-03-13T09:57:45.475163" elapsed="2.502351"/>
</kw>
<kw name="Should Not Be Equal As Strings" owner="BuiltIn">
<msg time="2026-03-13T09:57:47.978737" level="INFO">Argument types are:
&lt;class 'str'&gt;
&lt;class 'int'&gt;</msg>
<arg>None</arg>
<arg>${user_row}</arg>
<doc>Fails if objects are equal after converting them to strings.</doc>
<status status="PASS" start="2026-03-13T09:57:47.977887" elapsed="0.001042"/>
</kw>
<arg>${USERS[${i}]}</arg>
<status status="PASS" start="2026-03-13T09:57:45.474009" elapsed="2.505139"/>
</kw>
<kw name="Verify Customer Identity Details" owner="Customers">
<kw name="Get Customer Row" owner="Customers">
<kw name="Navigate" owner="App">
<kw name="Set Variable" owner="BuiltIn">
<msg time="2026-03-13T09:57:47.984916" level="INFO">${sub_menu_loc} = //a[descendant::p[text()="Customers"]]</msg>
<var>${sub_menu_loc}</var>
<arg>//a[descendant::p[text()="${sub_menu}"]]</arg>
<doc>Returns the given values which can then be assigned to a variables.</doc>
<status status="PASS" start="2026-03-13T09:57:47.983907" elapsed="0.001108"/>
</kw>
<kw name="Run Keyword And Return Status" owner="BuiltIn">
<kw name="Element Should Be Visible" owner="SeleniumLibrary">
<msg time="2026-03-13T09:57:48.009496" level="INFO">Element '//a[descendant::p[text()="Customers"]]' is displayed.</msg>
<arg>${sub_menu_loc}</arg>
<doc>Verifies that the element identified by ``locator`` is visible.</doc>
<status status="PASS" start="2026-03-13T09:57:47.986712" elapsed="0.023064"/>
</kw>
<msg time="2026-03-13T09:57:48.010174" level="INFO">${status} = True</msg>
<var>${status}</var>
<arg>Element Should Be Visible</arg>
<arg>${sub_menu_loc}</arg>
<doc>Runs the specified keyword and returns the status as a Boolean value.</doc>
<status status="PASS" start="2026-03-13T09:57:47.985391" elapsed="0.024894"/>
</kw>
<if>
<branch type="IF" condition="not ${status}">
<kw name="Get Parent Menu" owner="App">
<var>${parent_menu}</var>
<arg>${sub_menu}</arg>
<status status="NOT RUN" start="2026-03-13T09:57:48.011403" elapsed="0.000110"/>
</kw>
<kw name="Click Element" owner="SeleniumLibrary">
<arg>${parent_menu}</arg>
<doc>Click the element identified by ``locator``.</doc>
<status status="NOT RUN" start="2026-03-13T09:57:48.011868" elapsed="0.000088"/>
</kw>
<kw name="Wait Until Element Is Visible" owner="SeleniumLibrary">
<arg>${sub_menu_loc}</arg>
<doc>Waits until the element ``locator`` is visible.</doc>
<status status="NOT RUN" start="2026-03-13T09:57:48.012256" elapsed="0.000084"/>
</kw>
<status status="NOT RUN" start="2026-03-13T09:57:48.010586" elapsed="0.001868"/>
</branch>
<status status="PASS" start="2026-03-13T09:57:48.010505" elapsed="0.002054"/>
</if>
<kw name="Click Element" owner="SeleniumLibrary">
<msg time="2026-03-13T09:57:48.013415" level="INFO">Clicking element '//a[descendant::p[text()="Customers"]]'.</msg>
<arg>${sub_menu_loc}</arg>
<doc>Click the element identified by ``locator``.</doc>
<status status="PASS" start="2026-03-13T09:57:48.012807" elapsed="0.102323"/>
</kw>
<kw name="Wait Until Element Is Visible" owner="SeleniumLibrary">
<arg>//h6[//span[text()="${sub_menu}"]]</arg>
<doc>Waits until the element ``locator`` is visible.</doc>
<status status="PASS" start="2026-03-13T09:57:48.115623" elapsed="0.050365"/>
</kw>
<kw name="Run Keyword If" owner="BuiltIn">
<kw name="Sleep" owner="BuiltIn">
<msg time="2026-03-13T09:57:50.168762" level="INFO">Slept 2 seconds.</msg>
<arg>2s</arg>
<doc>Pauses the test executed for the given time.</doc>
<status status="PASS" start="2026-03-13T09:57:48.167926" elapsed="2.001069"/>
</kw>
<arg>"${sub_menu}"=="Customers"</arg>
<arg>Sleep</arg>
<arg>2s</arg>
<doc>Runs the given keyword with the given arguments, if ``condition`` is true.</doc>
<status status="PASS" start="2026-03-13T09:57:48.166623" elapsed="2.002528"/>
</kw>
<arg>Customers</arg>
<status status="PASS" start="2026-03-13T09:57:47.983195" elapsed="2.186096"/>
</kw>
<kw name="Get WebElements" owner="SeleniumLibrary">
<msg time="2026-03-13T09:57:50.181233" level="INFO">${web_elems} = [&lt;selenium.webdriver.remote.webelement.WebElement (session="f67a2c18b013cef94721da0862b03580", element="f.DB3076C69B2C4DD1A252FF3B394197B0.d.9BF24894010921A39B24D66BC45DB1E9.e.323")&gt;, &lt;selenium.webdri...</msg>
<var>${web_elems}</var>
<arg>//tbody//tr</arg>
<doc>Returns a list of WebElement objects matching the ``locator``.</doc>
<status status="PASS" start="2026-03-13T09:57:50.169557" elapsed="0.011781"/>
</kw>
<for flavor="IN ENUMERATE">
<iter>
<kw name="Get Text" owner="SeleniumLibrary">
<msg time="2026-03-13T09:57:50.200782" level="INFO">${name} = L
Leanne Graham</msg>
<var>${name}</var>
<arg>((//tbody//tr)[${i+1}]//td)[2]</arg>
<doc>Returns the text value of the element identified by ``locator``.</doc>
<status status="PASS" start="2026-03-13T09:57:50.182153" elapsed="0.018768"/>
</kw>
<kw name="Clean Text" owner="App">
<if>
<branch type="IF" condition="&quot;\\n&quot; in &quot;&quot;&quot;${text}&quot;&quot;&quot;">
<kw name="Evaluate" owner="BuiltIn">
<msg time="2026-03-13T09:57:50.202696" level="INFO">${text} = Leanne Graham</msg>
<var>${text}</var>
<arg>"""${text}""".replace("\\n","")[1:]</arg>
<doc>Evaluates the given expression in Python and returns the result.</doc>
<status status="PASS" start="2026-03-13T09:57:50.202116" elapsed="0.000823"/>
</kw>
<status status="PASS" start="2026-03-13T09:57:50.201744" elapsed="0.001284"/>
</branch>
<status status="PASS" start="2026-03-13T09:57:50.201710" elapsed="0.001374"/>
</if>
<kw name="Return From Keyword" owner="BuiltIn">
<msg time="2026-03-13T09:57:50.203600" level="INFO">Returning from the enclosing user keyword.</msg>
<arg>${text}</arg>
<doc>Returns from the enclosing user keyword.</doc>
<status status="PASS" start="2026-03-13T09:57:50.203265" elapsed="0.000416"/>
</kw>
<msg time="2026-03-13T09:57:50.203898" level="INFO">${name} = Leanne Graham</msg>
<var>${name}</var>
<arg>${name}</arg>
<status status="PASS" start="2026-03-13T09:57:50.201311" elapsed="0.002624"/>
</kw>
<kw name="Return From Keyword If" owner="BuiltIn">
<msg time="2026-03-13T09:57:50.205750" level="INFO">Returning from the enclosing user keyword.</msg>
<arg>"${user["first_name"]} ${user["last_name"]}"=="${name}"</arg>
<arg>${i+1}</arg>
<doc>Returns from the enclosing user keyword if ``condition`` is true.</doc>
<status status="PASS" start="2026-03-13T09:57:50.204106" elapsed="0.001745"/>
</kw>
<var name="${i}">0</var>
<var name="${elem}">&lt;selenium.webdriver.remote.webelement.WebElement (session="f67a2c18b013cef94721da0862b03580", element="f.DB3076C69B2C4DD1A252FF3B394197B0.d.9BF24894010921A39B24D66BC45DB1E9.e.323")&gt;</var>
<status status="PASS" start="2026-03-13T09:57:50.181913" elapsed="0.024026"/>
</iter>
<var>${i}</var>
<var>${elem}</var>
<value>@{web_elems}</value>
<status status="PASS" start="2026-03-13T09:57:50.181514" elapsed="0.024501"/>
</for>
<msg time="2026-03-13T09:57:50.206615" level="INFO">${user_row} = 1</msg>
<var>${user_row}</var>
<arg>${user}</arg>
<status status="PASS" start="2026-03-13T09:57:47.982149" elapsed="2.224505"/>
</kw>
<kw name="Wait Until Element Is Visible" owner="SeleniumLibrary">
<arg>((//tbody//tr)[${user_row}]//td)[2]</arg>
<doc>Waits until the element ``locator`` is visible.</doc>
<status status="PASS" start="2026-03-13T09:57:50.206857" elapsed="0.014214"/>
</kw>
<kw name="Click Element" owner="SeleniumLibrary">
<msg time="2026-03-13T09:57:50.221855" level="INFO">Clicking element '((//tbody//tr)[1]//td)[2]'.</msg>
<arg>((//tbody//tr)[${user_row}]//td)[2]</arg>
<doc>Click the element identified by ``locator``.</doc>
<status status="PASS" start="2026-03-13T09:57:50.221426" elapsed="0.084270"/>
</kw>
<kw name="Wait Until Element Is Visible" owner="SeleniumLibrary">
<arg>${cust_txt_first_name}</arg>
<doc>Waits until the element ``locator`` is visible.</doc>
<status status="PASS" start="2026-03-13T09:57:50.306098" elapsed="0.099504"/>
</kw>
<kw name="Create List" owner="BuiltIn">
<msg time="2026-03-13T09:57:50.407104" level="INFO">${locators} = ['//input[@name="first_name"]', '//input[@name="last_name"]', '//input[@name="email"]', '//input[@name="birthday"]', '//textarea[@name="address"]', '//input[@name="city"]', '//input[@name="stateAbbr"]...</msg>
<var>${locators}</var>
<arg>${cust_txt_first_name}</arg>
<arg>${cust_txt_last_name}</arg>
<arg>${cust_txt_email}</arg>
<arg>${cust_txt_birthday}</arg>
<arg>${cust_txt_address}</arg>
<arg>${cust_txt_city}</arg>
<arg>${cust_txt_stateAbbr}</arg>
<arg>${cust_txt_zipcode}</arg>
<arg>${cust_txt_password}</arg>
<arg>${cust_txt_confirm_password}</arg>
<doc>Returns a list containing given items.</doc>
<status status="PASS" start="2026-03-13T09:57:50.405938" elapsed="0.001233"/>
</kw>
<kw name="Create List" owner="BuiltIn">
<msg time="2026-03-13T09:57:50.412751" level="INFO">${expected_values} = ['Leanne', 'Graham', 'Sincere@april.biz', '01/04/2005', 'Kulas Light Apt. 556', 'Gwenborough', 'KAG', '92998-3874', 'cTb%im9l', 'cTb%im9l']</msg>
<var>${expected_values}</var>
<arg>${user['first_name']}</arg>
<arg>${user['last_name']}</arg>
<arg>${user['email']}</arg>
<arg>${user['birthday']}</arg>
<arg>${user['address']['street']} ${user["address"]['suite']}</arg>
<arg>${user['address']['city']}</arg>
<arg>${user['address']['stateAbbr']}</arg>
<arg>${user['address']['zipcode']}</arg>
<arg>${user['password']}</arg>
<arg>${user['password']}</arg>
<doc>Returns a list containing given items.</doc>
<status status="PASS" start="2026-03-13T09:57:50.407442" elapsed="0.005672"/>
</kw>
<for flavor="IN ENUMERATE">
<iter>
<kw name="Mouse Over" owner="SeleniumLibrary">
<msg time="2026-03-13T09:57:50.415358" level="INFO">Simulating Mouse Over on element '//input[@name="first_name"]'.</msg>
<arg>${locator}</arg>
<doc>Simulates hovering the mouse over the element ``locator``.</doc>
<status status="PASS" start="2026-03-13T09:57:50.414174" elapsed="0.290832"/>
</kw>
<kw name="Get Value" owner="SeleniumLibrary">
<msg time="2026-03-13T09:57:50.734251" level="INFO">${value_text} = Leanne</msg>
<var>${value_text}</var>
<arg>${locator}</arg>
<doc>Returns the value attribute of the element identified by ``locator``.</doc>
<status status="PASS" start="2026-03-13T09:57:50.705628" elapsed="0.028697"/>
</kw>
<if>
<branch type="IF" condition="'${locator}'=='${cust_txt_birthday}'">
<kw name="Format Birthday" owner="Customers">
<var>${value_text}</var>
<arg>${value_text}</arg>
<status status="NOT RUN" start="2026-03-13T09:57:50.734931" elapsed="0.000049"/>
</kw>
<status status="NOT RUN" start="2026-03-13T09:57:50.734515" elapsed="0.000520"/>
</branch>
<status status="PASS" start="2026-03-13T09:57:50.734473" elapsed="0.000608"/>
</if>
<kw name="Should Be Equal As Strings" owner="BuiltIn">
<arg>${expected_values[${i}]}</arg>
<arg>${value_text}</arg>
<doc>Fails if objects are unequal after converting them to strings.</doc>
<status status="PASS" start="2026-03-13T09:57:50.735213" elapsed="0.001126"/>
</kw>
<var name="${i}">0</var>
<var name="${locator}">//input[@name="first_name"]</var>
<status status="PASS" start="2026-03-13T09:57:50.413903" elapsed="0.322532"/>
</iter>
<iter>
<kw name="Mouse Over" owner="SeleniumLibrary">
<msg time="2026-03-13T09:57:50.737146" level="INFO">Simulating Mouse Over on element '//input[@name="last_name"]'.</msg>
<arg>${locator}</arg>
<doc>Simulates hovering the mouse over the element ``locator``.</doc>
<status status="PASS" start="2026-03-13T09:57:50.736862" elapsed="0.271679"/>
</kw>
<kw name="Get Value" owner="SeleniumLibrary">
<msg time="2026-03-13T09:57:51.024185" level="INFO">${value_text} = Graham</msg>
<var>${value_text}</var>
<arg>${locator}</arg>
<doc>Returns the value attribute of the element identified by ``locator``.</doc>
<status status="PASS" start="2026-03-13T09:57:51.009049" elapsed="0.015262"/>
</kw>
<if>
<branch type="IF" condition="'${locator}'=='${cust_txt_birthday}'">
<kw name="Format Birthday" owner="Customers">
<var>${value_text}</var>
<arg>${value_text}</arg>
<status status="NOT RUN" start="2026-03-13T09:57:51.025427" elapsed="0.000107"/>
</kw>
<status status="NOT RUN" start="2026-03-13T09:57:51.024632" elapsed="0.001033"/>
</branch>
<status status="PASS" start="2026-03-13T09:57:51.024558" elapsed="0.001215"/>
</if>
<kw name="Should Be Equal As Strings" owner="BuiltIn">
<arg>${expected_values[${i}]}</arg>
<arg>${value_text}</arg>
<doc>Fails if objects are unequal after converting them to strings.</doc>
<status status="PASS" start="2026-03-13T09:57:51.026050" elapsed="0.002397"/>
</kw>
<var name="${i}">1</var>
<var name="${locator}">//input[@name="last_name"]</var>
<status status="PASS" start="2026-03-13T09:57:50.736690" elapsed="0.291925"/>
</iter>
<iter>
<kw name="Mouse Over" owner="SeleniumLibrary">
<msg time="2026-03-13T09:57:51.029975" level="INFO">Simulating Mouse Over on element '//input[@name="email"]'.</msg>
<arg>${locator}</arg>
<doc>Simulates hovering the mouse over the element ``locator``.</doc>
<status status="PASS" start="2026-03-13T09:57:51.029441" elapsed="0.269170"/>
</kw>
<kw name="Get Value" owner="SeleniumLibrary">
<msg time="2026-03-13T09:57:51.310777" level="INFO">${value_text} = Sincere@april.biz</msg>
<var>${value_text}</var>
<arg>${locator}</arg>
<doc>Returns the value attribute of the element identified by ``locator``.</doc>
<status status="PASS" start="2026-03-13T09:57:51.298966" elapsed="0.011895"/>
</kw>
<if>
<branch type="IF" condition="'${locator}'=='${cust_txt_birthday}'">
<kw name="Format Birthday" owner="Customers">
<var>${value_text}</var>
<arg>${value_text}</arg>
<status status="NOT RUN" start="2026-03-13T09:57:51.311571" elapsed="0.000063"/>
</kw>
<status status="NOT RUN" start="2026-03-13T09:57:51.311077" elapsed="0.000629"/>
</branch>
<status status="PASS" start="2026-03-13T09:57:51.311027" elapsed="0.000738"/>
</if>
<kw name="Should Be Equal As Strings" owner="BuiltIn">
<arg>${expected_values[${i}]}</arg>
<arg>${value_text}</arg>
<doc>Fails if objects are unequal after converting them to strings.</doc>
<status status="PASS" start="2026-03-13T09:57:51.311926" elapsed="0.001322"/>
</kw>
<var name="${i}">2</var>
<var name="${locator}">//input[@name="email"]</var>
<status status="PASS" start="2026-03-13T09:57:51.029128" elapsed="0.284207"/>
</iter>
<iter>
<kw name="Mouse Over" owner="SeleniumLibrary">
<msg time="2026-03-13T09:57:51.314092" level="INFO">Simulating Mouse Over on element '//input[@name="birthday"]'.</msg>
<arg>${locator}</arg>
<doc>Simulates hovering the mouse over the element ``locator``.</doc>
<status status="PASS" start="2026-03-13T09:57:51.313786" elapsed="0.266093"/>
</kw>
<kw name="Get Value" owner="SeleniumLibrary">
<msg time="2026-03-13T09:57:51.595996" level="INFO">${value_text} = 2005-01-04</msg>
<var>${value_text}</var>
<arg>${locator}</arg>
<doc>Returns the value attribute of the element identified by ``locator``.</doc>
<status status="PASS" start="2026-03-13T09:57:51.580578" elapsed="0.015564"/>
</kw>
<if>
<branch type="IF" condition="'${locator}'=='${cust_txt_birthday}'">
<kw name="Format Birthday" owner="Customers">
<kw name="Evaluate" owner="BuiltIn">
<msg time="2026-03-13T09:57:51.599878" level="INFO">${formatted} = 01/04/2005</msg>
<var>${formatted}</var>
<arg>"/".join("${date}".split("-")[1:]+["${date}".split("-")[0]])</arg>
<doc>Evaluates the given expression in Python and returns the result.</doc>
<status status="PASS" start="2026-03-13T09:57:51.598517" elapsed="0.001475"/>
</kw>
<return>
<value>${formatted}</value>
<status status="PASS" start="2026-03-13T09:57:51.600211" elapsed="0.000145"/>
</return>
<msg time="2026-03-13T09:57:51.600809" level="INFO">${value_text} = 01/04/2005</msg>
<var>${value_text}</var>
<arg>${value_text}</arg>
<status status="PASS" start="2026-03-13T09:57:51.597458" elapsed="0.003446"/>
</kw>
<status status="PASS" start="2026-03-13T09:57:51.596514" elapsed="0.004542"/>
</branch>
<status status="PASS" start="2026-03-13T09:57:51.596429" elapsed="0.004753"/>
</if>
<kw name="Should Be Equal As Strings" owner="BuiltIn">
<arg>${expected_values[${i}]}</arg>
<arg>${value_text}</arg>
<doc>Fails if objects are unequal after converting them to strings.</doc>
<status status="PASS" start="2026-03-13T09:57:51.601511" elapsed="0.002686"/>
</kw>
<var name="${i}">3</var>
<var name="${locator}">//input[@name="birthday"]</var>
<status status="PASS" start="2026-03-13T09:57:51.313617" elapsed="0.290777"/>
</iter>
<iter>
<kw name="Mouse Over" owner="SeleniumLibrary">
<msg time="2026-03-13T09:57:51.606257" level="INFO">Simulating Mouse Over on element '//textarea[@name="address"]'.</msg>
<arg>${locator}</arg>
<doc>Simulates hovering the mouse over the element ``locator``.</doc>
<status status="PASS" start="2026-03-13T09:57:51.605492" elapsed="0.290763"/>
</kw>
<kw name="Get Value" owner="SeleniumLibrary">
<msg time="2026-03-13T09:57:51.910271" level="INFO">${value_text} = Kulas Light Apt. 556</msg>
<var>${value_text}</var>
<arg>${locator}</arg>
<doc>Returns the value attribute of the element identified by ``locator``.</doc>
<status status="PASS" start="2026-03-13T09:57:51.896604" elapsed="0.013743"/>
</kw>
<if>
<branch type="IF" condition="'${locator}'=='${cust_txt_birthday}'">
<kw name="Format Birthday" owner="Customers">
<var>${value_text}</var>
<arg>${value_text}</arg>
<status status="NOT RUN" start="2026-03-13T09:57:51.910995" elapsed="0.000051"/>
</kw>
<status status="NOT RUN" start="2026-03-13T09:57:51.910546" elapsed="0.000558"/>
</branch>
<status status="PASS" start="2026-03-13T09:57:51.910498" elapsed="0.000655"/>
</if>
<kw name="Should Be Equal As Strings" owner="BuiltIn">
<arg>${expected_values[${i}]}</arg>
<arg>${value_text}</arg>
<doc>Fails if objects are unequal after converting them to strings.</doc>
<status status="PASS" start="2026-03-13T09:57:51.911287" elapsed="0.001123"/>
</kw>
<var name="${i}">4</var>
<var name="${locator}">//textarea[@name="address"]</var>
<status status="PASS" start="2026-03-13T09:57:51.605060" elapsed="0.307418"/>
</iter>
<iter>
<kw name="Mouse Over" owner="SeleniumLibrary">
<msg time="2026-03-13T09:57:51.913101" level="INFO">Simulating Mouse Over on element '//input[@name="city"]'.</msg>
<arg>${locator}</arg>
<doc>Simulates hovering the mouse over the element ``locator``.</doc>
<status status="PASS" start="2026-03-13T09:57:51.912849" elapsed="0.268872"/>
</kw>
<kw name="Get Value" owner="SeleniumLibrary">
<msg time="2026-03-13T09:57:52.196825" level="INFO">${value_text} = Gwenborough</msg>
<var>${value_text}</var>
<arg>${locator}</arg>
<doc>Returns the value attribute of the element identified by ``locator``.</doc>
<status status="PASS" start="2026-03-13T09:57:52.182067" elapsed="0.014842"/>
</kw>
<if>
<branch type="IF" condition="'${locator}'=='${cust_txt_birthday}'">
<kw name="Format Birthday" owner="Customers">
<var>${value_text}</var>
<arg>${value_text}</arg>
<status status="NOT RUN" start="2026-03-13T09:57:52.197638" elapsed="0.000075"/>
</kw>
<status status="NOT RUN" start="2026-03-13T09:57:52.197126" elapsed="0.000671"/>
</branch>
<status status="PASS" start="2026-03-13T09:57:52.197076" elapsed="0.000797"/>
</if>
<kw name="Should Be Equal As Strings" owner="BuiltIn">
<arg>${expected_values[${i}]}</arg>
<arg>${value_text}</arg>
<doc>Fails if objects are unequal after converting them to strings.</doc>
<status status="PASS" start="2026-03-13T09:57:52.198067" elapsed="0.001507"/>
</kw>
<var name="${i}">5</var>
<var name="${locator}">//input[@name="city"]</var>
<status status="PASS" start="2026-03-13T09:57:51.912705" elapsed="0.286997"/>
</iter>
<iter>
<kw name="Mouse Over" owner="SeleniumLibrary">
<msg time="2026-03-13T09:57:52.200558" level="INFO">Simulating Mouse Over on element '//input[@name="stateAbbr"]'.</msg>
<arg>${locator}</arg>
<doc>Simulates hovering the mouse over the element ``locator``.</doc>
<status status="PASS" start="2026-03-13T09:57:52.200230" elapsed="0.269774"/>
</kw>
<kw name="Get Value" owner="SeleniumLibrary">
<msg time="2026-03-13T09:57:52.488491" level="INFO">${value_text} = KAG</msg>
<var>${value_text}</var>
<arg>${locator}</arg>
<doc>Returns the value attribute of the element identified by ``locator``.</doc>
<status status="PASS" start="2026-03-13T09:57:52.470647" elapsed="0.017988"/>
</kw>
<if>
<branch type="IF" condition="'${locator}'=='${cust_txt_birthday}'">
<kw name="Format Birthday" owner="Customers">
<var>${value_text}</var>
<arg>${value_text}</arg>
<status status="NOT RUN" start="2026-03-13T09:57:52.489911" elapsed="0.000122"/>
</kw>
<status status="NOT RUN" start="2026-03-13T09:57:52.488997" elapsed="0.001188"/>
</branch>
<status status="PASS" start="2026-03-13T09:57:52.488913" elapsed="0.001421"/>
</if>
<kw name="Should Be Equal As Strings" owner="BuiltIn">
<arg>${expected_values[${i}]}</arg>
<arg>${value_text}</arg>
<doc>Fails if objects are unequal after converting them to strings.</doc>
<status status="PASS" start="2026-03-13T09:57:52.490657" elapsed="0.003327"/>
</kw>
<var name="${i}">6</var>
<var name="${locator}">//input[@name="stateAbbr"]</var>
<status status="PASS" start="2026-03-13T09:57:52.200020" elapsed="0.294194"/>
</iter>
<iter>
<kw name="Mouse Over" owner="SeleniumLibrary">
<msg time="2026-03-13T09:57:52.496245" level="INFO">Simulating Mouse Over on element '//input[@name="zipcode"]'.</msg>
<arg>${locator}</arg>
<doc>Simulates hovering the mouse over the element ``locator``.</doc>
<status status="PASS" start="2026-03-13T09:57:52.495544" elapsed="0.270742"/>
</kw>
<kw name="Get Value" owner="SeleniumLibrary">
<msg time="2026-03-13T09:57:52.787548" level="INFO">${value_text} = 92998-3874</msg>
<var>${value_text}</var>
<arg>${locator}</arg>
<doc>Returns the value attribute of the element identified by ``locator``.</doc>
<status status="PASS" start="2026-03-13T09:57:52.766869" elapsed="0.020823"/>
</kw>
<if>
<branch type="IF" condition="'${locator}'=='${cust_txt_birthday}'">
<kw name="Format Birthday" owner="Customers">
<var>${value_text}</var>
<arg>${value_text}</arg>
<status status="NOT RUN" start="2026-03-13T09:57:52.788989" elapsed="0.000123"/>
</kw>
<status status="NOT RUN" start="2026-03-13T09:57:52.788065" elapsed="0.001200"/>
</branch>
<status status="PASS" start="2026-03-13T09:57:52.787978" elapsed="0.001413"/>
</if>
<kw name="Should Be Equal As Strings" owner="BuiltIn">
<arg>${expected_values[${i}]}</arg>
<arg>${value_text}</arg>
<doc>Fails if objects are unequal after converting them to strings.</doc>
<status status="PASS" start="2026-03-13T09:57:52.789715" elapsed="0.002661"/>
</kw>
<var name="${i}">7</var>
<var name="${locator}">//input[@name="zipcode"]</var>
<status status="PASS" start="2026-03-13T09:57:52.495125" elapsed="0.297452"/>
</iter>
<iter>
<kw name="Mouse Over" owner="SeleniumLibrary">
<msg time="2026-03-13T09:57:52.794164" level="INFO">Simulating Mouse Over on element '//input[@name="password"]'.</msg>
<arg>${locator}</arg>
<doc>Simulates hovering the mouse over the element ``locator``.</doc>
<status status="PASS" start="2026-03-13T09:57:52.793549" elapsed="0.274741"/>
</kw>
<kw name="Get Value" owner="SeleniumLibrary">
<msg time="2026-03-13T09:57:53.087268" level="INFO">${value_text} = cTb%im9l</msg>
<var>${value_text}</var>
<arg>${locator}</arg>
<doc>Returns the value attribute of the element identified by ``locator``.</doc>
<status status="PASS" start="2026-03-13T09:57:53.068872" elapsed="0.018541"/>
</kw>
<if>
<branch type="IF" condition="'${locator}'=='${cust_txt_birthday}'">
<kw name="Format Birthday" owner="Customers">
<var>${value_text}</var>
<arg>${value_text}</arg>
<status status="NOT RUN" start="2026-03-13T09:57:53.088705" elapsed="0.000123"/>
</kw>
<status status="NOT RUN" start="2026-03-13T09:57:53.087787" elapsed="0.001191"/>
</branch>
<status status="PASS" start="2026-03-13T09:57:53.087701" elapsed="0.001400"/>
</if>
<kw name="Should Be Equal As Strings" owner="BuiltIn">
<arg>${expected_values[${i}]}</arg>
<arg>${value_text}</arg>
<doc>Fails if objects are unequal after converting them to strings.</doc>
<status status="PASS" start="2026-03-13T09:57:53.089423" elapsed="0.002799"/>
</kw>
<var name="${i}">8</var>
<var name="${locator}">//input[@name="password"]</var>
<status status="PASS" start="2026-03-13T09:57:52.793178" elapsed="0.299226"/>
</iter>
<iter>
<kw name="Mouse Over" owner="SeleniumLibrary">
<msg time="2026-03-13T09:57:53.093953" level="INFO">Simulating Mouse Over on element '//input[@name="confirm_password"]'.</msg>
<arg>${locator}</arg>
<doc>Simulates hovering the mouse over the element ``locator``.</doc>
<status status="PASS" start="2026-03-13T09:57:53.093349" elapsed="0.272030"/>
</kw>
<kw name="Get Value" owner="SeleniumLibrary">
<msg time="2026-03-13T09:57:53.386193" level="INFO">${value_text} = cTb%im9l</msg>
<var>${value_text}</var>
<arg>${locator}</arg>
<doc>Returns the value attribute of the element identified by ``locator``.</doc>
<status status="PASS" start="2026-03-13T09:57:53.365931" elapsed="0.020418"/>
</kw>
<if>
<branch type="IF" condition="'${locator}'=='${cust_txt_birthday}'">
<kw name="Format Birthday" owner="Customers">
<var>${value_text}</var>
<arg>${value_text}</arg>
<status status="NOT RUN" start="2026-03-13T09:57:53.387539" elapsed="0.000109"/>
</kw>
<status status="NOT RUN" start="2026-03-13T09:57:53.386699" elapsed="0.001081"/>
</branch>
<status status="PASS" start="2026-03-13T09:57:53.386619" elapsed="0.001267"/>
</if>
<kw name="Should Be Equal As Strings" owner="BuiltIn">
<arg>${expected_values[${i}]}</arg>
<arg>${value_text}</arg>
<doc>Fails if objects are unequal after converting them to strings.</doc>
<status status="PASS" start="2026-03-13T09:57:53.388178" elapsed="0.002423"/>
</kw>
<var name="${i}">9</var>
<var name="${locator}">//input[@name="confirm_password"]</var>
<status status="PASS" start="2026-03-13T09:57:53.092999" elapsed="0.297765"/>
</iter>
<var>${i}</var>
<var>${locator}</var>
<value>@{locators}</value>
<status status="PASS" start="2026-03-13T09:57:50.413352" elapsed="2.977574"/>
</for>
<arg>${USERS[${i}]}</arg>
<status status="PASS" start="2026-03-13T09:57:47.979923" elapsed="5.411261"/>
</kw>
<var name="${i}">0</var>
<status status="PASS" start="2026-03-13T09:57:40.787747" elapsed="12.603564"/>
</iter>
<iter>
<kw name="Add A Customer" owner="Customers">
<kw name="Navigate" owner="App">
<kw name="Set Variable" owner="BuiltIn">
<msg time="2026-03-13T09:57:53.396198" level="INFO">${sub_menu_loc} = //a[descendant::p[text()="Customers"]]</msg>
<var>${sub_menu_loc}</var>
<arg>//a[descendant::p[text()="${sub_menu}"]]</arg>
<doc>Returns the given values which can then be assigned to a variables.</doc>
<status status="PASS" start="2026-03-13T09:57:53.395197" elapsed="0.001101"/>
</kw>
<kw name="Run Keyword And Return Status" owner="BuiltIn">
<kw name="Element Should Be Visible" owner="SeleniumLibrary">
<msg time="2026-03-13T09:57:53.420148" level="INFO">Element '//a[descendant::p[text()="Customers"]]' is displayed.</msg>
<arg>${sub_menu_loc}</arg>
<doc>Verifies that the element identified by ``locator`` is visible.</doc>
<status status="PASS" start="2026-03-13T09:57:53.397526" elapsed="0.022903"/>
</kw>
<msg time="2026-03-13T09:57:53.420822" level="INFO">${status} = True</msg>
<var>${status}</var>
<arg>Element Should Be Visible</arg>
<arg>${sub_menu_loc}</arg>
<doc>Runs the specified keyword and returns the status as a Boolean value.</doc>
<status status="PASS" start="2026-03-13T09:57:53.396671" elapsed="0.024237"/>
</kw>
<if>
<branch type="IF" condition="not ${status}">
<kw name="Get Parent Menu" owner="App">
<var>${parent_menu}</var>
<arg>${sub_menu}</arg>
<status status="NOT RUN" start="2026-03-13T09:57:53.421987" elapsed="0.000105"/>
</kw>
<kw name="Click Element" owner="SeleniumLibrary">
<arg>${parent_menu}</arg>
<doc>Click the element identified by ``locator``.</doc>
<status status="NOT RUN" start="2026-03-13T09:57:53.422475" elapsed="0.000088"/>
</kw>
<kw name="Wait Until Element Is Visible" owner="SeleniumLibrary">
<arg>${sub_menu_loc}</arg>
<doc>Waits until the element ``locator`` is visible.</doc>
<status status="NOT RUN" start="2026-03-13T09:57:53.422880" elapsed="0.000083"/>
</kw>
<status status="NOT RUN" start="2026-03-13T09:57:53.421198" elapsed="0.001878"/>
</branch>
<status status="PASS" start="2026-03-13T09:57:53.421120" elapsed="0.002072"/>
</if>
<kw name="Click Element" owner="SeleniumLibrary">
<msg time="2026-03-13T09:57:53.424047" level="INFO">Clicking element '//a[descendant::p[text()="Customers"]]'.</msg>
<arg>${sub_menu_loc}</arg>
<doc>Click the element identified by ``locator``.</doc>
<status status="PASS" start="2026-03-13T09:57:53.423445" elapsed="0.107534"/>
</kw>
<kw name="Wait Until Element Is Visible" owner="SeleniumLibrary">
<arg>//h6[//span[text()="${sub_menu}"]]</arg>
<doc>Waits until the element ``locator`` is visible.</doc>
<status status="PASS" start="2026-03-13T09:57:53.531504" elapsed="0.255731"/>
</kw>
<kw name="Run Keyword If" owner="BuiltIn">
<kw name="Sleep" owner="BuiltIn">
<msg time="2026-03-13T09:57:55.789507" level="INFO">Slept 2 seconds.</msg>
<arg>2s</arg>
<doc>Pauses the test executed for the given time.</doc>
<status status="PASS" start="2026-03-13T09:57:53.788440" elapsed="2.001379"/>
</kw>
<arg>"${sub_menu}"=="Customers"</arg>
<arg>Sleep</arg>
<arg>2s</arg>
<doc>Runs the given keyword with the given arguments, if ``condition`` is true.</doc>
<status status="PASS" start="2026-03-13T09:57:53.787620" elapsed="2.002437"/>
</kw>
<arg>Customers</arg>
<status status="PASS" start="2026-03-13T09:57:53.394453" elapsed="2.396047"/>
</kw>
<kw name="Open Create Modal" owner="Customers">
<kw name="Click Element" owner="SeleniumLibrary">
<msg time="2026-03-13T09:57:55.792476" level="INFO">Clicking element '//a[text()="Create"]'.</msg>
<arg>//a[text()="Create"]</arg>
<doc>Click the element identified by ``locator``.</doc>
<status status="PASS" start="2026-03-13T09:57:55.791944" elapsed="0.103457"/>
</kw>
<kw name="Wait Until Element Is Visible" owner="SeleniumLibrary">
<arg>//h6[descendant::span[text()="Create Customer"]]</arg>
<doc>Waits until the element ``locator`` is visible.</doc>
<status status="PASS" start="2026-03-13T09:57:55.896977" elapsed="0.075749"/>
</kw>
<status status="PASS" start="2026-03-13T09:57:55.791076" elapsed="0.181849"/>
</kw>
<kw name="Input Text" owner="SeleniumLibrary">
<msg time="2026-03-13T09:57:55.974201" level="INFO">Typing text 'Ervin' into text field '//input[@name="first_name"]'.</msg>
<arg>${cust_txt_first_name}</arg>
<arg>${user['first_name']}</arg>
<doc>Types the given ``text`` into the text field identified by ``locator``.</doc>
<status status="PASS" start="2026-03-13T09:57:55.973167" elapsed="0.099261"/>
</kw>
<kw name="Input Text" owner="SeleniumLibrary">
<msg time="2026-03-13T09:57:56.073750" level="INFO">Typing text 'Howell' into text field '//input[@name="last_name"]'.</msg>
<arg>${cust_txt_last_name}</arg>
<arg>${user['last_name']}</arg>
<doc>Types the given ``text`` into the text field identified by ``locator``.</doc>
<status status="PASS" start="2026-03-13T09:57:56.072733" elapsed="0.110579"/>
</kw>
<kw name="Input Text" owner="SeleniumLibrary">
<msg time="2026-03-13T09:57:56.185118" level="INFO">Typing text 'Shanna@melissa.tv' into text field '//input[@name="email"]'.</msg>
<arg>${cust_txt_email}</arg>
<arg>${user['email']}</arg>
<doc>Types the given ``text`` into the text field identified by ``locator``.</doc>
<status status="PASS" start="2026-03-13T09:57:56.183732" elapsed="0.205967"/>
</kw>
<kw name="Input Text" owner="SeleniumLibrary">
<msg time="2026-03-13T09:57:56.391020" level="INFO">Typing text '02/25/2006' into text field '//input[@name="birthday"]'.</msg>
<arg>${cust_txt_birthday}</arg>
<arg>${user['birthday']}</arg>
<doc>Types the given ``text`` into the text field identified by ``locator``.</doc>
<status status="PASS" start="2026-03-13T09:57:56.390026" elapsed="0.098806"/>
</kw>
<kw name="Input Text" owner="SeleniumLibrary">
<msg time="2026-03-13T09:57:56.490306" level="INFO">Typing text 'Victor Plains Suite 879' into text field '//textarea[@name="address"]'.</msg>
<arg>${cust_txt_address}</arg>
<arg>${user['address']['street']} ${user["address"]['suite']}</arg>
<doc>Types the given ``text`` into the text field identified by ``locator``.</doc>
<status status="PASS" start="2026-03-13T09:57:56.489130" elapsed="0.137434"/>
</kw>
<kw name="Input Text" owner="SeleniumLibrary">
<msg time="2026-03-13T09:57:56.628285" level="INFO">Typing text 'Wisokyburgh' into text field '//input[@name="city"]'.</msg>
<arg>${cust_txt_city}</arg>
<arg>${user['address']['city']}</arg>
<doc>Types the given ``text`` into the text field identified by ``locator``.</doc>
<status status="PASS" start="2026-03-13T09:57:56.626901" elapsed="0.110378"/>
</kw>
<kw name="Input Text" owner="SeleniumLibrary">
<msg time="2026-03-13T09:57:56.738514" level="INFO">Typing text 'VSW' into text field '//input[@name="stateAbbr"]'.</msg>
<arg>${cust_txt_stateAbbr}</arg>
<arg>${user['address']['stateAbbr']}</arg>
<doc>Types the given ``text`` into the text field identified by ``locator``.</doc>
<status status="PASS" start="2026-03-13T09:57:56.737605" elapsed="0.090507"/>
</kw>
<kw name="Input Text" owner="SeleniumLibrary">
<msg time="2026-03-13T09:57:56.829976" level="INFO">Typing text '90566-7771' into text field '//input[@name="zipcode"]'.</msg>
<arg>${cust_txt_zipcode}</arg>
<arg>${user['address']['zipcode']}</arg>
<doc>Types the given ``text`` into the text field identified by ``locator``.</doc>
<status status="PASS" start="2026-03-13T09:57:56.828603" elapsed="0.109720"/>
</kw>
<kw name="Input Text" owner="SeleniumLibrary">
<msg time="2026-03-13T09:57:56.940013" level="INFO">Typing text 'QkQzdFEg' into text field '//input[@name="password"]'.</msg>
<arg>${cust_txt_password}</arg>
<arg>${user['password']}</arg>
<doc>Types the given ``text`` into the text field identified by ``locator``.</doc>
<status status="PASS" start="2026-03-13T09:57:56.938725" elapsed="0.112156"/>
</kw>
<kw name="Input Text" owner="SeleniumLibrary">
<msg time="2026-03-13T09:57:57.052396" level="INFO">Typing text 'QkQzdFEg' into text field '//input[@name="confirm_password"]'.</msg>
<arg>${cust_txt_confirm_password}</arg>
<arg>${user['password']}</arg>
<doc>Types the given ``text`` into the text field identified by ``locator``.</doc>
<status status="PASS" start="2026-03-13T09:57:57.051229" elapsed="0.108215"/>
</kw>
<kw name="Click Element" owner="SeleniumLibrary">
<msg time="2026-03-13T09:57:57.160138" level="INFO">Clicking element '//button[@aria-label="Save"]'.</msg>
<arg>${customers_btn_save}</arg>
<doc>Click the element identified by ``locator``.</doc>
<status status="PASS" start="2026-03-13T09:57:57.159747" elapsed="0.093071"/>
</kw>
<kw name="Wait Until Element Is Visible" owner="SeleniumLibrary">
<arg>//div[text()="Customer created"]</arg>
<doc>Waits until the element ``locator`` is visible.</doc>
<status status="PASS" start="2026-03-13T09:57:57.253201" elapsed="0.462518"/>
</kw>
<arg>${USERS[${i}]}</arg>
<status status="PASS" start="2026-03-13T09:57:53.392218" elapsed="4.323748"/>
</kw>
<kw name="Verify If Customer Is Added In The Table" owner="Customers">
<kw name="Get Customer Row" owner="Customers">
<kw name="Navigate" owner="App">
<kw name="Set Variable" owner="BuiltIn">
<msg time="2026-03-13T09:57:57.719185" level="INFO">${sub_menu_loc} = //a[descendant::p[text()="Customers"]]</msg>
<var>${sub_menu_loc}</var>
<arg>//a[descendant::p[text()="${sub_menu}"]]</arg>
<doc>Returns the given values which can then be assigned to a variables.</doc>
<status status="PASS" start="2026-03-13T09:57:57.718673" elapsed="0.000563"/>
</kw>
<kw name="Run Keyword And Return Status" owner="BuiltIn">
<kw name="Element Should Be Visible" owner="SeleniumLibrary">
<msg time="2026-03-13T09:57:57.738154" level="INFO">Element '//a[descendant::p[text()="Customers"]]' is displayed.</msg>
<arg>${sub_menu_loc}</arg>
<doc>Verifies that the element identified by ``locator`` is visible.</doc>
<status status="PASS" start="2026-03-13T09:57:57.719819" elapsed="0.018548"/>
</kw>
<msg time="2026-03-13T09:57:57.738615" level="INFO">${status} = True</msg>
<var>${status}</var>
<arg>Element Should Be Visible</arg>
<arg>${sub_menu_loc}</arg>
<doc>Runs the specified keyword and returns the status as a Boolean value.</doc>
<status status="PASS" start="2026-03-13T09:57:57.719414" elapsed="0.019248"/>
</kw>
<if>
<branch type="IF" condition="not ${status}">
<kw name="Get Parent Menu" owner="App">
<var>${parent_menu}</var>
<arg>${sub_menu}</arg>
<status status="NOT RUN" start="2026-03-13T09:57:57.739320" elapsed="0.000054"/>
</kw>
<kw name="Click Element" owner="SeleniumLibrary">
<arg>${parent_menu}</arg>
<doc>Click the element identified by ``locator``.</doc>
<status status="NOT RUN" start="2026-03-13T09:57:57.739549" elapsed="0.000039"/>
</kw>
<kw name="Wait Until Element Is Visible" owner="SeleniumLibrary">
<arg>${sub_menu_loc}</arg>
<doc>Waits until the element ``locator`` is visible.</doc>
<status status="NOT RUN" start="2026-03-13T09:57:57.739722" elapsed="0.000037"/>
</kw>
<status status="NOT RUN" start="2026-03-13T09:57:57.738838" elapsed="0.000971"/>
</branch>
<status status="PASS" start="2026-03-13T09:57:57.738789" elapsed="0.001070"/>
</if>
<kw name="Click Element" owner="SeleniumLibrary">
<msg time="2026-03-13T09:57:57.740299" level="INFO">Clicking element '//a[descendant::p[text()="Customers"]]'.</msg>
<arg>${sub_menu_loc}</arg>
<doc>Click the element identified by ``locator``.</doc>
<status status="PASS" start="2026-03-13T09:57:57.739973" elapsed="0.076491"/>
</kw>
<kw name="Wait Until Element Is Visible" owner="SeleniumLibrary">
<arg>//h6[//span[text()="${sub_menu}"]]</arg>
<doc>Waits until the element ``locator`` is visible.</doc>
<status status="PASS" start="2026-03-13T09:57:57.817009" elapsed="0.258336"/>
</kw>
<kw name="Run Keyword If" owner="BuiltIn">
<kw name="Sleep" owner="BuiltIn">
<msg time="2026-03-13T09:58:00.077667" level="INFO">Slept 2 seconds.</msg>
<arg>2s</arg>
<doc>Pauses the test executed for the given time.</doc>
<status status="PASS" start="2026-03-13T09:57:58.076721" elapsed="2.001257"/>
</kw>
<arg>"${sub_menu}"=="Customers"</arg>
<arg>Sleep</arg>
<arg>2s</arg>
<doc>Runs the given keyword with the given arguments, if ``condition`` is true.</doc>
<status status="PASS" start="2026-03-13T09:57:58.075732" elapsed="2.002515"/>
</kw>
<arg>Customers</arg>
<status status="PASS" start="2026-03-13T09:57:57.718328" elapsed="2.360169"/>
</kw>
<kw name="Get WebElements" owner="SeleniumLibrary">
<msg time="2026-03-13T09:58:00.095105" level="INFO">${web_elems} = [&lt;selenium.webdriver.remote.webelement.WebElement (session="f67a2c18b013cef94721da0862b03580", element="f.DB3076C69B2C4DD1A252FF3B394197B0.d.9BF24894010921A39B24D66BC45DB1E9.e.628")&gt;, &lt;selenium.webdri...</msg>
<var>${web_elems}</var>
<arg>//tbody//tr</arg>
<doc>Returns a list of WebElement objects matching the ``locator``.</doc>
<status status="PASS" start="2026-03-13T09:58:00.078934" elapsed="0.016313"/>
</kw>
<for flavor="IN ENUMERATE">
<iter>
<kw name="Get Text" owner="SeleniumLibrary">
<msg time="2026-03-13T09:58:00.128338" level="INFO">${name} = E
Ervin Howell</msg>
<var>${name}</var>
<arg>((//tbody//tr)[${i+1}]//td)[2]</arg>
<doc>Returns the text value of the element identified by ``locator``.</doc>
<status status="PASS" start="2026-03-13T09:58:00.096469" elapsed="0.031993"/>
</kw>
<kw name="Clean Text" owner="App">
<if>
<branch type="IF" condition="&quot;\\n&quot; in &quot;&quot;&quot;${text}&quot;&quot;&quot;">
<kw name="Evaluate" owner="BuiltIn">
<msg time="2026-03-13T09:58:00.130562" level="INFO">${text} = Ervin Howell</msg>
<var>${text}</var>
<arg>"""${text}""".replace("\\n","")[1:]</arg>
<doc>Evaluates the given expression in Python and returns the result.</doc>
<status status="PASS" start="2026-03-13T09:58:00.129906" elapsed="0.000711"/>
</kw>
<status status="PASS" start="2026-03-13T09:58:00.129578" elapsed="0.001131"/>
</branch>
<status status="PASS" start="2026-03-13T09:58:00.129539" elapsed="0.001237"/>
</if>
<kw name="Return From Keyword" owner="BuiltIn">
<msg time="2026-03-13T09:58:00.131291" level="INFO">Returning from the enclosing user keyword.</msg>
<arg>${text}</arg>
<doc>Returns from the enclosing user keyword.</doc>
<status status="PASS" start="2026-03-13T09:58:00.130954" elapsed="0.000430"/>
</kw>
<msg time="2026-03-13T09:58:00.131628" level="INFO">${name} = Ervin Howell</msg>
<var>${name}</var>
<arg>${name}</arg>
<status status="PASS" start="2026-03-13T09:58:00.129023" elapsed="0.002650"/>
</kw>
<kw name="Return From Keyword If" owner="BuiltIn">
<msg time="2026-03-13T09:58:00.133547" level="INFO">Returning from the enclosing user keyword.</msg>
<arg>"${user["first_name"]} ${user["last_name"]}"=="${name}"</arg>
<arg>${i+1}</arg>
<doc>Returns from the enclosing user keyword if ``condition`` is true.</doc>
<status status="PASS" start="2026-03-13T09:58:00.131868" elapsed="0.001768"/>
</kw>
<var name="${i}">0</var>
<var name="${elem}">&lt;selenium.webdriver.remote.webelement.WebElement (session="f67a2c18b013cef94721da0862b03580", element="f.DB3076C69B2C4DD1A252FF3B394197B0.d.9BF24894010921A39B24D66BC45DB1E9.e.628")&gt;</var>
<status status="PASS" start="2026-03-13T09:58:00.096102" elapsed="0.037619"/>
</iter>
<var>${i}</var>
<var>${elem}</var>
<value>@{web_elems}</value>
<status status="PASS" start="2026-03-13T09:58:00.095511" elapsed="0.038303"/>
</for>
<msg time="2026-03-13T09:58:00.134519" level="INFO">${user_row} = 1</msg>
<var>${user_row}</var>
<arg>${user}</arg>
<status status="PASS" start="2026-03-13T09:57:57.717753" elapsed="2.416813"/>
</kw>
<kw name="Should Not Be Equal As Strings" owner="BuiltIn">
<msg time="2026-03-13T09:58:00.135211" level="INFO">Argument types are:
&lt;class 'str'&gt;
&lt;class 'int'&gt;</msg>
<arg>None</arg>
<arg>${user_row}</arg>
<doc>Fails if objects are equal after converting them to strings.</doc>
<status status="PASS" start="2026-03-13T09:58:00.134767" elapsed="0.000547"/>
</kw>
<arg>${USERS[${i}]}</arg>
<status status="PASS" start="2026-03-13T09:57:57.716329" elapsed="2.419103"/>
</kw>
<kw name="Verify Customer Identity Details" owner="Customers">
<kw name="Get Customer Row" owner="Customers">
<kw name="Navigate" owner="App">
<kw name="Set Variable" owner="BuiltIn">
<msg time="2026-03-13T09:58:00.138266" level="INFO">${sub_menu_loc} = //a[descendant::p[text()="Customers"]]</msg>
<var>${sub_menu_loc}</var>
<arg>//a[descendant::p[text()="${sub_menu}"]]</arg>
<doc>Returns the given values which can then be assigned to a variables.</doc>
<status status="PASS" start="2026-03-13T09:58:00.137799" elapsed="0.000515"/>
</kw>
<kw name="Run Keyword And Return Status" owner="BuiltIn">
<kw name="Element Should Be Visible" owner="SeleniumLibrary">
<msg time="2026-03-13T09:58:00.158858" level="INFO">Element '//a[descendant::p[text()="Customers"]]' is displayed.</msg>
<arg>${sub_menu_loc}</arg>
<doc>Verifies that the element identified by ``locator`` is visible.</doc>
<status status="PASS" start="2026-03-13T09:58:00.138873" elapsed="0.020150"/>
</kw>
<msg time="2026-03-13T09:58:00.159240" level="INFO">${status} = True</msg>
<var>${status}</var>
<arg>Element Should Be Visible</arg>
<arg>${sub_menu_loc}</arg>
<doc>Runs the specified keyword and returns the status as a Boolean value.</doc>
<status status="PASS" start="2026-03-13T09:58:00.138489" elapsed="0.020789"/>
</kw>
<if>
<branch type="IF" condition="not ${status}">
<kw name="Get Parent Menu" owner="App">
<var>${parent_menu}</var>
<arg>${sub_menu}</arg>
<status status="NOT RUN" start="2026-03-13T09:58:00.159853" elapsed="0.000056"/>
</kw>
<kw name="Click Element" owner="SeleniumLibrary">
<arg>${parent_menu}</arg>
<doc>Click the element identified by ``locator``.</doc>
<status status="NOT RUN" start="2026-03-13T09:58:00.160112" elapsed="0.000040"/>
</kw>
<kw name="Wait Until Element Is Visible" owner="SeleniumLibrary">
<arg>${sub_menu_loc}</arg>
<doc>Waits until the element ``locator`` is visible.</doc>
<status status="NOT RUN" start="2026-03-13T09:58:00.160287" elapsed="0.000036"/>
</kw>
<status status="NOT RUN" start="2026-03-13T09:58:00.159433" elapsed="0.000941"/>
</branch>
<status status="PASS" start="2026-03-13T09:58:00.159390" elapsed="0.001038"/>
</if>
<kw name="Click Element" owner="SeleniumLibrary">
<msg time="2026-03-13T09:58:00.160923" level="INFO">Clicking element '//a[descendant::p[text()="Customers"]]'.</msg>
<arg>${sub_menu_loc}</arg>
<doc>Click the element identified by ``locator``.</doc>
<status status="PASS" start="2026-03-13T09:58:00.160543" elapsed="0.099927"/>
</kw>
<kw name="Wait Until Element Is Visible" owner="SeleniumLibrary">
<arg>//h6[//span[text()="${sub_menu}"]]</arg>
<doc>Waits until the element ``locator`` is visible.</doc>
<status status="PASS" start="2026-03-13T09:58:00.260963" elapsed="0.039637"/>
</kw>
<kw name="Run Keyword If" owner="BuiltIn">
<kw name="Sleep" owner="BuiltIn">
<msg time="2026-03-13T09:58:02.302813" level="INFO">Slept 2 seconds.</msg>
<arg>2s</arg>
<doc>Pauses the test executed for the given time.</doc>
<status status="PASS" start="2026-03-13T09:58:00.301645" elapsed="2.001541"/>
</kw>
<arg>"${sub_menu}"=="Customers"</arg>
<arg>Sleep</arg>
<arg>2s</arg>
<doc>Runs the given keyword with the given arguments, if ``condition`` is true.</doc>
<status status="PASS" start="2026-03-13T09:58:00.300935" elapsed="2.002523"/>
</kw>
<arg>Customers</arg>
<status status="PASS" start="2026-03-13T09:58:00.137457" elapsed="2.166243"/>
</kw>
<kw name="Get WebElements" owner="SeleniumLibrary">
<msg time="2026-03-13T09:58:02.320088" level="INFO">${web_elems} = [&lt;selenium.webdriver.remote.webelement.WebElement (session="f67a2c18b013cef94721da0862b03580", element="f.DB3076C69B2C4DD1A252FF3B394197B0.d.9BF24894010921A39B24D66BC45DB1E9.e.628")&gt;, &lt;selenium.webdri...</msg>
<var>${web_elems}</var>
<arg>//tbody//tr</arg>
<doc>Returns a list of WebElement objects matching the ``locator``.</doc>
<status status="PASS" start="2026-03-13T09:58:02.304123" elapsed="0.016111"/>
</kw>
<for flavor="IN ENUMERATE">
<iter>
<kw name="Get Text" owner="SeleniumLibrary">
<msg time="2026-03-13T09:58:02.349866" level="INFO">${name} = E
Ervin Howell</msg>
<var>${name}</var>
<arg>((//tbody//tr)[${i+1}]//td)[2]</arg>
<doc>Returns the text value of the element identified by ``locator``.</doc>
<status status="PASS" start="2026-03-13T09:58:02.321462" elapsed="0.028543"/>
</kw>
<kw name="Clean Text" owner="App">
<if>
<branch type="IF" condition="&quot;\\n&quot; in &quot;&quot;&quot;${text}&quot;&quot;&quot;">
<kw name="Evaluate" owner="BuiltIn">
<msg time="2026-03-13T09:58:02.353222" level="INFO">${text} = Ervin Howell</msg>
<var>${text}</var>
<arg>"""${text}""".replace("\\n","")[1:]</arg>
<doc>Evaluates the given expression in Python and returns the result.</doc>
<status status="PASS" start="2026-03-13T09:58:02.352121" elapsed="0.001197"/>
</kw>
<status status="PASS" start="2026-03-13T09:58:02.351565" elapsed="0.001908"/>
</branch>
<status status="PASS" start="2026-03-13T09:58:02.351499" elapsed="0.002090"/>
</if>
<kw name="Return From Keyword" owner="BuiltIn">
<msg time="2026-03-13T09:58:02.354498" level="INFO">Returning from the enclosing user keyword.</msg>
<arg>${text}</arg>
<doc>Returns from the enclosing user keyword.</doc>
<status status="PASS" start="2026-03-13T09:58:02.353884" elapsed="0.000782"/>
</kw>
<msg time="2026-03-13T09:58:02.355076" level="INFO">${name} = Ervin Howell</msg>
<var>${name}</var>
<arg>${name}</arg>
<status status="PASS" start="2026-03-13T09:58:02.350751" elapsed="0.004406"/>
</kw>
<kw name="Return From Keyword If" owner="BuiltIn">
<msg time="2026-03-13T09:58:02.358585" level="INFO">Returning from the enclosing user keyword.</msg>
<arg>"${user["first_name"]} ${user["last_name"]}"=="${name}"</arg>
<arg>${i+1}</arg>
<doc>Returns from the enclosing user keyword if ``condition`` is true.</doc>
<status status="PASS" start="2026-03-13T09:58:02.355498" elapsed="0.003253"/>
</kw>
<var name="${i}">0</var>
<var name="${elem}">&lt;selenium.webdriver.remote.webelement.WebElement (session="f67a2c18b013cef94721da0862b03580", element="f.DB3076C69B2C4DD1A252FF3B394197B0.d.9BF24894010921A39B24D66BC45DB1E9.e.628")&gt;</var>
<status status="PASS" start="2026-03-13T09:58:02.321090" elapsed="0.037827"/>
</iter>
<var>${i}</var>
<var>${elem}</var>
<value>@{web_elems}</value>
<status status="PASS" start="2026-03-13T09:58:02.320502" elapsed="0.038582"/>
</for>
<msg time="2026-03-13T09:58:02.360388" level="INFO">${user_row} = 1</msg>
<var>${user_row}</var>
<arg>${user}</arg>
<status status="PASS" start="2026-03-13T09:58:00.136949" elapsed="2.223529"/>
</kw>
<kw name="Wait Until Element Is Visible" owner="SeleniumLibrary">
<arg>((//tbody//tr)[${user_row}]//td)[2]</arg>
<doc>Waits until the element ``locator`` is visible.</doc>
<status status="PASS" start="2026-03-13T09:58:02.360850" elapsed="0.023780"/>
</kw>
<kw name="Click Element" owner="SeleniumLibrary">
<msg time="2026-03-13T09:58:02.385862" level="INFO">Clicking element '((//tbody//tr)[1]//td)[2]'.</msg>
<arg>((//tbody//tr)[${user_row}]//td)[2]</arg>
<doc>Click the element identified by ``locator``.</doc>
<status status="PASS" start="2026-03-13T09:58:02.385165" elapsed="0.103342"/>
</kw>
<kw name="Wait Until Element Is Visible" owner="SeleniumLibrary">
<arg>${cust_txt_first_name}</arg>
<doc>Waits until the element ``locator`` is visible.</doc>
<status status="PASS" start="2026-03-13T09:58:02.489048" elapsed="0.258757"/>
</kw>
<kw name="Create List" owner="BuiltIn">
<msg time="2026-03-13T09:58:02.749202" level="INFO">${locators} = ['//input[@name="first_name"]', '//input[@name="last_name"]', '//input[@name="email"]', '//input[@name="birthday"]', '//textarea[@name="address"]', '//input[@name="city"]', '//input[@name="stateAbbr"]...</msg>
<var>${locators}</var>
<arg>${cust_txt_first_name}</arg>
<arg>${cust_txt_last_name}</arg>
<arg>${cust_txt_email}</arg>
<arg>${cust_txt_birthday}</arg>
<arg>${cust_txt_address}</arg>
<arg>${cust_txt_city}</arg>
<arg>${cust_txt_stateAbbr}</arg>
<arg>${cust_txt_zipcode}</arg>
<arg>${cust_txt_password}</arg>
<arg>${cust_txt_confirm_password}</arg>
<doc>Returns a list containing given items.</doc>
<status status="PASS" start="2026-03-13T09:58:02.748141" elapsed="0.001117"/>
</kw>
<kw name="Create List" owner="BuiltIn">
<msg time="2026-03-13T09:58:02.755644" level="INFO">${expected_values} = ['Ervin', 'Howell', 'Shanna@melissa.tv', '02/25/2006', 'Victor Plains Suite 879', 'Wisokyburgh', 'VSW', '90566-7771', 'QkQzdFEg', 'QkQzdFEg']</msg>
<var>${expected_values}</var>
<arg>${user['first_name']}</arg>
<arg>${user['last_name']}</arg>
<arg>${user['email']}</arg>
<arg>${user['birthday']}</arg>
<arg>${user['address']['street']} ${user["address"]['suite']}</arg>
<arg>${user['address']['city']}</arg>
<arg>${user['address']['stateAbbr']}</arg>
<arg>${user['address']['zipcode']}</arg>
<arg>${user['password']}</arg>
<arg>${user['password']}</arg>
<doc>Returns a list containing given items.</doc>
<status status="PASS" start="2026-03-13T09:58:02.749480" elapsed="0.006226"/>
</kw>
<for flavor="IN ENUMERATE">
<iter>
<kw name="Mouse Over" owner="SeleniumLibrary">
<msg time="2026-03-13T09:58:02.756714" level="INFO">Simulating Mouse Over on element '//input[@name="first_name"]'.</msg>
<arg>${locator}</arg>
<doc>Simulates hovering the mouse over the element ``locator``.</doc>
<status status="PASS" start="2026-03-13T09:58:02.756399" elapsed="0.272438"/>
</kw>
<kw name="Get Value" owner="SeleniumLibrary">
<msg time="2026-03-13T09:58:03.045282" level="INFO">${value_text} = Ervin</msg>
<var>${value_text}</var>
<arg>${locator}</arg>
<doc>Returns the value attribute of the element identified by ``locator``.</doc>
<status status="PASS" start="2026-03-13T09:58:03.029200" elapsed="0.016167"/>
</kw>
<if>
<branch type="IF" condition="'${locator}'=='${cust_txt_birthday}'">
<kw name="Format Birthday" owner="Customers">
<var>${value_text}</var>
<arg>${value_text}</arg>
<status status="NOT RUN" start="2026-03-13T09:58:03.046075" elapsed="0.000060"/>
</kw>
<status status="NOT RUN" start="2026-03-13T09:58:03.045585" elapsed="0.000620"/>
</branch>
<status status="PASS" start="2026-03-13T09:58:03.045534" elapsed="0.000745"/>
</if>
<kw name="Should Be Equal As Strings" owner="BuiltIn">
<arg>${expected_values[${i}]}</arg>
<arg>${value_text}</arg>
<doc>Fails if objects are unequal after converting them to strings.</doc>
<status status="PASS" start="2026-03-13T09:58:03.046441" elapsed="0.001390"/>
</kw>
<var name="${i}">0</var>
<var name="${locator}">//input[@name="first_name"]</var>
<status status="PASS" start="2026-03-13T09:58:02.756213" elapsed="0.291710"/>
</iter>
<iter>
<kw name="Mouse Over" owner="SeleniumLibrary">
<msg time="2026-03-13T09:58:03.048702" level="INFO">Simulating Mouse Over on element '//input[@name="last_name"]'.</msg>
<arg>${locator}</arg>
<doc>Simulates hovering the mouse over the element ``locator``.</doc>
<status status="PASS" start="2026-03-13T09:58:03.048396" elapsed="0.266927"/>
</kw>
<kw name="Get Value" owner="SeleniumLibrary">
<msg time="2026-03-13T09:58:03.335652" level="INFO">${value_text} = Howell</msg>
<var>${value_text}</var>
<arg>${locator}</arg>
<doc>Returns the value attribute of the element identified by ``locator``.</doc>
<status status="PASS" start="2026-03-13T09:58:03.315668" elapsed="0.020070"/>
</kw>
<if>
<branch type="IF" condition="'${locator}'=='${cust_txt_birthday}'">
<kw name="Format Birthday" owner="Customers">
<var>${value_text}</var>
<arg>${value_text}</arg>
<status status="NOT RUN" start="2026-03-13T09:58:03.336479" elapsed="0.000071"/>
</kw>
<status status="NOT RUN" start="2026-03-13T09:58:03.335950" elapsed="0.000686"/>
</branch>
<status status="PASS" start="2026-03-13T09:58:03.335900" elapsed="0.001075"/>
</if>
<kw name="Should Be Equal As Strings" owner="BuiltIn">
<arg>${expected_values[${i}]}</arg>
<arg>${value_text}</arg>
<doc>Fails if objects are unequal after converting them to strings.</doc>
<status status="PASS" start="2026-03-13T09:58:03.337470" elapsed="0.001411"/>
</kw>
<var name="${i}">1</var>
<var name="${locator}">//input[@name="last_name"]</var>
<status status="PASS" start="2026-03-13T09:58:03.048218" elapsed="0.290789"/>
</iter>
<iter>
<kw name="Mouse Over" owner="SeleniumLibrary">
<msg time="2026-03-13T09:58:03.339862" level="INFO">Simulating Mouse Over on element '//input[@name="email"]'.</msg>
<arg>${locator}</arg>
<doc>Simulates hovering the mouse over the element ``locator``.</doc>
<status status="PASS" start="2026-03-13T09:58:03.339513" elapsed="0.287937"/>
</kw>
<kw name="Get Value" owner="SeleniumLibrary">
<msg time="2026-03-13T09:58:03.641975" level="INFO">${value_text} = Shanna@melissa.tv</msg>
<var>${value_text}</var>
<arg>${locator}</arg>
<doc>Returns the value attribute of the element identified by ``locator``.</doc>
<status status="PASS" start="2026-03-13T09:58:03.627893" elapsed="0.014168"/>
</kw>
<if>
<branch type="IF" condition="'${locator}'=='${cust_txt_birthday}'">
<kw name="Format Birthday" owner="Customers">
<var>${value_text}</var>
<arg>${value_text}</arg>
<status status="NOT RUN" start="2026-03-13T09:58:03.642811" elapsed="0.000061"/>
</kw>
<status status="NOT RUN" start="2026-03-13T09:58:03.642302" elapsed="0.000642"/>
</branch>
<status status="PASS" start="2026-03-13T09:58:03.642248" elapsed="0.000755"/>
</if>
<kw name="Should Be Equal As Strings" owner="BuiltIn">
<arg>${expected_values[${i}]}</arg>
<arg>${value_text}</arg>
<doc>Fails if objects are unequal after converting them to strings.</doc>
<status status="PASS" start="2026-03-13T09:58:03.643166" elapsed="0.001338"/>
</kw>
<var name="${i}">2</var>
<var name="${locator}">//input[@name="email"]</var>
<status status="PASS" start="2026-03-13T09:58:03.339302" elapsed="0.305286"/>
</iter>
<iter>
<kw name="Mouse Over" owner="SeleniumLibrary">
<msg time="2026-03-13T09:58:03.645341" level="INFO">Simulating Mouse Over on element '//input[@name="birthday"]'.</msg>
<arg>${locator}</arg>
<doc>Simulates hovering the mouse over the element ``locator``.</doc>
<status status="PASS" start="2026-03-13T09:58:03.645033" elapsed="0.266459"/>
</kw>
<kw name="Get Value" owner="SeleniumLibrary">
<msg time="2026-03-13T09:58:03.930332" level="INFO">${value_text} = 2006-02-25</msg>
<var>${value_text}</var>
<arg>${locator}</arg>
<doc>Returns the value attribute of the element identified by ``locator``.</doc>
<status status="PASS" start="2026-03-13T09:58:03.912069" elapsed="0.018411"/>
</kw>
<if>
<branch type="IF" condition="'${locator}'=='${cust_txt_birthday}'">
<kw name="Format Birthday" owner="Customers">
<kw name="Evaluate" owner="BuiltIn">
<msg time="2026-03-13T09:58:03.934109" level="INFO">${formatted} = 02/25/2006</msg>
<var>${formatted}</var>
<arg>"/".join("${date}".split("-")[1:]+["${date}".split("-")[0]])</arg>
<doc>Evaluates the given expression in Python and returns the result.</doc>
<status status="PASS" start="2026-03-13T09:58:03.932776" elapsed="0.001444"/>
</kw>
<return>
<value>${formatted}</value>
<status status="PASS" start="2026-03-13T09:58:03.934454" elapsed="0.000134"/>
</return>
<msg time="2026-03-13T09:58:03.935033" level="INFO">${value_text} = 02/25/2006</msg>
<var>${value_text}</var>
<arg>${value_text}</arg>
<status status="PASS" start="2026-03-13T09:58:03.931773" elapsed="0.003354"/>
</kw>
<status status="PASS" start="2026-03-13T09:58:03.930856" elapsed="0.004421"/>
</branch>
<status status="PASS" start="2026-03-13T09:58:03.930770" elapsed="0.004632"/>
</if>
<kw name="Should Be Equal As Strings" owner="BuiltIn">
<arg>${expected_values[${i}]}</arg>
<arg>${value_text}</arg>
<doc>Fails if objects are unequal after converting them to strings.</doc>
<status status="PASS" start="2026-03-13T09:58:03.935726" elapsed="0.002655"/>
</kw>
<var name="${i}">3</var>
<var name="${locator}">//input[@name="birthday"]</var>
<status status="PASS" start="2026-03-13T09:58:03.644864" elapsed="0.293703"/>
</iter>
<iter>
<kw name="Mouse Over" owner="SeleniumLibrary">
<msg time="2026-03-13T09:58:03.940116" level="INFO">Simulating Mouse Over on element '//textarea[@name="address"]'.</msg>
<arg>${locator}</arg>
<doc>Simulates hovering the mouse over the element ``locator``.</doc>
<status status="PASS" start="2026-03-13T09:58:03.939513" elapsed="0.272010"/>
</kw>
<kw name="Get Value" owner="SeleniumLibrary">
<msg time="2026-03-13T09:58:04.228079" level="INFO">${value_text} = Victor Plains Suite 879</msg>
<var>${value_text}</var>
<arg>${locator}</arg>
<doc>Returns the value attribute of the element identified by ``locator``.</doc>
<status status="PASS" start="2026-03-13T09:58:04.212089" elapsed="0.016133"/>
</kw>
<if>
<branch type="IF" condition="'${locator}'=='${cust_txt_birthday}'">
<kw name="Format Birthday" owner="Customers">
<var>${value_text}</var>
<arg>${value_text}</arg>
<status status="NOT RUN" start="2026-03-13T09:58:04.229510" elapsed="0.000121"/>
</kw>
<status status="NOT RUN" start="2026-03-13T09:58:04.228595" elapsed="0.001186"/>
</branch>
<status status="PASS" start="2026-03-13T09:58:04.228509" elapsed="0.001394"/>
</if>
<kw name="Should Be Equal As Strings" owner="BuiltIn">
<arg>${expected_values[${i}]}</arg>
<arg>${value_text}</arg>
<doc>Fails if objects are unequal after converting them to strings.</doc>
<status status="PASS" start="2026-03-13T09:58:04.230261" elapsed="0.002723"/>
</kw>
<var name="${i}">4</var>
<var name="${locator}">//textarea[@name="address"]</var>
<status status="PASS" start="2026-03-13T09:58:03.939163" elapsed="0.294008"/>
</iter>
<iter>
<kw name="Mouse Over" owner="SeleniumLibrary">
<msg time="2026-03-13T09:58:04.234743" level="INFO">Simulating Mouse Over on element '//input[@name="city"]'.</msg>
<arg>${locator}</arg>
<doc>Simulates hovering the mouse over the element ``locator``.</doc>
<status status="PASS" start="2026-03-13T09:58:04.234107" elapsed="0.270433"/>
</kw>
<kw name="Get Value" owner="SeleniumLibrary">
<msg time="2026-03-13T09:58:04.525811" level="INFO">${value_text} = Wisokyburgh</msg>
<var>${value_text}</var>
<arg>${locator}</arg>
[...]
<status status="PASS" start="2026-03-13T09:58:38.968421" elapsed="0.028815"/>
</kw>
<kw name="Click Element" owner="SeleniumLibrary">
<msg time="2026-03-13T09:58:38.998950" level="INFO">Clicking element '((//tbody//tr)[1]//td)[2]'.</msg>
<arg>((//tbody//tr)[${user_row}]//td)[2]</arg>
<doc>Click the element identified by ``locator``.</doc>
<status status="PASS" start="2026-03-13T09:58:38.997891" elapsed="0.180575"/>
</kw>
<kw name="Wait Until Element Is Visible" owner="SeleniumLibrary">
<arg>${cust_txt_first_name}</arg>
<doc>Waits until the element ``locator`` is visible.</doc>
<status status="PASS" start="2026-03-13T09:58:39.179524" elapsed="0.254068"/>
</kw>
<kw name="Create List" owner="BuiltIn">
<msg time="2026-03-13T09:58:39.435343" level="INFO">${locators} = ['//input[@name="first_name"]', '//input[@name="last_name"]', '//input[@name="email"]', '//input[@name="birthday"]', '//textarea[@name="address"]', '//input[@name="city"]', '//input[@name="stateAbbr"]...</msg>
<var>${locators}</var>
<arg>${cust_txt_first_name}</arg>
<arg>${cust_txt_last_name}</arg>
<arg>${cust_txt_email}</arg>
<arg>${cust_txt_birthday}</arg>
<arg>${cust_txt_address}</arg>
<arg>${cust_txt_city}</arg>
<arg>${cust_txt_stateAbbr}</arg>
<arg>${cust_txt_zipcode}</arg>
<arg>${cust_txt_password}</arg>
<arg>${cust_txt_confirm_password}</arg>
<doc>Returns a list containing given items.</doc>
<status status="PASS" start="2026-03-13T09:58:39.433990" elapsed="0.001421"/>
</kw>
<kw name="Create List" owner="BuiltIn">
<msg time="2026-03-13T09:58:39.441515" level="INFO">${expected_values} = ['Chelsey', 'Dietrich', 'Lucio_Hettinger@annie.ca', '10/10/1999', 'Skiles Walks Suite 351', 'Roscoeview', 'SSR', '33263', '@rTV0So4', '@rTV0So4']</msg>
<var>${expected_values}</var>
<arg>${user['first_name']}</arg>
<arg>${user['last_name']}</arg>
<arg>${user['email']}</arg>
<arg>${user['birthday']}</arg>
<arg>${user['address']['street']} ${user["address"]['suite']}</arg>
<arg>${user['address']['city']}</arg>
<arg>${user['address']['stateAbbr']}</arg>
<arg>${user['address']['zipcode']}</arg>
<arg>${user['password']}</arg>
<arg>${user['password']}</arg>
<doc>Returns a list containing given items.</doc>
<status status="PASS" start="2026-03-13T09:58:39.435702" elapsed="0.005873"/>
</kw>
<for flavor="IN ENUMERATE">
<iter>
<kw name="Mouse Over" owner="SeleniumLibrary">
<msg time="2026-03-13T09:58:39.442490" level="INFO">Simulating Mouse Over on element '//input[@name="first_name"]'.</msg>
<arg>${locator}</arg>
<doc>Simulates hovering the mouse over the element ``locator``.</doc>
<status status="PASS" start="2026-03-13T09:58:39.442199" elapsed="0.277097"/>
</kw>
<kw name="Get Value" owner="SeleniumLibrary">
<msg time="2026-03-13T09:58:39.742738" level="INFO">${value_text} = Chelsey</msg>
<var>${value_text}</var>
<arg>${locator}</arg>
<doc>Returns the value attribute of the element identified by ``locator``.</doc>
<status status="PASS" start="2026-03-13T09:58:39.719730" elapsed="0.023093"/>
</kw>
<if>
<branch type="IF" condition="'${locator}'=='${cust_txt_birthday}'">
<kw name="Format Birthday" owner="Customers">
<var>${value_text}</var>
<arg>${value_text}</arg>
<status status="NOT RUN" start="2026-03-13T09:58:39.743578" elapsed="0.000063"/>
</kw>
<status status="NOT RUN" start="2026-03-13T09:58:39.743047" elapsed="0.000675"/>
</branch>
<status status="PASS" start="2026-03-13T09:58:39.742996" elapsed="0.000789"/>
</if>
<kw name="Should Be Equal As Strings" owner="BuiltIn">
<arg>${expected_values[${i}]}</arg>
<arg>${value_text}</arg>
<doc>Fails if objects are unequal after converting them to strings.</doc>
<status status="PASS" start="2026-03-13T09:58:39.743959" elapsed="0.002997"/>
</kw>
<var name="${i}">0</var>
<var name="${locator}">//input[@name="first_name"]</var>
<status status="PASS" start="2026-03-13T09:58:39.442031" elapsed="0.305177"/>
</iter>
<iter>
<kw name="Mouse Over" owner="SeleniumLibrary">
<msg time="2026-03-13T09:58:39.748583" level="INFO">Simulating Mouse Over on element '//input[@name="last_name"]'.</msg>
<arg>${locator}</arg>
<doc>Simulates hovering the mouse over the element ``locator``.</doc>
<status status="PASS" start="2026-03-13T09:58:39.747956" elapsed="0.289198"/>
</kw>
<kw name="Get Value" owner="SeleniumLibrary">
<msg time="2026-03-13T09:58:40.051835" level="INFO">${value_text} = Dietrich</msg>
<var>${value_text}</var>
<arg>${locator}</arg>
<doc>Returns the value attribute of the element identified by ``locator``.</doc>
<status status="PASS" start="2026-03-13T09:58:40.037497" elapsed="0.014421"/>
</kw>
<if>
<branch type="IF" condition="'${locator}'=='${cust_txt_birthday}'">
<kw name="Format Birthday" owner="Customers">
<var>${value_text}</var>
<arg>${value_text}</arg>
<status status="NOT RUN" start="2026-03-13T09:58:40.052619" elapsed="0.000059"/>
</kw>
<status status="NOT RUN" start="2026-03-13T09:58:40.052130" elapsed="0.000617"/>
</branch>
<status status="PASS" start="2026-03-13T09:58:40.052081" elapsed="0.000725"/>
</if>
<kw name="Should Be Equal As Strings" owner="BuiltIn">
<arg>${expected_values[${i}]}</arg>
<arg>${value_text}</arg>
<doc>Fails if objects are unequal after converting them to strings.</doc>
<status status="PASS" start="2026-03-13T09:58:40.052967" elapsed="0.001360"/>
</kw>
<var name="${i}">1</var>
<var name="${locator}">//input[@name="last_name"]</var>
<status status="PASS" start="2026-03-13T09:58:39.747646" elapsed="0.306770"/>
</iter>
<iter>
<kw name="Mouse Over" owner="SeleniumLibrary">
<msg time="2026-03-13T09:58:40.055196" level="INFO">Simulating Mouse Over on element '//input[@name="email"]'.</msg>
<arg>${locator}</arg>
<doc>Simulates hovering the mouse over the element ``locator``.</doc>
<status status="PASS" start="2026-03-13T09:58:40.054883" elapsed="0.266795"/>
</kw>
<kw name="Get Value" owner="SeleniumLibrary">
<msg time="2026-03-13T09:58:40.344090" level="INFO">${value_text} = Lucio_Hettinger@annie.ca</msg>
<var>${value_text}</var>
<arg>${locator}</arg>
<doc>Returns the value attribute of the element identified by ``locator``.</doc>
<status status="PASS" start="2026-03-13T09:58:40.322023" elapsed="0.022152"/>
</kw>
<if>
<branch type="IF" condition="'${locator}'=='${cust_txt_birthday}'">
<kw name="Format Birthday" owner="Customers">
<var>${value_text}</var>
<arg>${value_text}</arg>
<status status="NOT RUN" start="2026-03-13T09:58:40.344995" elapsed="0.000083"/>
</kw>
<status status="NOT RUN" start="2026-03-13T09:58:40.344393" elapsed="0.000780"/>
</branch>
<status status="PASS" start="2026-03-13T09:58:40.344342" elapsed="0.000899"/>
</if>
<kw name="Should Be Equal As Strings" owner="BuiltIn">
<arg>${expected_values[${i}]}</arg>
<arg>${value_text}</arg>
<doc>Fails if objects are unequal after converting them to strings.</doc>
<status status="PASS" start="2026-03-13T09:58:40.345444" elapsed="0.001571"/>
</kw>
<var name="${i}">2</var>
<var name="${locator}">//input[@name="email"]</var>
<status status="PASS" start="2026-03-13T09:58:40.054703" elapsed="0.292444"/>
</iter>
<iter>
<kw name="Mouse Over" owner="SeleniumLibrary">
<msg time="2026-03-13T09:58:40.348051" level="INFO">Simulating Mouse Over on element '//input[@name="birthday"]'.</msg>
<arg>${locator}</arg>
<doc>Simulates hovering the mouse over the element ``locator``.</doc>
<status status="PASS" start="2026-03-13T09:58:40.347689" elapsed="0.284253"/>
</kw>
<kw name="Get Value" owner="SeleniumLibrary">
<msg time="2026-03-13T09:58:40.648478" level="INFO">${value_text} = 1999-10-10</msg>
<var>${value_text}</var>
<arg>${locator}</arg>
<doc>Returns the value attribute of the element identified by ``locator``.</doc>
<status status="PASS" start="2026-03-13T09:58:40.632306" elapsed="0.016245"/>
</kw>
<if>
<branch type="IF" condition="'${locator}'=='${cust_txt_birthday}'">
<kw name="Format Birthday" owner="Customers">
<kw name="Evaluate" owner="BuiltIn">
<msg time="2026-03-13T09:58:40.650279" level="INFO">${formatted} = 10/10/1999</msg>
<var>${formatted}</var>
<arg>"/".join("${date}".split("-")[1:]+["${date}".split("-")[0]])</arg>
<doc>Evaluates the given expression in Python and returns the result.</doc>
<status status="PASS" start="2026-03-13T09:58:40.649639" elapsed="0.000707"/>
</kw>
<return>
<value>${formatted}</value>
<status status="PASS" start="2026-03-13T09:58:40.650473" elapsed="0.000085"/>
</return>
<msg time="2026-03-13T09:58:40.650799" level="INFO">${value_text} = 10/10/1999</msg>
<var>${value_text}</var>
<arg>${value_text}</arg>
<status status="PASS" start="2026-03-13T09:58:40.649158" elapsed="0.001684"/>
</kw>
<status status="PASS" start="2026-03-13T09:58:40.648738" elapsed="0.002175"/>
</branch>
<status status="PASS" start="2026-03-13T09:58:40.648692" elapsed="0.002275"/>
</if>
<kw name="Should Be Equal As Strings" owner="BuiltIn">
<arg>${expected_values[${i}]}</arg>
<arg>${value_text}</arg>
<doc>Fails if objects are unequal after converting them to strings.</doc>
<status status="PASS" start="2026-03-13T09:58:40.651151" elapsed="0.001235"/>
</kw>
<var name="${i}">3</var>
<var name="${locator}">//input[@name="birthday"]</var>
<status status="PASS" start="2026-03-13T09:58:40.347460" elapsed="0.305041"/>
</iter>
<iter>
<kw name="Mouse Over" owner="SeleniumLibrary">
<msg time="2026-03-13T09:58:40.653331" level="INFO">Simulating Mouse Over on element '//textarea[@name="address"]'.</msg>
<arg>${locator}</arg>
<doc>Simulates hovering the mouse over the element ``locator``.</doc>
<status status="PASS" start="2026-03-13T09:58:40.652996" elapsed="0.267135"/>
</kw>
<kw name="Get Value" owner="SeleniumLibrary">
<msg time="2026-03-13T09:58:40.938324" level="INFO">${value_text} = Skiles Walks Suite 351</msg>
<var>${value_text}</var>
<arg>${locator}</arg>
<doc>Returns the value attribute of the element identified by ``locator``.</doc>
<status status="PASS" start="2026-03-13T09:58:40.920473" elapsed="0.017935"/>
</kw>
<if>
<branch type="IF" condition="'${locator}'=='${cust_txt_birthday}'">
<kw name="Format Birthday" owner="Customers">
<var>${value_text}</var>
<arg>${value_text}</arg>
<status status="NOT RUN" start="2026-03-13T09:58:40.939153" elapsed="0.000059"/>
</kw>
<status status="NOT RUN" start="2026-03-13T09:58:40.938656" elapsed="0.000627"/>
</branch>
<status status="PASS" start="2026-03-13T09:58:40.938570" elapsed="0.000771"/>
</if>
<kw name="Should Be Equal As Strings" owner="BuiltIn">
<arg>${expected_values[${i}]}</arg>
<arg>${value_text}</arg>
<doc>Fails if objects are unequal after converting them to strings.</doc>
<status status="PASS" start="2026-03-13T09:58:40.939500" elapsed="0.001413"/>
</kw>
<var name="${i}">4</var>
<var name="${locator}">//textarea[@name="address"]</var>
<status status="PASS" start="2026-03-13T09:58:40.652796" elapsed="0.288215"/>
</iter>
<iter>
<kw name="Mouse Over" owner="SeleniumLibrary">
<msg time="2026-03-13T09:58:40.941856" level="INFO">Simulating Mouse Over on element '//input[@name="city"]'.</msg>
<arg>${locator}</arg>
<doc>Simulates hovering the mouse over the element ``locator``.</doc>
<status status="PASS" start="2026-03-13T09:58:40.941526" elapsed="0.271878"/>
</kw>
<kw name="Get Value" owner="SeleniumLibrary">
<msg time="2026-03-13T09:58:41.226452" level="INFO">${value_text} = Roscoeview</msg>
<var>${value_text}</var>
<arg>${locator}</arg>
<doc>Returns the value attribute of the element identified by ``locator``.</doc>
<status status="PASS" start="2026-03-13T09:58:41.213975" elapsed="0.012558"/>
</kw>
<if>
<branch type="IF" condition="'${locator}'=='${cust_txt_birthday}'">
<kw name="Format Birthday" owner="Customers">
<var>${value_text}</var>
<arg>${value_text}</arg>
<status status="NOT RUN" start="2026-03-13T09:58:41.227238" elapsed="0.000061"/>
</kw>
<status status="NOT RUN" start="2026-03-13T09:58:41.226745" elapsed="0.000627"/>
</branch>
<status status="PASS" start="2026-03-13T09:58:41.226695" elapsed="0.000736"/>
</if>
<kw name="Should Be Equal As Strings" owner="BuiltIn">
<arg>${expected_values[${i}]}</arg>
<arg>${value_text}</arg>
<doc>Fails if objects are unequal after converting them to strings.</doc>
<status status="PASS" start="2026-03-13T09:58:41.227592" elapsed="0.001714"/>
</kw>
<var name="${i}">5</var>
<var name="${locator}">//input[@name="city"]</var>
<status status="PASS" start="2026-03-13T09:58:40.941338" elapsed="0.288169"/>
</iter>
<iter>
<kw name="Mouse Over" owner="SeleniumLibrary">
<msg time="2026-03-13T09:58:41.231064" level="INFO">Simulating Mouse Over on element '//input[@name="stateAbbr"]'.</msg>
<arg>${locator}</arg>
<doc>Simulates hovering the mouse over the element ``locator``.</doc>
<status status="PASS" start="2026-03-13T09:58:41.230479" elapsed="0.268421"/>
</kw>
<kw name="Get Value" owner="SeleniumLibrary">
<msg time="2026-03-13T09:58:41.514826" level="INFO">${value_text} = SSR</msg>
<var>${value_text}</var>
<arg>${locator}</arg>
<doc>Returns the value attribute of the element identified by ``locator``.</doc>
<status status="PASS" start="2026-03-13T09:58:41.499262" elapsed="0.015672"/>
</kw>
<if>
<branch type="IF" condition="'${locator}'=='${cust_txt_birthday}'">
<kw name="Format Birthday" owner="Customers">
<var>${value_text}</var>
<arg>${value_text}</arg>
<status status="NOT RUN" start="2026-03-13T09:58:41.516948" elapsed="0.000132"/>
</kw>
<status status="NOT RUN" start="2026-03-13T09:58:41.515268" elapsed="0.001928"/>
</branch>
<status status="PASS" start="2026-03-13T09:58:41.515175" elapsed="0.002107"/>
</if>
<kw name="Should Be Equal As Strings" owner="BuiltIn">
<arg>${expected_values[${i}]}</arg>
<arg>${value_text}</arg>
<doc>Fails if objects are unequal after converting them to strings.</doc>
<status status="PASS" start="2026-03-13T09:58:41.517517" elapsed="0.002183"/>
</kw>
<var name="${i}">6</var>
<var name="${locator}">//input[@name="stateAbbr"]</var>
<status status="PASS" start="2026-03-13T09:58:41.230031" elapsed="0.289810"/>
</iter>
<iter>
<kw name="Mouse Over" owner="SeleniumLibrary">
<msg time="2026-03-13T09:58:41.520893" level="INFO">Simulating Mouse Over on element '//input[@name="zipcode"]'.</msg>
<arg>${locator}</arg>
<doc>Simulates hovering the mouse over the element ``locator``.</doc>
<status status="PASS" start="2026-03-13T09:58:41.520465" elapsed="0.269801"/>
</kw>
<kw name="Get Value" owner="SeleniumLibrary">
<msg time="2026-03-13T09:58:41.804618" level="INFO">${value_text} = 33263</msg>
<var>${value_text}</var>
<arg>${locator}</arg>
<doc>Returns the value attribute of the element identified by ``locator``.</doc>
<status status="PASS" start="2026-03-13T09:58:41.790676" elapsed="0.014025"/>
</kw>
<if>
<branch type="IF" condition="'${locator}'=='${cust_txt_birthday}'">
<kw name="Format Birthday" owner="Customers">
<var>${value_text}</var>
<arg>${value_text}</arg>
<status status="NOT RUN" start="2026-03-13T09:58:41.805400" elapsed="0.000058"/>
</kw>
<status status="NOT RUN" start="2026-03-13T09:58:41.804914" elapsed="0.000614"/>
</branch>
<status status="PASS" start="2026-03-13T09:58:41.804864" elapsed="0.000722"/>
</if>
<kw name="Should Be Equal As Strings" owner="BuiltIn">
<arg>${expected_values[${i}]}</arg>
<arg>${value_text}</arg>
<doc>Fails if objects are unequal after converting them to strings.</doc>
<status status="PASS" start="2026-03-13T09:58:41.805746" elapsed="0.001354"/>
</kw>
<var name="${i}">7</var>
<var name="${locator}">//input[@name="zipcode"]</var>
<status status="PASS" start="2026-03-13T09:58:41.520199" elapsed="0.286988"/>
</iter>
<iter>
<kw name="Mouse Over" owner="SeleniumLibrary">
<msg time="2026-03-13T09:58:41.807973" level="INFO">Simulating Mouse Over on element '//input[@name="password"]'.</msg>
<arg>${locator}</arg>
<doc>Simulates hovering the mouse over the element ``locator``.</doc>
<status status="PASS" start="2026-03-13T09:58:41.807664" elapsed="0.268458"/>
</kw>
<kw name="Get Value" owner="SeleniumLibrary">
<msg time="2026-03-13T09:58:42.089617" level="INFO">${value_text} = @rTV0So4</msg>
<var>${value_text}</var>
<arg>${locator}</arg>
<doc>Returns the value attribute of the element identified by ``locator``.</doc>
<status status="PASS" start="2026-03-13T09:58:42.076655" elapsed="0.013042"/>
</kw>
<if>
<branch type="IF" condition="'${locator}'=='${cust_txt_birthday}'">
<kw name="Format Birthday" owner="Customers">
<var>${value_text}</var>
<arg>${value_text}</arg>
<status status="NOT RUN" start="2026-03-13T09:58:42.090413" elapsed="0.000062"/>
</kw>
<status status="NOT RUN" start="2026-03-13T09:58:42.089905" elapsed="0.000642"/>
</branch>
<status status="PASS" start="2026-03-13T09:58:42.089856" elapsed="0.000751"/>
</if>
<kw name="Should Be Equal As Strings" owner="BuiltIn">
<arg>${expected_values[${i}]}</arg>
<arg>${value_text}</arg>
<doc>Fails if objects are unequal after converting them to strings.</doc>
<status status="PASS" start="2026-03-13T09:58:42.090768" elapsed="0.001362"/>
</kw>
<var name="${i}">8</var>
<var name="${locator}">//input[@name="password"]</var>
<status status="PASS" start="2026-03-13T09:58:41.807485" elapsed="0.284733"/>
</iter>
<iter>
<kw name="Mouse Over" owner="SeleniumLibrary">
<msg time="2026-03-13T09:58:42.092974" level="INFO">Simulating Mouse Over on element '//input[@name="confirm_password"]'.</msg>
<arg>${locator}</arg>
<doc>Simulates hovering the mouse over the element ``locator``.</doc>
<status status="PASS" start="2026-03-13T09:58:42.092671" elapsed="0.268115"/>
</kw>
<kw name="Get Value" owner="SeleniumLibrary">
<msg time="2026-03-13T09:58:42.373830" level="INFO">${value_text} = @rTV0So4</msg>
<var>${value_text}</var>
<arg>${locator}</arg>
<doc>Returns the value attribute of the element identified by ``locator``.</doc>
<status status="PASS" start="2026-03-13T09:58:42.361317" elapsed="0.012597"/>
</kw>
<if>
<branch type="IF" condition="'${locator}'=='${cust_txt_birthday}'">
<kw name="Format Birthday" owner="Customers">
<var>${value_text}</var>
<arg>${value_text}</arg>
<status status="NOT RUN" start="2026-03-13T09:58:42.374637" elapsed="0.000060"/>
</kw>
<status status="NOT RUN" start="2026-03-13T09:58:42.374127" elapsed="0.000642"/>
</branch>
<status status="PASS" start="2026-03-13T09:58:42.374076" elapsed="0.000751"/>
</if>
<kw name="Should Be Equal As Strings" owner="BuiltIn">
<arg>${expected_values[${i}]}</arg>
<arg>${value_text}</arg>
<doc>Fails if objects are unequal after converting them to strings.</doc>
<status status="PASS" start="2026-03-13T09:58:42.375000" elapsed="0.001354"/>
</kw>
<var name="${i}">9</var>
<var name="${locator}">//input[@name="confirm_password"]</var>
<status status="PASS" start="2026-03-13T09:58:42.092499" elapsed="0.283940"/>
</iter>
<var>${i}</var>
<var>${locator}</var>
<value>@{locators}</value>
<status status="PASS" start="2026-03-13T09:58:39.441726" elapsed="2.934800"/>
</for>
<arg>${USERS[${i}]}</arg>
<status status="PASS" start="2026-03-13T09:58:36.768967" elapsed="5.607711"/>
</kw>
<var name="${i}">4</var>
<status status="PASS" start="2026-03-13T09:58:29.956088" elapsed="12.420656"/>
</iter>
<var>${i}</var>
<value>0</value>
<value>5</value>
<status status="PASS" start="2026-03-13T09:57:40.787278" elapsed="61.589603"/>
</for>
<doc>User Should Be Able To Add A Customer</doc>
<status status="PASS" start="2026-03-13T09:57:40.786648" elapsed="61.590491"/>
</test>
<kw name="Capture Page Screenshot" owner="SeleniumLibrary" type="TEARDOWN">
<msg time="2026-03-13T09:58:42.474790" level="INFO" html="true">&lt;/td&gt;&lt;/tr&gt;&lt;tr&gt;&lt;td colspan="3"&gt;&lt;a href="selenium-screenshot-4.png"&gt;&lt;img src="selenium-screenshot-4.png" width="800px"&gt;&lt;/a&gt;</msg>
<doc>Takes a screenshot of the current page and embeds it into a log file.</doc>
<status status="PASS" start="2026-03-13T09:58:42.378016" elapsed="0.096964"/>
</kw>
<status status="PASS" start="2026-03-13T09:57:35.699704" elapsed="66.775398"/>
</suite>
<statistics>
<total>
<stat pass="1" fail="0" skip="0">All Tests</stat>
</total>
<tag>
</tag>
<suite>
<stat name="Test" id="s1" pass="1" fail="0" skip="0">Test</stat>
</suite>
</statistics>
<errors>
</errors>
</robot>
