<?xml version="1.0" encoding="UTF-8"?>
<robot generator="Robot 7.4.2 (Python 3.10.0 on win32)" generated="2026-03-14T20:17:06.709893" rpa="false" schemaversion="5">
<suite id="s1" name="Test" source="C:\BSIT 4H-G1\robotframework-assessment\robotframework-assessment\robotframework_arellano\tests\test.robot">
<kw name="Suite Init" type="SETUP">
<kw name="Launch Browser" owner="App">
<kw name="Open Browser" owner="SeleniumLibrary">
<msg time="2026-03-14T20:17:07.631994" level="INFO">Opening browser 'chrome' to base url 'https://marmelab.com/react-admin-demo'.</msg>
<arg>${url}</arg>
<arg>chrome</arg>
<arg>options=add_argument("--start-maximized");</arg>
<doc>Opens a new browser instance to the optional ``url``.</doc>
<status status="PASS" start="2026-03-14T20:17:07.631994" elapsed="37.241402"/>
</kw>
<kw name="Wait Until Element Is Visible" owner="SeleniumLibrary">
<arg>${login_txt_username}</arg>
<doc>Waits until the element ``locator`` is visible.</doc>
<status status="PASS" start="2026-03-14T20:17:44.874777" elapsed="1.758378"/>
</kw>
<status status="PASS" start="2026-03-14T20:17:07.629994" elapsed="39.003161"/>
</kw>
<kw name="Login User" owner="App">
<kw name="Input Text" owner="SeleniumLibrary">
<msg time="2026-03-14T20:17:46.637143" level="INFO">Typing text 'demo' into text field '//input[@name="username"]'.</msg>
<arg>${login_txt_username}</arg>
<arg>${username}</arg>
<doc>Types the given ``text`` into the text field identified by ``locator``.</doc>
<status status="PASS" start="2026-03-14T20:17:46.635148" elapsed="0.184509"/>
</kw>
<kw name="Input Text" owner="SeleniumLibrary">
<msg time="2026-03-14T20:17:46.821651" level="INFO">Typing text 'dem' into text field '//input[@name="password"]'.</msg>
<arg>${login_txt_password}</arg>
<arg>${password}</arg>
<doc>Types the given ``text`` into the text field identified by ``locator``.</doc>
<status status="PASS" start="2026-03-14T20:17:46.820653" elapsed="0.242353"/>
</kw>
<kw name="Capture Page Screenshot" owner="SeleniumLibrary">
<msg time="2026-03-14T20:17:47.239533" level="INFO" html="true">&lt;/td&gt;&lt;/tr&gt;&lt;tr&gt;&lt;td colspan="3"&gt;&lt;a href="selenium-screenshot-30.png"&gt;&lt;img src="selenium-screenshot-30.png" width="800px"&gt;&lt;/a&gt;</msg>
<doc>Takes a screenshot of the current page and embeds it into a log file.</doc>
<status status="PASS" start="2026-03-14T20:17:47.064003" elapsed="0.175530"/>
</kw>
<kw name="Click Button" owner="SeleniumLibrary">
<msg time="2026-03-14T20:17:47.241527" level="INFO">Clicking button '//button[@type="submit"]'.</msg>
<arg>${login_btn_submit}</arg>
<doc>Clicks the button identified by ``locator``.</doc>
<status status="PASS" start="2026-03-14T20:17:47.240531" elapsed="0.151594"/>
</kw>
<kw name="Wait Until Element Is Visible" owner="SeleniumLibrary">
<arg>${main_content}</arg>
<doc>Waits until the element ``locator`` is visible.</doc>
<status status="PASS" start="2026-03-14T20:17:47.393122" elapsed="0.308176"/>
</kw>
<status status="PASS" start="2026-03-14T20:17:46.634153" elapsed="1.067145"/>
</kw>
<kw name="Get Users" owner="CommonLibrary">
<msg time="2026-03-14T20:17:48.262149" level="INFO">C:\BSIT 4H-G1\robotframework-assessment\robotframework-assessment\robotframework_arellano\Tests\venv\lib\site-packages\urllib3\connectionpool.py:1097: InsecureRequestWarning: Unverified HTTPS request is being made to host 'jsonplaceholder.typicode.com'. Adding certificate verification is strongly advised. See: https://urllib3.readthedocs.io/en/latest/advanced-usage.html#tls-warnings
  warnings.warn(</msg>
<msg time="2026-03-14T20:17:48.266140" level="INFO">${users} = [{'id': 1, 'username': 'Bret', 'email': 'Sincere@april.biz', 'address': {'street': 'Kulas Light', 'suite': 'Apt. 556', 'city': 'Gwenborough', 'zipcode': '92998-3874', 'geo': {'lat': '-37.3159', 'lng':...</msg>
<var>${users}</var>
<status status="PASS" start="2026-03-14T20:17:47.701298" elapsed="0.564842"/>
</kw>
<kw name="Set Suite Variable" owner="BuiltIn">
<msg time="2026-03-14T20:17:48.268134" level="INFO">${USERS} = [{'id': 1, 'username': 'Bret', 'email': 'Sincere@april.biz', 'address': {'street': 'Kulas Light', 'suite': 'Apt. 556', 'city': 'Gwenborough', 'zipcode': '92998-3874', 'geo': {'lat': '-37.3159', 'lng':...</msg>
<arg>${USERS}</arg>
<arg>${users}</arg>
<doc>Makes a variable available everywhere within the scope of the current suite.</doc>
<status status="PASS" start="2026-03-14T20:17:48.266140" elapsed="0.001994"/>
</kw>
<status status="PASS" start="2026-03-14T20:17:07.628726" elapsed="40.640407"/>
</kw>
<test id="s1-t1" name="TEST-1" line="9">
<kw name="Add A Customer" owner="Customers">
<for flavor="IN RANGE">
<iter>
<kw name="Set Variable" owner="BuiltIn">
<msg time="2026-03-14T20:17:48.275116" level="INFO">${user} = {'id': 1, 'username': 'Bret', 'email': 'Sincere@april.biz', 'address': {'street': 'Kulas Light', 'suite': 'Apt. 556', 'city': 'Gwenborough', 'zipcode': '92998-3874', 'geo': {'lat': '-37.3159', 'lng': ...</msg>
<var>${user}</var>
<arg>${users}[${i}]</arg>
<doc>Returns the given values which can then be assigned to a variables.</doc>
<status status="PASS" start="2026-03-14T20:17:48.274119" elapsed="0.001994"/>
</kw>
<kw name="Navigate" owner="App">
<kw name="Set Variable" owner="BuiltIn">
<msg time="2026-03-14T20:17:48.279107" level="INFO">${sub_menu_loc} = //a[descendant::p[text()="Customers"]]</msg>
<var>${sub_menu_loc}</var>
<arg>//a[descendant::p[text()="${sub_menu}"]]</arg>
<doc>Returns the given values which can then be assigned to a variables.</doc>
<status status="PASS" start="2026-03-14T20:17:48.277111" elapsed="0.001996"/>
</kw>
<kw name="Run Keyword And Return Status" owner="BuiltIn">
<kw name="Element Should Be Visible" owner="SeleniumLibrary">
<msg time="2026-03-14T20:17:48.872322" level="INFO">Element '//a[descendant::p[text()="Customers"]]' is displayed.</msg>
<arg>${sub_menu_loc}</arg>
<doc>Verifies that the element identified by ``locator`` is visible.</doc>
<status status="PASS" start="2026-03-14T20:17:48.282097" elapsed="0.590225"/>
</kw>
<msg time="2026-03-14T20:17:48.873315" level="INFO">${status} = True</msg>
<var>${status}</var>
<arg>Element Should Be Visible</arg>
<arg>${sub_menu_loc}</arg>
<doc>Runs the specified keyword and returns the status as a Boolean value.</doc>
<status status="PASS" start="2026-03-14T20:17:48.280102" elapsed="0.593213"/>
</kw>
<if>
<branch type="IF" condition="not ${status}">
<kw name="Get Parent Menu" owner="App">
<var>${parent_menu}</var>
<arg>${sub_menu}</arg>
<status status="NOT RUN" start="2026-03-14T20:17:48.875314" elapsed="0.000000"/>
</kw>
<kw name="Click Element" owner="SeleniumLibrary">
<arg>${parent_menu}</arg>
<doc>Click the element identified by ``locator``.</doc>
<status status="NOT RUN" start="2026-03-14T20:17:48.876313" elapsed="0.000000"/>
</kw>
<kw name="Wait Until Element Is Visible" owner="SeleniumLibrary">
<arg>${sub_menu_loc}</arg>
<doc>Waits until the element ``locator`` is visible.</doc>
<status status="NOT RUN" start="2026-03-14T20:17:48.876313" elapsed="0.000000"/>
</kw>
<status status="NOT RUN" start="2026-03-14T20:17:48.873315" elapsed="0.002998"/>
</branch>
<status status="PASS" start="2026-03-14T20:17:48.873315" elapsed="0.003995"/>
</if>
<kw name="Click Element" owner="SeleniumLibrary">
<msg time="2026-03-14T20:17:48.877310" level="INFO">Clicking element '//a[descendant::p[text()="Customers"]]'.</msg>
<arg>${sub_menu_loc}</arg>
<doc>Click the element identified by ``locator``.</doc>
<status status="PASS" start="2026-03-14T20:17:48.877310" elapsed="0.160566"/>
</kw>
<kw name="Wait Until Element Is Visible" owner="SeleniumLibrary">
<arg>//h6[//span[text()="${sub_menu}"]]</arg>
<doc>Waits until the element ``locator`` is visible.</doc>
<status status="PASS" start="2026-03-14T20:17:49.038874" elapsed="0.728054"/>
</kw>
<kw name="Run Keyword If" owner="BuiltIn">
<kw name="Sleep" owner="BuiltIn">
<msg time="2026-03-14T20:17:51.781455" level="INFO">Slept 2 seconds.</msg>
<arg>2s</arg>
<doc>Pauses the test executed for the given time.</doc>
<status status="PASS" start="2026-03-14T20:17:49.767922" elapsed="2.013533"/>
</kw>
<arg>"${sub_menu}"=="Customers"</arg>
<arg>Sleep</arg>
<arg>2s</arg>
<doc>Runs the given keyword with the given arguments, if ``condition`` is true.</doc>
<status status="PASS" start="2026-03-14T20:17:49.766928" elapsed="2.014527"/>
</kw>
<arg>Customers</arg>
<status status="PASS" start="2026-03-14T20:17:48.276113" elapsed="3.505342"/>
</kw>
<kw name="Open Create Modal" owner="Customers">
<kw name="Click Element" owner="SeleniumLibrary">
<msg time="2026-03-14T20:17:51.783491" level="INFO">Clicking element '//a[text()="Create"]'.</msg>
<arg>//a[text()="Create"]</arg>
<doc>Click the element identified by ``locator``.</doc>
<status status="PASS" start="2026-03-14T20:17:51.782502" elapsed="0.112256"/>
</kw>
<kw name="Wait Until Element Is Visible" owner="SeleniumLibrary">
<arg>//h6[descendant::span[text()="Create Customer"]]</arg>
<doc>Waits until the element ``locator`` is visible.</doc>
<status status="PASS" start="2026-03-14T20:17:51.896751" elapsed="0.267611"/>
</kw>
<status status="PASS" start="2026-03-14T20:17:51.782502" elapsed="0.381860"/>
</kw>
<kw name="Input Text" owner="SeleniumLibrary">
<msg time="2026-03-14T20:17:52.166360" level="INFO">Typing text 'Leanne' into text field '//input[@name="first_name"]'.</msg>
<arg>${cust_txt_first_name}</arg>
<arg>${user['first_name']}</arg>
<doc>Types the given ``text`` into the text field identified by ``locator``.</doc>
<status status="PASS" start="2026-03-14T20:17:52.164362" elapsed="0.152472"/>
</kw>
<kw name="Input Text" owner="SeleniumLibrary">
<msg time="2026-03-14T20:17:52.318826" level="INFO">Typing text 'Graham' into text field '//input[@name="last_name"]'.</msg>
<arg>${cust_txt_last_name}</arg>
<arg>${user['last_name']}</arg>
<doc>Types the given ``text`` into the text field identified by ``locator``.</doc>
<status status="PASS" start="2026-03-14T20:17:52.317830" elapsed="0.179928"/>
</kw>
<kw name="Input Text" owner="SeleniumLibrary">
<msg time="2026-03-14T20:17:52.499752" level="INFO">Typing text 'Sincere@april.biz' into text field '//input[@name="email"]'.</msg>
<arg>${cust_txt_email}</arg>
<arg>${user['email']}</arg>
<doc>Types the given ``text`` into the text field identified by ``locator``.</doc>
<status status="PASS" start="2026-03-14T20:17:52.498756" elapsed="0.191490"/>
</kw>
<kw name="Set React Date Input" owner="App">
<kw name="Get WebElement" owner="SeleniumLibrary">
<msg time="2026-03-14T20:17:52.718168" level="INFO">${element} = &lt;selenium.webdriver.remote.webelement.WebElement (session="44dc9d050cd97df27c5ebcc979f72df2", element="f.0488B582AA4580BC894442D42883779F.d.77FF4AF9582A013C17F461BF0E16310A.e.87")&gt;</msg>
<var>${element}</var>
<arg>${locator}</arg>
<doc>Returns the first WebElement matching the given ``locator``.</doc>
<status status="PASS" start="2026-03-14T20:17:52.694232" elapsed="0.023936"/>
</kw>
<kw name="Set Variable" owner="BuiltIn">
<msg time="2026-03-14T20:17:52.719170" level="INFO">${js} = let d = arguments[1].split('/'); let iso = d[2]+'-'+d[0]+'-'+d[1]; let set = Object.getOwnPropertyDescriptor(window.HTMLInputElement.prototype, 'value').set; set.call(arguments[0], iso); arguments[0]....</msg>
<var>${js}</var>
<arg>let d = arguments[1].split('/'); let iso = d[2]+'-'+d[0]+'-'+d[1]; let set = Object.getOwnPropertyDescriptor(window.HTMLInputElement.prototype, 'value').set; set.call(arguments[0], iso); arguments[0].dispatchEvent(new Event('input', {bubbles: true}));</arg>
<doc>Returns the given values which can then be assigned to a variables.</doc>
<status status="PASS" start="2026-03-14T20:17:52.719170" elapsed="0.000000"/>
</kw>
<kw name="Execute Javascript" owner="SeleniumLibrary">
<msg time="2026-03-14T20:17:52.720162" level="INFO">Executing JavaScript:
let d = arguments[1].split('/'); let iso = d[2]+'-'+d[0]+'-'+d[1]; let set = Object.getOwnPropertyDescriptor(window.HTMLInputElement.prototype, 'value').set; set.call(arguments[0], iso); arguments[0].dispatchEvent(new Event('input', {bubbles: true}));
By using arguments:
'&lt;selenium.webdriver.remote.webelement.WebElement (session="44dc9d050cd97df27c5ebcc979f72df2", element="f.0488B582AA4580BC894442D42883779F.d.77FF4AF9582A013C17F461BF0E16310A.e.87")&gt;' and '04/17/2002'</msg>
<arg>${js}</arg>
<arg>ARGUMENTS</arg>
<arg>${element}</arg>
<arg>${date_str}</arg>
<doc>Executes the given JavaScript code with possible arguments.</doc>
<status status="PASS" start="2026-03-14T20:17:52.720162" elapsed="0.018949"/>
</kw>
<arg>${cust_txt_birthday}</arg>
<arg>${user['birthday']}</arg>
<status status="PASS" start="2026-03-14T20:17:52.691242" elapsed="0.047869"/>
</kw>
<kw name="Input Text" owner="SeleniumLibrary">
<msg time="2026-03-14T20:17:52.742102" level="INFO">Typing text 'Kulas Light Apt. 556' into text field '//textarea[@name="address"]'.</msg>
<arg>${cust_txt_address}</arg>
<arg>${user['address']['street']} ${user["address"]['suite']}</arg>
<doc>Types the given ``text`` into the text field identified by ``locator``.</doc>
<status status="PASS" start="2026-03-14T20:17:52.740109" elapsed="0.183510"/>
</kw>
<kw name="Input Text" owner="SeleniumLibrary">
<msg time="2026-03-14T20:17:52.926611" level="INFO">Typing text 'Gwenborough' into text field '//input[@name="city"]'.</msg>
<arg>${cust_txt_city}</arg>
<arg>${user['address']['city']}</arg>
<doc>Types the given ``text`` into the text field identified by ``locator``.</doc>
<status status="PASS" start="2026-03-14T20:17:52.924618" elapsed="0.153588"/>
</kw>
<kw name="Input Text" owner="SeleniumLibrary">
<msg time="2026-03-14T20:17:53.082195" level="INFO">Typing text 'KAG' into text field '//input[@name="stateAbbr"]'.</msg>
<arg>${cust_txt_stateAbbr}</arg>
<arg>${user['address']['stateAbbr']}</arg>
<doc>Types the given ``text`` into the text field identified by ``locator``.</doc>
<status status="PASS" start="2026-03-14T20:17:53.079203" elapsed="0.124667"/>
</kw>
<kw name="Input Text" owner="SeleniumLibrary">
<msg time="2026-03-14T20:17:53.206861" level="INFO">Typing text '92998-3874' into text field '//input[@name="zipcode"]'.</msg>
<arg>${cust_txt_zipcode}</arg>
<arg>${user['address']['zipcode']}</arg>
<doc>Types the given ``text`` into the text field identified by ``locator``.</doc>
<status status="PASS" start="2026-03-14T20:17:53.203870" elapsed="0.147605"/>
</kw>
<kw name="Input Text" owner="SeleniumLibrary">
<msg time="2026-03-14T20:17:53.354466" level="INFO">Typing text 'oCJkOhL3' into text field '//input[@name="password"]'.</msg>
<arg>${cust_txt_password}</arg>
<arg>${user['password']}</arg>
<doc>Types the given ``text`` into the text field identified by ``locator``.</doc>
<status status="PASS" start="2026-03-14T20:17:53.352484" elapsed="0.154577"/>
</kw>
<kw name="Input Text" owner="SeleniumLibrary">
<msg time="2026-03-14T20:17:53.509053" level="INFO">Typing text 'oCJkOhL3' into text field '//input[@name="confirm_password"]'.</msg>
<arg>${cust_txt_confirm_password}</arg>
<arg>${user['password']}</arg>
<doc>Types the given ``text`` into the text field identified by ``locator``.</doc>
<status status="PASS" start="2026-03-14T20:17:53.507061" elapsed="0.163562"/>
</kw>
<kw name="Click Element" owner="SeleniumLibrary">
<msg time="2026-03-14T20:17:53.671620" level="INFO">Clicking element '//button[@aria-label="Save"]'.</msg>
<arg>${customers_btn_save}</arg>
<doc>Click the element identified by ``locator``.</doc>
<status status="PASS" start="2026-03-14T20:17:53.670623" elapsed="0.187497"/>
</kw>
<kw name="Wait Until Element Is Visible" owner="SeleniumLibrary">
<arg>//div[text()="Customer created"]</arg>
<doc>Waits until the element ``locator`` is visible.</doc>
<status status="PASS" start="2026-03-14T20:17:53.859119" elapsed="0.613167"/>
</kw>
<kw name="Verify If Customer Is Added In The Table" owner="Customers">
<kw name="Get Customer Row" owner="Customers">
<kw name="Navigate" owner="App">
<kw name="Set Variable" owner="BuiltIn">
<msg time="2026-03-14T20:17:54.475278" level="INFO">${sub_menu_loc} = //a[descendant::p[text()="Customers"]]</msg>
<var>${sub_menu_loc}</var>
<arg>//a[descendant::p[text()="${sub_menu}"]]</arg>
<doc>Returns the given values which can then be assigned to a variables.</doc>
<status status="PASS" start="2026-03-14T20:17:54.475278" elapsed="0.000996"/>
</kw>
<kw name="Run Keyword And Return Status" owner="BuiltIn">
<kw name="Element Should Be Visible" owner="SeleniumLibrary">
<msg time="2026-03-14T20:17:54.510183" level="INFO">Element '//a[descendant::p[text()="Customers"]]' is displayed.</msg>
<arg>${sub_menu_loc}</arg>
<doc>Verifies that the element identified by ``locator`` is visible.</doc>
<status status="PASS" start="2026-03-14T20:17:54.478269" elapsed="0.032912"/>
</kw>
<msg time="2026-03-14T20:17:54.511181" level="INFO">${status} = True</msg>
<var>${status}</var>
<arg>Element Should Be Visible</arg>
<arg>${sub_menu_loc}</arg>
<doc>Runs the specified keyword and returns the status as a Boolean value.</doc>
<status status="PASS" start="2026-03-14T20:17:54.477271" elapsed="0.033910"/>
</kw>
<if>
<branch type="IF" condition="not ${status}">
<kw name="Get Parent Menu" owner="App">
<var>${parent_menu}</var>
<arg>${sub_menu}</arg>
<status status="NOT RUN" start="2026-03-14T20:17:54.514174" elapsed="0.000000"/>
</kw>
<kw name="Click Element" owner="SeleniumLibrary">
<arg>${parent_menu}</arg>
<doc>Click the element identified by ``locator``.</doc>
<status status="NOT RUN" start="2026-03-14T20:17:54.515177" elapsed="0.000000"/>
</kw>
<kw name="Wait Until Element Is Visible" owner="SeleniumLibrary">
<arg>${sub_menu_loc}</arg>
<doc>Waits until the element ``locator`` is visible.</doc>
<status status="NOT RUN" start="2026-03-14T20:17:54.516168" elapsed="0.000000"/>
</kw>
<status status="NOT RUN" start="2026-03-14T20:17:54.512178" elapsed="0.003990"/>
</branch>
<status status="PASS" start="2026-03-14T20:17:54.512178" elapsed="0.003990"/>
</if>
<kw name="Click Element" owner="SeleniumLibrary">
<msg time="2026-03-14T20:17:54.518163" level="INFO">Clicking element '//a[descendant::p[text()="Customers"]]'.</msg>
<arg>${sub_menu_loc}</arg>
<doc>Click the element identified by ``locator``.</doc>
<status status="PASS" start="2026-03-14T20:17:54.517165" elapsed="0.145611"/>
</kw>
<kw name="Wait Until Element Is Visible" owner="SeleniumLibrary">
<arg>//h6[//span[text()="${sub_menu}"]]</arg>
<doc>Waits until the element ``locator`` is visible.</doc>
<status status="PASS" start="2026-03-14T20:17:54.663776" elapsed="0.458769"/>
</kw>
<kw name="Run Keyword If" owner="BuiltIn">
<kw name="Sleep" owner="BuiltIn">
<msg time="2026-03-14T20:17:57.133630" level="INFO">Slept 2 seconds.</msg>
<arg>2s</arg>
<doc>Pauses the test executed for the given time.</doc>
<status status="PASS" start="2026-03-14T20:17:55.124540" elapsed="2.009090"/>
</kw>
<arg>"${sub_menu}"=="Customers"</arg>
<arg>Sleep</arg>
<arg>2s</arg>
<doc>Runs the given keyword with the given arguments, if ``condition`` is true.</doc>
<status status="PASS" start="2026-03-14T20:17:55.123543" elapsed="2.010087"/>
</kw>
<arg>Customers</arg>
<status status="PASS" start="2026-03-14T20:17:54.474280" elapsed="2.660353"/>
</kw>
<kw name="Get WebElements" owner="SeleniumLibrary">
<msg time="2026-03-14T20:17:57.152584" level="INFO">${web_elems} = [&lt;selenium.webdriver.remote.webelement.WebElement (session="44dc9d050cd97df27c5ebcc979f72df2", element="f.0488B582AA4580BC894442D42883779F.d.77FF4AF9582A013C17F461BF0E16310A.e.230")&gt;, &lt;selenium.webdri...</msg>
<var>${web_elems}</var>
<arg>//tbody//tr</arg>
<doc>Returns a list of WebElement objects matching the ``locator``.</doc>
<status status="PASS" start="2026-03-14T20:17:57.134633" elapsed="0.017951"/>
</kw>
<for flavor="IN ENUMERATE">
<iter>
<kw name="Get Text" owner="SeleniumLibrary">
<msg time="2026-03-14T20:17:57.190963" level="INFO">${name} = L
Leanne Graham</msg>
<var>${name}</var>
<arg>((//tbody//tr)[${i+1}]//td)[2]</arg>
<doc>Returns the text value of the element identified by ``locator``.</doc>
<status status="PASS" start="2026-03-14T20:17:57.153582" elapsed="0.037381"/>
</kw>
<kw name="Clean Text" owner="App">
<if>
<branch type="IF" condition="&quot;\\n&quot; in &quot;&quot;&quot;${text}&quot;&quot;&quot;">
<kw name="Evaluate" owner="BuiltIn">
<msg time="2026-03-14T20:17:57.192961" level="INFO">${text} = Leanne Graham</msg>
<var>${text}</var>
<arg>"""${text}""".replace("\\n","")[1:]</arg>
<doc>Evaluates the given expression in Python and returns the result.</doc>
<status status="PASS" start="2026-03-14T20:17:57.192961" elapsed="0.000000"/>
</kw>
<status status="PASS" start="2026-03-14T20:17:57.191965" elapsed="0.000996"/>
</branch>
<status status="PASS" start="2026-03-14T20:17:57.191965" elapsed="0.000996"/>
</if>
<kw name="Return From Keyword" owner="BuiltIn">
<msg time="2026-03-14T20:17:57.193958" level="INFO">Returning from the enclosing user keyword.</msg>
<arg>${text}</arg>
<doc>Returns from the enclosing user keyword.</doc>
<status status="PASS" start="2026-03-14T20:17:57.193958" elapsed="0.000000"/>
</kw>
<msg time="2026-03-14T20:17:57.194957" level="INFO">${name} = Leanne Graham</msg>
<var>${name}</var>
<arg>${name}</arg>
<status status="PASS" start="2026-03-14T20:17:57.191965" elapsed="0.002992"/>
</kw>
<kw name="Return From Keyword If" owner="BuiltIn">
<msg time="2026-03-14T20:17:57.197950" level="INFO">Returning from the enclosing user keyword.</msg>
<arg>"${user["first_name"]} ${user["last_name"]}"=="${name}"</arg>
<arg>${i+1}</arg>
<doc>Returns from the enclosing user keyword if ``condition`` is true.</doc>
<status status="PASS" start="2026-03-14T20:17:57.194957" elapsed="0.003989"/>
</kw>
<var name="${i}">0</var>
<var name="${elem}">&lt;selenium.webdriver.remote.webelement.WebElement (session="44dc9d050cd97df27c5ebcc979f72df2", element="f.0488B582AA4580BC894442D42883779F.d.77FF4AF9582A013C17F461BF0E16310A.e.230")&gt;</var>
<status status="PASS" start="2026-03-14T20:17:57.152584" elapsed="0.046362"/>
</iter>
<var>${i}</var>
<var>${elem}</var>
<value>@{web_elems}</value>
<status status="PASS" start="2026-03-14T20:17:57.152584" elapsed="0.046362"/>
</for>
<msg time="2026-03-14T20:17:57.199942" level="INFO">${user_row} = 1</msg>
<var>${user_row}</var>
<arg>${user}</arg>
<status status="PASS" start="2026-03-14T20:17:54.473283" elapsed="2.726659"/>
</kw>
<kw name="Should Not Be Equal As Strings" owner="BuiltIn">
<msg time="2026-03-14T20:17:57.200940" level="INFO">Argument types are:
&lt;class 'str'&gt;
&lt;class 'int'&gt;</msg>
<arg>None</arg>
<arg>${user_row}</arg>
<doc>Fails if objects are equal after converting them to strings.</doc>
<status status="PASS" start="2026-03-14T20:17:57.199942" elapsed="0.000998"/>
</kw>
<arg>${user}</arg>
<status status="PASS" start="2026-03-14T20:17:54.472286" elapsed="2.728654"/>
</kw>
<kw name="Verify Customer Identity Details" owner="Customers">
<kw name="Get Customer Row" owner="Customers">
<kw name="Navigate" owner="App">
<kw name="Set Variable" owner="BuiltIn">
<msg time="2026-03-14T20:17:57.204929" level="INFO">${sub_menu_loc} = //a[descendant::p[text()="Customers"]]</msg>
<var>${sub_menu_loc}</var>
<arg>//a[descendant::p[text()="${sub_menu}"]]</arg>
<doc>Returns the given values which can then be assigned to a variables.</doc>
<status status="PASS" start="2026-03-14T20:17:57.203932" elapsed="0.000997"/>
</kw>
<kw name="Run Keyword And Return Status" owner="BuiltIn">
<kw name="Element Should Be Visible" owner="SeleniumLibrary">
<msg time="2026-03-14T20:17:57.225237" level="INFO">Element '//a[descendant::p[text()="Customers"]]' is displayed.</msg>
<arg>${sub_menu_loc}</arg>
<doc>Verifies that the element identified by ``locator`` is visible.</doc>
<status status="PASS" start="2026-03-14T20:17:57.205927" elapsed="0.019310"/>
</kw>
<msg time="2026-03-14T20:17:57.225237" level="INFO">${status} = True</msg>
<var>${status}</var>
<arg>Element Should Be Visible</arg>
<arg>${sub_menu_loc}</arg>
<doc>Runs the specified keyword and returns the status as a Boolean value.</doc>
<status status="PASS" start="2026-03-14T20:17:57.204929" elapsed="0.020308"/>
</kw>
<if>
<branch type="IF" condition="not ${status}">
<kw name="Get Parent Menu" owner="App">
<var>${parent_menu}</var>
<arg>${sub_menu}</arg>
<status status="NOT RUN" start="2026-03-14T20:17:57.226233" elapsed="0.000000"/>
</kw>
<kw name="Click Element" owner="SeleniumLibrary">
<arg>${parent_menu}</arg>
<doc>Click the element identified by ``locator``.</doc>
<status status="NOT RUN" start="2026-03-14T20:17:57.227232" elapsed="0.000000"/>
</kw>
<kw name="Wait Until Element Is Visible" owner="SeleniumLibrary">
<arg>${sub_menu_loc}</arg>
<doc>Waits until the element ``locator`` is visible.</doc>
<status status="NOT RUN" start="2026-03-14T20:17:57.227232" elapsed="0.000000"/>
</kw>
<status status="NOT RUN" start="2026-03-14T20:17:57.226233" elapsed="0.000999"/>
</branch>
<status status="PASS" start="2026-03-14T20:17:57.226233" elapsed="0.000999"/>
</if>
<kw name="Click Element" owner="SeleniumLibrary">
<msg time="2026-03-14T20:17:57.227232" level="INFO">Clicking element '//a[descendant::p[text()="Customers"]]'.</msg>
<arg>${sub_menu_loc}</arg>
<doc>Click the element identified by ``locator``.</doc>
<status status="PASS" start="2026-03-14T20:17:57.227232" elapsed="0.085987"/>
</kw>
<kw name="Wait Until Element Is Visible" owner="SeleniumLibrary">
<arg>//h6[//span[text()="${sub_menu}"]]</arg>
<doc>Waits until the element ``locator`` is visible.</doc>
<status status="PASS" start="2026-03-14T20:17:57.313219" elapsed="0.035971"/>
</kw>
<kw name="Run Keyword If" owner="BuiltIn">
<kw name="Sleep" owner="BuiltIn">
<msg time="2026-03-14T20:17:59.353796" level="INFO">Slept 2 seconds.</msg>
<arg>2s</arg>
<doc>Pauses the test executed for the given time.</doc>
<status status="PASS" start="2026-03-14T20:17:57.350231" elapsed="2.003565"/>
</kw>
<arg>"${sub_menu}"=="Customers"</arg>
<arg>Sleep</arg>
<arg>2s</arg>
<doc>Runs the given keyword with the given arguments, if ``condition`` is true.</doc>
<status status="PASS" start="2026-03-14T20:17:57.350231" elapsed="2.003565"/>
</kw>
<arg>Customers</arg>
<status status="PASS" start="2026-03-14T20:17:57.203932" elapsed="2.149864"/>
</kw>
<kw name="Get WebElements" owner="SeleniumLibrary">
<msg time="2026-03-14T20:17:59.366750" level="INFO">${web_elems} = [&lt;selenium.webdriver.remote.webelement.WebElement (session="44dc9d050cd97df27c5ebcc979f72df2", element="f.0488B582AA4580BC894442D42883779F.d.77FF4AF9582A013C17F461BF0E16310A.e.230")&gt;, &lt;selenium.webdri...</msg>
<var>${web_elems}</var>
<arg>//tbody//tr</arg>
<doc>Returns a list of WebElement objects matching the ``locator``.</doc>
<status status="PASS" start="2026-03-14T20:17:59.354838" elapsed="0.011912"/>
</kw>
<for flavor="IN ENUMERATE">
<iter>
<kw name="Get Text" owner="SeleniumLibrary">
<msg time="2026-03-14T20:17:59.389910" level="INFO">${name} = L
Leanne Graham</msg>
<var>${name}</var>
<arg>((//tbody//tr)[${i+1}]//td)[2]</arg>
<doc>Returns the text value of the element identified by ``locator``.</doc>
<status status="PASS" start="2026-03-14T20:17:59.367752" elapsed="0.022158"/>
</kw>
<kw name="Clean Text" owner="App">
<if>
<branch type="IF" condition="&quot;\\n&quot; in &quot;&quot;&quot;${text}&quot;&quot;&quot;">
<kw name="Evaluate" owner="BuiltIn">
<msg time="2026-03-14T20:17:59.391904" level="INFO">${text} = Leanne Graham</msg>
<var>${text}</var>
<arg>"""${text}""".replace("\\n","")[1:]</arg>
<doc>Evaluates the given expression in Python and returns the result.</doc>
<status status="PASS" start="2026-03-14T20:17:59.390907" elapsed="0.000997"/>
</kw>
<status status="PASS" start="2026-03-14T20:17:59.390907" elapsed="0.000997"/>
</branch>
<status status="PASS" start="2026-03-14T20:17:59.390907" elapsed="0.000997"/>
</if>
<kw name="Return From Keyword" owner="BuiltIn">
<msg time="2026-03-14T20:17:59.392901" level="INFO">Returning from the enclosing user keyword.</msg>
<arg>${text}</arg>
<doc>Returns from the enclosing user keyword.</doc>
<status status="PASS" start="2026-03-14T20:17:59.392901" elapsed="0.000000"/>
</kw>
<msg time="2026-03-14T20:17:59.392901" level="INFO">${name} = Leanne Graham</msg>
<var>${name}</var>
<arg>${name}</arg>
<status status="PASS" start="2026-03-14T20:17:59.389910" elapsed="0.003988"/>
</kw>
<kw name="Return From Keyword If" owner="BuiltIn">
<msg time="2026-03-14T20:17:59.396890" level="INFO">Returning from the enclosing user keyword.</msg>
<arg>"${user["first_name"]} ${user["last_name"]}"=="${name}"</arg>
<arg>${i+1}</arg>
<doc>Returns from the enclosing user keyword if ``condition`` is true.</doc>
<status status="PASS" start="2026-03-14T20:17:59.393898" elapsed="0.002992"/>
</kw>
<var name="${i}">0</var>
<var name="${elem}">&lt;selenium.webdriver.remote.webelement.WebElement (session="44dc9d050cd97df27c5ebcc979f72df2", element="f.0488B582AA4580BC894442D42883779F.d.77FF4AF9582A013C17F461BF0E16310A.e.230")&gt;</var>
<status status="PASS" start="2026-03-14T20:17:59.367752" elapsed="0.029138"/>
</iter>
<var>${i}</var>
<var>${elem}</var>
<value>@{web_elems}</value>
<status status="PASS" start="2026-03-14T20:17:59.366750" elapsed="0.030140"/>
</for>
<msg time="2026-03-14T20:17:59.397888" level="INFO">${user_row} = 1</msg>
<var>${user_row}</var>
<arg>${user}</arg>
<status status="PASS" start="2026-03-14T20:17:57.202936" elapsed="2.194952"/>
</kw>
<kw name="Wait Until Element Is Visible" owner="SeleniumLibrary">
<arg>((//tbody//tr)[${user_row}]//td)[2]</arg>
<doc>Waits until the element ``locator`` is visible.</doc>
<status status="PASS" start="2026-03-14T20:17:59.398885" elapsed="0.020931"/>
</kw>
<kw name="Click Element" owner="SeleniumLibrary">
<msg time="2026-03-14T20:17:59.420818" level="INFO">Clicking element '((//tbody//tr)[1]//td)[2]'.</msg>
<arg>((//tbody//tr)[${user_row}]//td)[2]</arg>
<doc>Click the element identified by ``locator``.</doc>
<status status="PASS" start="2026-03-14T20:17:59.419816" elapsed="0.104514"/>
</kw>
<kw name="Wait Until Element Is Visible" owner="SeleniumLibrary">
<arg>${cust_txt_first_name}</arg>
<doc>Waits until the element ``locator`` is visible.</doc>
<status status="PASS" start="2026-03-14T20:17:59.525328" elapsed="0.252686"/>
</kw>
<kw name="Create List" owner="BuiltIn">
<msg time="2026-03-14T20:17:59.781050" level="INFO">${locators} = ['//input[@name="first_name"]', '//input[@name="last_name"]', '//input[@name="email"]', '//input[@name="birthday"]', '//textarea[@name="address"]', '//input[@name="city"]', '//input[@name="stateAbbr"]...</msg>
<var>${locators}</var>
<arg>${cust_txt_first_name}</arg>
<arg>${cust_txt_last_name}</arg>
<arg>${cust_txt_email}</arg>
<arg>${cust_txt_birthday}</arg>
<arg>${cust_txt_address}</arg>
<arg>${cust_txt_city}</arg>
<arg>${cust_txt_stateAbbr}</arg>
<arg>${cust_txt_zipcode}</arg>
<arg>${cust_txt_password}</arg>
<arg>${cust_txt_confirm_password}</arg>
<doc>Returns a list containing given items.</doc>
<status status="PASS" start="2026-03-14T20:17:59.779015" elapsed="0.002035"/>
</kw>
<kw name="Create List" owner="BuiltIn">
<msg time="2026-03-14T20:17:59.789985" level="INFO">${expected_values} = ['Leanne', 'Graham', 'Sincere@april.biz', '04/17/2002', 'Kulas Light Apt. 556', 'Gwenborough', 'KAG', '92998-3874', 'oCJkOhL3', 'oCJkOhL3']</msg>
<var>${expected_values}</var>
<arg>${user['first_name']}</arg>
<arg>${user['last_name']}</arg>
<arg>${user['email']}</arg>
<arg>${user['birthday']}</arg>
<arg>${user['address']['street']} ${user["address"]['suite']}</arg>
<arg>${user['address']['city']}</arg>
<arg>${user['address']['stateAbbr']}</arg>
<arg>${user['address']['zipcode']}</arg>
<arg>${user['password']}</arg>
<arg>${user['password']}</arg>
<doc>Returns a list containing given items.</doc>
<status status="PASS" start="2026-03-14T20:17:59.781050" elapsed="0.008935"/>
</kw>
<for flavor="IN ENUMERATE">
<iter>
<kw name="Mouse Over" owner="SeleniumLibrary">
<msg time="2026-03-14T20:17:59.790983" level="INFO">Simulating Mouse Over on element '//input[@name="first_name"]'.</msg>
<arg>${locator}</arg>
<doc>Simulates hovering the mouse over the element ``locator``.</doc>
<status status="PASS" start="2026-03-14T20:17:59.789985" elapsed="0.296980"/>
</kw>
<kw name="Get Value" owner="SeleniumLibrary">
<msg time="2026-03-14T20:18:00.108403" level="INFO">${value_text} = Leanne</msg>
<var>${value_text}</var>
<arg>${locator}</arg>
<doc>Returns the value attribute of the element identified by ``locator``.</doc>
<status status="PASS" start="2026-03-14T20:18:00.086965" elapsed="0.021438"/>
</kw>
<if>
<branch type="IF" condition="'${locator}'=='${cust_txt_birthday}'">
<kw name="Format Birthday" owner="Customers">
<var>${value_text}</var>
<arg>${value_text}</arg>
<status status="NOT RUN" start="2026-03-14T20:18:00.109406" elapsed="0.000000"/>
</kw>
<status status="NOT RUN" start="2026-03-14T20:18:00.108403" elapsed="0.001003"/>
</branch>
<status status="PASS" start="2026-03-14T20:18:00.108403" elapsed="0.001003"/>
</if>
<kw name="Should Be Equal As Strings" owner="BuiltIn">
<arg>${expected_values[${i}]}</arg>
<arg>${value_text}</arg>
<doc>Fails if objects are unequal after converting them to strings.</doc>
<status status="PASS" start="2026-03-14T20:18:00.109406" elapsed="0.001993"/>
</kw>
<var name="${i}">0</var>
<var name="${locator}">//input[@name="first_name"]</var>
<status status="PASS" start="2026-03-14T20:17:59.789985" elapsed="0.321414"/>
</iter>
<iter>
<kw name="Mouse Over" owner="SeleniumLibrary">
<msg time="2026-03-14T20:18:00.113398" level="INFO">Simulating Mouse Over on element '//input[@name="last_name"]'.</msg>
<arg>${locator}</arg>
<doc>Simulates hovering the mouse over the element ``locator``.</doc>
<status status="PASS" start="2026-03-14T20:18:00.112397" elapsed="0.300638"/>
</kw>
<kw name="Get Value" owner="SeleniumLibrary">
<msg time="2026-03-14T20:18:00.431626" level="INFO">${value_text} = Graham</msg>
<var>${value_text}</var>
<arg>${locator}</arg>
<doc>Returns the value attribute of the element identified by ``locator``.</doc>
<status status="PASS" start="2026-03-14T20:18:00.413035" elapsed="0.018591"/>
</kw>
<if>
<branch type="IF" condition="'${locator}'=='${cust_txt_birthday}'">
<kw name="Format Birthday" owner="Customers">
<var>${value_text}</var>
<arg>${value_text}</arg>
<status status="NOT RUN" start="2026-03-14T20:18:00.432621" elapsed="0.000997"/>
</kw>
<status status="NOT RUN" start="2026-03-14T20:18:00.432621" elapsed="0.000997"/>
</branch>
<status status="PASS" start="2026-03-14T20:18:00.431626" elapsed="0.001992"/>
</if>
<kw name="Should Be Equal As Strings" owner="BuiltIn">
<arg>${expected_values[${i}]}</arg>
<arg>${value_text}</arg>
<doc>Fails if objects are unequal after converting them to strings.</doc>
<status status="PASS" start="2026-03-14T20:18:00.433618" elapsed="0.002992"/>
</kw>
<var name="${i}">1</var>
<var name="${locator}">//input[@name="last_name"]</var>
<status status="PASS" start="2026-03-14T20:18:00.112397" elapsed="0.324213"/>
</iter>
<iter>
<kw name="Mouse Over" owner="SeleniumLibrary">
<msg time="2026-03-14T20:18:00.437609" level="INFO">Simulating Mouse Over on element '//input[@name="email"]'.</msg>
<arg>${locator}</arg>
<doc>Simulates hovering the mouse over the element ``locator``.</doc>
<status status="PASS" start="2026-03-14T20:18:00.436610" elapsed="0.288954"/>
</kw>
<kw name="Get Value" owner="SeleniumLibrary">
<msg time="2026-03-14T20:18:00.749501" level="INFO">${value_text} = Sincere@april.biz</msg>
<var>${value_text}</var>
<arg>${locator}</arg>
<doc>Returns the value attribute of the element identified by ``locator``.</doc>
<status status="PASS" start="2026-03-14T20:18:00.726562" elapsed="0.022939"/>
</kw>
<if>
<branch type="IF" condition="'${locator}'=='${cust_txt_birthday}'">
<kw name="Format Birthday" owner="Customers">
<var>${value_text}</var>
<arg>${value_text}</arg>
<status status="NOT RUN" start="2026-03-14T20:18:00.750498" elapsed="0.000000"/>
</kw>
<status status="NOT RUN" start="2026-03-14T20:18:00.749501" elapsed="0.000997"/>
</branch>
<status status="PASS" start="2026-03-14T20:18:00.749501" elapsed="0.000997"/>
</if>
<kw name="Should Be Equal As Strings" owner="BuiltIn">
<arg>${expected_values[${i}]}</arg>
<arg>${value_text}</arg>
<doc>Fails if objects are unequal after converting them to strings.</doc>
<status status="PASS" start="2026-03-14T20:18:00.751496" elapsed="0.002992"/>
</kw>
<var name="${i}">2</var>
<var name="${locator}">//input[@name="email"]</var>
<status status="PASS" start="2026-03-14T20:18:00.436610" elapsed="0.317878"/>
</iter>
<iter>
<kw name="Mouse Over" owner="SeleniumLibrary">
<msg time="2026-03-14T20:18:00.755485" level="INFO">Simulating Mouse Over on element '//input[@name="birthday"]'.</msg>
<arg>${locator}</arg>
<doc>Simulates hovering the mouse over the element ``locator``.</doc>
<status status="PASS" start="2026-03-14T20:18:00.755485" elapsed="0.284990"/>
</kw>
<kw name="Get Value" owner="SeleniumLibrary">
<msg time="2026-03-14T20:18:01.058067" level="INFO">${value_text} = 2002-04-17</msg>
<var>${value_text}</var>
<arg>${locator}</arg>
<doc>Returns the value attribute of the element identified by ``locator``.</doc>
<status status="PASS" start="2026-03-14T20:18:01.040475" elapsed="0.017592"/>
</kw>
<if>
<branch type="IF" condition="'${locator}'=='${cust_txt_birthday}'">
<kw name="Format Birthday" owner="Customers">
<kw name="Evaluate" owner="BuiltIn">
<msg time="2026-03-14T20:18:01.060061" level="INFO">${formatted} = 04/17/2002</msg>
<var>${formatted}</var>
<arg>"/".join("${date}".split("-")[1:]+["${date}".split("-")[0]])</arg>
<doc>Evaluates the given expression in Python and returns the result.</doc>
<status status="PASS" start="2026-03-14T20:18:01.059064" elapsed="0.000997"/>
</kw>
<return>
<value>${formatted}</value>
<status status="PASS" start="2026-03-14T20:18:01.060061" elapsed="0.000000"/>
</return>
<msg time="2026-03-14T20:18:01.061058" level="INFO">${value_text} = 04/17/2002</msg>
<var>${value_text}</var>
<arg>${value_text}</arg>
<status status="PASS" start="2026-03-14T20:18:01.059064" elapsed="0.001994"/>
</kw>
<status status="PASS" start="2026-03-14T20:18:01.058067" elapsed="0.002991"/>
</branch>
<status status="PASS" start="2026-03-14T20:18:01.058067" elapsed="0.002991"/>
</if>
<kw name="Should Be Equal As Strings" owner="BuiltIn">
<arg>${expected_values[${i}]}</arg>
<arg>${value_text}</arg>
<doc>Fails if objects are unequal after converting them to strings.</doc>
<status status="PASS" start="2026-03-14T20:18:01.061058" elapsed="0.001995"/>
</kw>
<var name="${i}">3</var>
<var name="${locator}">//input[@name="birthday"]</var>
<status status="PASS" start="2026-03-14T20:18:00.754488" elapsed="0.308565"/>
</iter>
<iter>
<kw name="Mouse Over" owner="SeleniumLibrary">
<msg time="2026-03-14T20:18:01.064051" level="INFO">Simulating Mouse Over on element '//textarea[@name="address"]'.</msg>
<arg>${locator}</arg>
<doc>Simulates hovering the mouse over the element ``locator``.</doc>
<status status="PASS" start="2026-03-14T20:18:01.063053" elapsed="0.276117"/>
</kw>
<kw name="Get Value" owner="SeleniumLibrary">
<msg time="2026-03-14T20:18:01.356768" level="INFO">${value_text} = Kulas Light Apt. 556</msg>
<var>${value_text}</var>
<arg>${locator}</arg>
<doc>Returns the value attribute of the element identified by ``locator``.</doc>
<status status="PASS" start="2026-03-14T20:18:01.339170" elapsed="0.017598"/>
</kw>
<if>
<branch type="IF" condition="'${locator}'=='${cust_txt_birthday}'">
<kw name="Format Birthday" owner="Customers">
<var>${value_text}</var>
<arg>${value_text}</arg>
<status status="NOT RUN" start="2026-03-14T20:18:01.357766" elapsed="0.000000"/>
</kw>
<status status="NOT RUN" start="2026-03-14T20:18:01.356768" elapsed="0.000998"/>
</branch>
<status status="PASS" start="2026-03-14T20:18:01.356768" elapsed="0.000998"/>
</if>
<kw name="Should Be Equal As Strings" owner="BuiltIn">
<arg>${expected_values[${i}]}</arg>
<arg>${value_text}</arg>
<doc>Fails if objects are unequal after converting them to strings.</doc>
<status status="PASS" start="2026-03-14T20:18:01.357766" elapsed="0.001992"/>
</kw>
<var name="${i}">4</var>
<var name="${locator}">//textarea[@name="address"]</var>
<status status="PASS" start="2026-03-14T20:18:01.063053" elapsed="0.296705"/>
</iter>
<iter>
<kw name="Mouse Over" owner="SeleniumLibrary">
<msg time="2026-03-14T20:18:01.360755" level="INFO">Simulating Mouse Over on element '//input[@name="city"]'.</msg>
<arg>${locator}</arg>
<doc>Simulates hovering the mouse over the element ``locator``.</doc>
<status status="PASS" start="2026-03-14T20:18:01.360755" elapsed="0.275473"/>
</kw>
<kw name="Get Value" owner="SeleniumLibrary">
<msg time="2026-03-14T20:18:01.654465" level="INFO">${value_text} = Gwenborough</msg>
<var>${value_text}</var>
<arg>${locator}</arg>
<doc>Returns the value attribute of the element identified by ``locator``.</doc>
<status status="PASS" start="2026-03-14T20:18:01.636228" elapsed="0.018237"/>
</kw>
<if>
<branch type="IF" condition="'${locator}'=='${cust_txt_birthday}'">
<kw name="Format Birthday" owner="Customers">
<var>${value_text}</var>
<arg>${value_text}</arg>
<status status="NOT RUN" start="2026-03-14T20:18:01.655463" elapsed="0.000000"/>
</kw>
<status status="NOT RUN" start="2026-03-14T20:18:01.654465" elapsed="0.000998"/>
</branch>
<status status="PASS" start="2026-03-14T20:18:01.654465" elapsed="0.000998"/>
</if>
<kw name="Should Be Equal As Strings" owner="BuiltIn">
<arg>${expected_values[${i}]}</arg>
<arg>${value_text}</arg>
<doc>Fails if objects are unequal after converting them to strings.</doc>
<status status="PASS" start="2026-03-14T20:18:01.655463" elapsed="0.001993"/>
</kw>
<var name="${i}">5</var>
<var name="${locator}">//input[@name="city"]</var>
<status status="PASS" start="2026-03-14T20:18:01.359758" elapsed="0.297698"/>
</iter>
<iter>
<kw name="Mouse Over" owner="SeleniumLibrary">
<msg time="2026-03-14T20:18:01.658454" level="INFO">Simulating Mouse Over on element '//input[@name="stateAbbr"]'.</msg>
<arg>${locator}</arg>
<doc>Simulates hovering the mouse over the element ``locator``.</doc>
<status status="PASS" start="2026-03-14T20:18:01.658454" elapsed="0.277585"/>
</kw>
<kw name="Get Value" owner="SeleniumLibrary">
<msg time="2026-03-14T20:18:01.953621" level="INFO">${value_text} = KAG</msg>
<var>${value_text}</var>
<arg>${locator}</arg>
<doc>Returns the value attribute of the element identified by ``locator``.</doc>
<status status="PASS" start="2026-03-14T20:18:01.936039" elapsed="0.017582"/>
</kw>
<if>
<branch type="IF" condition="'${locator}'=='${cust_txt_birthday}'">
<kw name="Format Birthday" owner="Customers">
<var>${value_text}</var>
<arg>${value_text}</arg>
<status status="NOT RUN" start="2026-03-14T20:18:01.954616" elapsed="0.000000"/>
</kw>
<status status="NOT RUN" start="2026-03-14T20:18:01.953621" elapsed="0.000995"/>
</branch>
<status status="PASS" start="2026-03-14T20:18:01.953621" elapsed="0.000995"/>
</if>
<kw name="Should Be Equal As Strings" owner="BuiltIn">
<arg>${expected_values[${i}]}</arg>
<arg>${value_text}</arg>
<doc>Fails if objects are unequal after converting them to strings.</doc>
<status status="PASS" start="2026-03-14T20:18:01.954616" elapsed="0.001996"/>
</kw>
<var name="${i}">6</var>
<var name="${locator}">//input[@name="stateAbbr"]</var>
<status status="PASS" start="2026-03-14T20:18:01.657456" elapsed="0.299156"/>
</iter>
<iter>
<kw name="Mouse Over" owner="SeleniumLibrary">
<msg time="2026-03-14T20:18:01.957650" level="INFO">Simulating Mouse Over on element '//input[@name="zipcode"]'.</msg>
<arg>${locator}</arg>
<doc>Simulates hovering the mouse over the element ``locator``.</doc>
<status status="PASS" start="2026-03-14T20:18:01.957650" elapsed="0.279013"/>
</kw>
<kw name="Get Value" owner="SeleniumLibrary">
<msg time="2026-03-14T20:18:02.254099" level="INFO">${value_text} = 92998-3874</msg>
<var>${value_text}</var>
<arg>${locator}</arg>
<doc>Returns the value attribute of the element identified by ``locator``.</doc>
<status status="PASS" start="2026-03-14T20:18:02.236663" elapsed="0.017436"/>
</kw>
<if>
<branch type="IF" condition="'${locator}'=='${cust_txt_birthday}'">
<kw name="Format Birthday" owner="Customers">
<var>${value_text}</var>
<arg>${value_text}</arg>
<status status="NOT RUN" start="2026-03-14T20:18:02.255097" elapsed="0.000000"/>
</kw>
<status status="NOT RUN" start="2026-03-14T20:18:02.254099" elapsed="0.000998"/>
</branch>
<status status="PASS" start="2026-03-14T20:18:02.254099" elapsed="0.000998"/>
</if>
<kw name="Should Be Equal As Strings" owner="BuiltIn">
<arg>${expected_values[${i}]}</arg>
<arg>${value_text}</arg>
<doc>Fails if objects are unequal after converting them to strings.</doc>
<status status="PASS" start="2026-03-14T20:18:02.255097" elapsed="0.001993"/>
</kw>
<var name="${i}">7</var>
<var name="${locator}">//input[@name="zipcode"]</var>
<status status="PASS" start="2026-03-14T20:18:01.956612" elapsed="0.301475"/>
</iter>
<iter>
<kw name="Mouse Over" owner="SeleniumLibrary">
<msg time="2026-03-14T20:18:02.258087" level="INFO">Simulating Mouse Over on element '//input[@name="password"]'.</msg>
<arg>${locator}</arg>
<doc>Simulates hovering the mouse over the element ``locator``.</doc>
<status status="PASS" start="2026-03-14T20:18:02.258087" elapsed="0.278526"/>
</kw>
<kw name="Get Value" owner="SeleniumLibrary">
<msg time="2026-03-14T20:18:02.553901" level="INFO">${value_text} = oCJkOhL3</msg>
<var>${value_text}</var>
<arg>${locator}</arg>
<doc>Returns the value attribute of the element identified by ``locator``.</doc>
<status status="PASS" start="2026-03-14T20:18:02.536613" elapsed="0.017288"/>
</kw>
<if>
<branch type="IF" condition="'${locator}'=='${cust_txt_birthday}'">
<kw name="Format Birthday" owner="Customers">
<var>${value_text}</var>
<arg>${value_text}</arg>
<status status="NOT RUN" start="2026-03-14T20:18:02.554897" elapsed="0.000000"/>
</kw>
<status status="NOT RUN" start="2026-03-14T20:18:02.554897" elapsed="0.000000"/>
</branch>
<status status="PASS" start="2026-03-14T20:18:02.553901" elapsed="0.000996"/>
</if>
<kw name="Should Be Equal As Strings" owner="BuiltIn">
<arg>${expected_values[${i}]}</arg>
<arg>${value_text}</arg>
<doc>Fails if objects are unequal after converting them to strings.</doc>
<status status="PASS" start="2026-03-14T20:18:02.554897" elapsed="0.001993"/>
</kw>
<var name="${i}">8</var>
<var name="${locator}">//input[@name="password"]</var>
<status status="PASS" start="2026-03-14T20:18:02.258087" elapsed="0.298803"/>
</iter>
<iter>
<kw name="Mouse Over" owner="SeleniumLibrary">
<msg time="2026-03-14T20:18:02.557888" level="INFO">Simulating Mouse Over on element '//input[@name="confirm_password"]'.</msg>
<arg>${locator}</arg>
<doc>Simulates hovering the mouse over the element ``locator``.</doc>
<status status="PASS" start="2026-03-14T20:18:02.557888" elapsed="0.277118"/>
</kw>
<kw name="Get Value" owner="SeleniumLibrary">
<msg time="2026-03-14T20:18:02.853083" level="INFO">${value_text} = oCJkOhL3</msg>
<var>${value_text}</var>
<arg>${locator}</arg>
<doc>Returns the value attribute of the element identified by ``locator``.</doc>
<status status="PASS" start="2026-03-14T20:18:02.835006" elapsed="0.018077"/>
</kw>
<if>
<branch type="IF" condition="'${locator}'=='${cust_txt_birthday}'">
<kw name="Format Birthday" owner="Customers">
<var>${value_text}</var>
<arg>${value_text}</arg>
<status status="NOT RUN" start="2026-03-14T20:18:02.854082" elapsed="0.000000"/>
</kw>
<status status="NOT RUN" start="2026-03-14T20:18:02.853083" elapsed="0.000999"/>
</branch>
<status status="PASS" start="2026-03-14T20:18:02.853083" elapsed="0.000999"/>
</if>
<kw name="Should Be Equal As Strings" owner="BuiltIn">
<arg>${expected_values[${i}]}</arg>
<arg>${value_text}</arg>
<doc>Fails if objects are unequal after converting them to strings.</doc>
<status status="PASS" start="2026-03-14T20:18:02.855079" elapsed="0.001994"/>
</kw>
<var name="${i}">9</var>
<var name="${locator}">//input[@name="confirm_password"]</var>
<status status="PASS" start="2026-03-14T20:18:02.557888" elapsed="0.299185"/>
</iter>
<var>${i}</var>
<var>${locator}</var>
<value>@{locators}</value>
<status status="PASS" start="2026-03-14T20:17:59.789985" elapsed="3.067088"/>
</for>
<arg>${user}</arg>
<status status="PASS" start="2026-03-14T20:17:57.201937" elapsed="5.655136"/>
</kw>
<var name="${i}">0</var>
<status status="PASS" start="2026-03-14T20:17:48.273123" elapsed="14.583950"/>
</iter>
<iter>
<kw name="Set Variable" owner="BuiltIn">
<msg time="2026-03-14T20:18:02.859067" level="INFO">${user} = {'id': 2, 'username': 'Antonette', 'email': 'Shanna@melissa.tv', 'address': {'street': 'Victor Plains', 'suite': 'Suite 879', 'city': 'Wisokyburgh', 'zipcode': '90566-7771', 'geo': {'lat': '-43.9509',...</msg>
<var>${user}</var>
<arg>${users}[${i}]</arg>
<doc>Returns the given values which can then be assigned to a variables.</doc>
<status status="PASS" start="2026-03-14T20:18:02.858071" elapsed="0.000996"/>
</kw>
<kw name="Navigate" owner="App">
<kw name="Set Variable" owner="BuiltIn">
<msg time="2026-03-14T20:18:02.861061" level="INFO">${sub_menu_loc} = //a[descendant::p[text()="Customers"]]</msg>
<var>${sub_menu_loc}</var>
<arg>//a[descendant::p[text()="${sub_menu}"]]</arg>
<doc>Returns the given values which can then be assigned to a variables.</doc>
<status status="PASS" start="2026-03-14T20:18:02.860064" elapsed="0.000997"/>
</kw>
<kw name="Run Keyword And Return Status" owner="BuiltIn">
<kw name="Element Should Be Visible" owner="SeleniumLibrary">
<msg time="2026-03-14T20:18:02.880602" level="INFO">Element '//a[descendant::p[text()="Customers"]]' is displayed.</msg>
<arg>${sub_menu_loc}</arg>
<doc>Verifies that the element identified by ``locator`` is visible.</doc>
<status status="PASS" start="2026-03-14T20:18:02.862059" elapsed="0.018543"/>
</kw>
<msg time="2026-03-14T20:18:02.880602" level="INFO">${status} = True</msg>
<var>${status}</var>
<arg>Element Should Be Visible</arg>
<arg>${sub_menu_loc}</arg>
<doc>Runs the specified keyword and returns the status as a Boolean value.</doc>
<status status="PASS" start="2026-03-14T20:18:02.861061" elapsed="0.019541"/>
</kw>
<if>
<branch type="IF" condition="not ${status}">
<kw name="Get Parent Menu" owner="App">
<var>${parent_menu}</var>
<arg>${sub_menu}</arg>
<status status="NOT RUN" start="2026-03-14T20:18:02.881633" elapsed="0.000964"/>
</kw>
<kw name="Click Element" owner="SeleniumLibrary">
<arg>${parent_menu}</arg>
<doc>Click the element identified by ``locator``.</doc>
<status status="NOT RUN" start="2026-03-14T20:18:02.882597" elapsed="0.000000"/>
</kw>
<kw name="Wait Until Element Is Visible" owner="SeleniumLibrary">
<arg>${sub_menu_loc}</arg>
<doc>Waits until the element ``locator`` is visible.</doc>
<status status="NOT RUN" start="2026-03-14T20:18:02.882597" elapsed="0.000000"/>
</kw>
<status status="NOT RUN" start="2026-03-14T20:18:02.881633" elapsed="0.001961"/>
</branch>
<status status="PASS" start="2026-03-14T20:18:02.881633" elapsed="0.001961"/>
</if>
<kw name="Click Element" owner="SeleniumLibrary">
<msg time="2026-03-14T20:18:02.884591" level="INFO">Clicking element '//a[descendant::p[text()="Customers"]]'.</msg>
<arg>${sub_menu_loc}</arg>
<doc>Click the element identified by ``locator``.</doc>
<status status="PASS" start="2026-03-14T20:18:02.883594" elapsed="0.091321"/>
</kw>
<kw name="Wait Until Element Is Visible" owner="SeleniumLibrary">
<arg>//h6[//span[text()="${sub_menu}"]]</arg>
<doc>Waits until the element ``locator`` is visible.</doc>
<status status="PASS" start="2026-03-14T20:18:02.975914" elapsed="0.358524"/>
</kw>
<kw name="Run Keyword If" owner="BuiltIn">
<kw name="Sleep" owner="BuiltIn">
<msg time="2026-03-14T20:18:05.340697" level="INFO">Slept 2 seconds.</msg>
<arg>2s</arg>
<doc>Pauses the test executed for the given time.</doc>
<status status="PASS" start="2026-03-14T20:18:03.336435" elapsed="2.004262"/>
</kw>
<arg>"${sub_menu}"=="Customers"</arg>
<arg>Sleep</arg>
<arg>2s</arg>
<doc>Runs the given keyword with the given arguments, if ``condition`` is true.</doc>
<status status="PASS" start="2026-03-14T20:18:03.334438" elapsed="2.006259"/>
</kw>
<arg>Customers</arg>
<status status="PASS" start="2026-03-14T20:18:02.859067" elapsed="2.482608"/>
</kw>
<kw name="Open Create Modal" owner="Customers">
<kw name="Click Element" owner="SeleniumLibrary">
<msg time="2026-03-14T20:18:05.342668" level="INFO">Clicking element '//a[text()="Create"]'.</msg>
<arg>//a[text()="Create"]</arg>
<doc>Click the element identified by ``locator``.</doc>
<status status="PASS" start="2026-03-14T20:18:05.341675" elapsed="0.096680"/>
</kw>
<kw name="Wait Until Element Is Visible" owner="SeleniumLibrary">
<arg>//h6[descendant::span[text()="Create Customer"]]</arg>
<doc>Waits until the element ``locator`` is visible.</doc>
<status status="PASS" start="2026-03-14T20:18:05.438355" elapsed="0.298662"/>
</kw>
<status status="PASS" start="2026-03-14T20:18:05.341675" elapsed="0.395342"/>
</kw>
<kw name="Input Text" owner="SeleniumLibrary">
<msg time="2026-03-14T20:18:05.739013" level="INFO">Typing text 'Ervin' into text field '//input[@name="first_name"]'.</msg>
<arg>${cust_txt_first_name}</arg>
<arg>${user['first_name']}</arg>
<doc>Types the given ``text`` into the text field identified by ``locator``.</doc>
<status status="PASS" start="2026-03-14T20:18:05.738018" elapsed="0.138225"/>
</kw>
<kw name="Input Text" owner="SeleniumLibrary">
<msg time="2026-03-14T20:18:05.880234" level="INFO">Typing text 'Howell' into text field '//input[@name="last_name"]'.</msg>
<arg>${cust_txt_last_name}</arg>
<arg>${user['last_name']}</arg>
<doc>Types the given ``text`` into the text field identified by ``locator``.</doc>
<status status="PASS" start="2026-03-14T20:18:05.877240" elapsed="0.161597"/>
</kw>
<kw name="Input Text" owner="SeleniumLibrary">
<msg time="2026-03-14T20:18:06.041827" level="INFO">Typing text 'Shanna@melissa.tv' into text field '//input[@name="email"]'.</msg>
<arg>${cust_txt_email}</arg>
<arg>${user['email']}</arg>
<doc>Types the given ``text`` into the text field identified by ``locator``.</doc>
<status status="PASS" start="2026-03-14T20:18:06.038837" elapsed="0.172538"/>
</kw>
<kw name="Set React Date Input" owner="App">
<kw name="Get WebElement" owner="SeleniumLibrary">
<msg time="2026-03-14T20:18:06.225337" level="INFO">${element} = &lt;selenium.webdriver.remote.webelement.WebElement (session="44dc9d050cd97df27c5ebcc979f72df2", element="f.0488B582AA4580BC894442D42883779F.d.77FF4AF9582A013C17F461BF0E16310A.e.327")&gt;</msg>
<var>${element}</var>
<arg>${locator}</arg>
<doc>Returns the first WebElement matching the given ``locator``.</doc>
<status status="PASS" start="2026-03-14T20:18:06.216363" elapsed="0.008974"/>
</kw>
<kw name="Set Variable" owner="BuiltIn">
<msg time="2026-03-14T20:18:06.226333" level="INFO">${js} = let d = arguments[1].split('/'); let iso = d[2]+'-'+d[0]+'-'+d[1]; let set = Object.getOwnPropertyDescriptor(window.HTMLInputElement.prototype, 'value').set; set.call(arguments[0], iso); arguments[0]....</msg>
<var>${js}</var>
<arg>let d = arguments[1].split('/'); let iso = d[2]+'-'+d[0]+'-'+d[1]; let set = Object.getOwnPropertyDescriptor(window.HTMLInputElement.prototype, 'value').set; set.call(arguments[0], iso); arguments[0].dispatchEvent(new Event('input', {bubbles: true}));</arg>
<doc>Returns the given values which can then be assigned to a variables.</doc>
<status status="PASS" start="2026-03-14T20:18:06.225337" elapsed="0.000996"/>
</kw>
<kw name="Execute Javascript" owner="SeleniumLibrary">
<msg time="2026-03-14T20:18:06.227331" level="INFO">Executing JavaScript:
let d = arguments[1].split('/'); let iso = d[2]+'-'+d[0]+'-'+d[1]; let set = Object.getOwnPropertyDescriptor(window.HTMLInputElement.prototype, 'value').set; set.call(arguments[0], iso); arguments[0].dispatchEvent(new Event('input', {bubbles: true}));
By using arguments:
'&lt;selenium.webdriver.remote.webelement.WebElement (session="44dc9d050cd97df27c5ebcc979f72df2", element="f.0488B582AA4580BC894442D42883779F.d.77FF4AF9582A013C17F461BF0E16310A.e.327")&gt;' and '12/23/2002'</msg>
<arg>${js}</arg>
<arg>ARGUMENTS</arg>
<arg>${element}</arg>
<arg>${date_str}</arg>
<doc>Executes the given JavaScript code with possible arguments.</doc>
<status status="PASS" start="2026-03-14T20:18:06.226333" elapsed="0.019951"/>
</kw>
<arg>${cust_txt_birthday}</arg>
<arg>${user['birthday']}</arg>
<status status="PASS" start="2026-03-14T20:18:06.212371" elapsed="0.033913"/>
</kw>
<kw name="Input Text" owner="SeleniumLibrary">
<msg time="2026-03-14T20:18:06.249273" level="INFO">Typing text 'Victor Plains Suite 879' into text field '//textarea[@name="address"]'.</msg>
<arg>${cust_txt_address}</arg>
<arg>${user['address']['street']} ${user["address"]['suite']}</arg>
<doc>Types the given ``text`` into the text field identified by ``locator``.</doc>
<status status="PASS" start="2026-03-14T20:18:06.246284" elapsed="0.190492"/>
</kw>
<kw name="Input Text" owner="SeleniumLibrary">
<msg time="2026-03-14T20:18:06.438766" level="INFO">Typing text 'Wisokyburgh' into text field '//input[@name="city"]'.</msg>
<arg>${cust_txt_city}</arg>
<arg>${user['address']['city']}</arg>
<doc>Types the given ``text`` into the text field identified by ``locator``.</doc>
<status status="PASS" start="2026-03-14T20:18:06.437769" elapsed="0.153590"/>
</kw>
<kw name="Input Text" owner="SeleniumLibrary">
<msg time="2026-03-14T20:18:06.594350" level="INFO">Typing text 'VSW' into text field '//input[@name="stateAbbr"]'.</msg>
<arg>${cust_txt_stateAbbr}</arg>
<arg>${user['address']['stateAbbr']}</arg>
<doc>Types the given ``text`` into the text field identified by ``locator``.</doc>
<status status="PASS" start="2026-03-14T20:18:06.592357" elapsed="0.135636"/>
</kw>
<kw name="Input Text" owner="SeleniumLibrary">
<msg time="2026-03-14T20:18:06.731982" level="INFO">Typing text '90566-7771' into text field '//input[@name="zipcode"]'.</msg>
<arg>${cust_txt_zipcode}</arg>
<arg>${user['address']['zipcode']}</arg>
<doc>Types the given ``text`` into the text field identified by ``locator``.</doc>
<status status="PASS" start="2026-03-14T20:18:06.728990" elapsed="0.148602"/>
</kw>
<kw name="Input Text" owner="SeleniumLibrary">
<msg time="2026-03-14T20:18:06.881582" level="INFO">Typing text 'bj9sqXKE' into text field '//input[@name="password"]'.</msg>
<arg>${cust_txt_password}</arg>
<arg>${user['password']}</arg>
<doc>Types the given ``text`` into the text field identified by ``locator``.</doc>
<status status="PASS" start="2026-03-14T20:18:06.877592" elapsed="0.148612"/>
</kw>
<kw name="Input Text" owner="SeleniumLibrary">
<msg time="2026-03-14T20:18:07.030185" level="INFO">Typing text 'bj9sqXKE' into text field '//input[@name="confirm_password"]'.</msg>
<arg>${cust_txt_confirm_password}</arg>
<arg>${user['password']}</arg>
<doc>Types the given ``text`` into the text field identified by ``locator``.</doc>
<status status="PASS" start="2026-03-14T20:18:07.027194" elapsed="0.160570"/>
</kw>
<kw name="Click Element" owner="SeleniumLibrary">
<msg time="2026-03-14T20:18:07.189757" level="INFO">Clicking element '//button[@aria-label="Save"]'.</msg>
<arg>${customers_btn_save}</arg>
<doc>Click the element identified by ``locator``.</doc>
<status status="PASS" start="2026-03-14T20:18:07.188760" elapsed="0.117687"/>
</kw>
<kw name="Wait Until Element Is Visible" owner="SeleniumLibrary">
<arg>//div[text()="Customer created"]</arg>
<doc>Waits until the element ``locator`` is visible.</doc>
<status status="PASS" start="2026-03-14T20:18:07.307443" elapsed="0.480209"/>
</kw>
<kw name="Verify If Customer Is Added In The Table" owner="Customers">
<kw name="Get Customer Row" owner="Customers">
<kw name="Navigate" owner="App">
<kw name="Set Variable" owner="BuiltIn">
<msg time="2026-03-14T20:18:07.790673" level="INFO">${sub_menu_loc} = //a[descendant::p[text()="Customers"]]</msg>
<var>${sub_menu_loc}</var>
<arg>//a[descendant::p[text()="${sub_menu}"]]</arg>
<doc>Returns the given values which can then be assigned to a variables.</doc>
<status status="PASS" start="2026-03-14T20:18:07.790673" elapsed="0.000000"/>
</kw>
<kw name="Run Keyword And Return Status" owner="BuiltIn">
<kw name="Element Should Be Visible" owner="SeleniumLibrary">
<msg time="2026-03-14T20:18:07.823334" level="INFO">Element '//a[descendant::p[text()="Customers"]]' is displayed.</msg>
<arg>${sub_menu_loc}</arg>
<doc>Verifies that the element identified by ``locator`` is visible.</doc>
<status status="PASS" start="2026-03-14T20:18:07.791671" elapsed="0.031663"/>
</kw>
<msg time="2026-03-14T20:18:07.823334" level="INFO">${status} = True</msg>
<var>${status}</var>
<arg>Element Should Be Visible</arg>
<arg>${sub_menu_loc}</arg>
<doc>Runs the specified keyword and returns the status as a Boolean value.</doc>
<status status="PASS" start="2026-03-14T20:18:07.790673" elapsed="0.032661"/>
</kw>
<if>
<branch type="IF" condition="not ${status}">
<kw name="Get Parent Menu" owner="App">
<var>${parent_menu}</var>
<arg>${sub_menu}</arg>
<status status="NOT RUN" start="2026-03-14T20:18:07.824369" elapsed="0.000000"/>
</kw>
<kw name="Click Element" owner="SeleniumLibrary">
<arg>${parent_menu}</arg>
<doc>Click the element identified by ``locator``.</doc>
<status status="NOT RUN" start="2026-03-14T20:18:07.825362" elapsed="0.000000"/>
</kw>
<kw name="Wait Until Element Is Visible" owner="SeleniumLibrary">
<arg>${sub_menu_loc}</arg>
<doc>Waits until the element ``locator`` is visible.</doc>
<status status="NOT RUN" start="2026-03-14T20:18:07.825362" elapsed="0.000000"/>
</kw>
<status status="NOT RUN" start="2026-03-14T20:18:07.824369" elapsed="0.000993"/>
</branch>
<status status="PASS" start="2026-03-14T20:18:07.824369" elapsed="0.000993"/>
</if>
<kw name="Click Element" owner="SeleniumLibrary">
<msg time="2026-03-14T20:18:07.826361" level="INFO">Clicking element '//a[descendant::p[text()="Customers"]]'.</msg>
<arg>${sub_menu_loc}</arg>
<doc>Click the element identified by ``locator``.</doc>
<status status="PASS" start="2026-03-14T20:18:07.825362" elapsed="0.124628"/>
</kw>
<kw name="Wait Until Element Is Visible" owner="SeleniumLibrary">
<arg>//h6[//span[text()="${sub_menu}"]]</arg>
<doc>Waits until the element ``locator`` is visible.</doc>
<status status="PASS" start="2026-03-14T20:18:07.949990" elapsed="0.496012"/>
</kw>
<kw name="Run Keyword If" owner="BuiltIn">
<kw name="Sleep" owner="BuiltIn">
<msg time="2026-03-14T20:18:10.450010" level="INFO">Slept 2 seconds.</msg>
<arg>2s</arg>
<doc>Pauses the test executed for the given time.</doc>
<status status="PASS" start="2026-03-14T20:18:08.447997" elapsed="2.002013"/>
</kw>
<arg>"${sub_menu}"=="Customers"</arg>
<arg>Sleep</arg>
<arg>2s</arg>
<doc>Runs the given keyword with the given arguments, if ``condition`` is true.</doc>
<status status="PASS" start="2026-03-14T20:18:08.447007" elapsed="2.004008"/>
</kw>
<arg>Customers</arg>
<status status="PASS" start="2026-03-14T20:18:07.789677" elapsed="2.661338"/>
</kw>
<kw name="Get WebElements" owner="SeleniumLibrary">
<msg time="2026-03-14T20:18:10.463958" level="INFO">${web_elems} = [&lt;selenium.webdriver.remote.webelement.WebElement (session="44dc9d050cd97df27c5ebcc979f72df2", element="f.0488B582AA4580BC894442D42883779F.d.77FF4AF9582A013C17F461BF0E16310A.e.524")&gt;, &lt;selenium.webdri...</msg>
<var>${web_elems}</var>
<arg>//tbody//tr</arg>
<doc>Returns a list of WebElement objects matching the ``locator``.</doc>
<status status="PASS" start="2026-03-14T20:18:10.451015" elapsed="0.012943"/>
</kw>
<for flavor="IN ENUMERATE">
<iter>
<kw name="Get Text" owner="SeleniumLibrary">
<msg time="2026-03-14T20:18:10.489134" level="INFO">${name} = E
Ervin Howell</msg>
<var>${name}</var>
<arg>((//tbody//tr)[${i+1}]//td)[2]</arg>
<doc>Returns the text value of the element identified by ``locator``.</doc>
<status status="PASS" start="2026-03-14T20:18:10.464960" elapsed="0.024174"/>
</kw>
<kw name="Clean Text" owner="App">
<if>
<branch type="IF" condition="&quot;\\n&quot; in &quot;&quot;&quot;${text}&quot;&quot;&quot;">
<kw name="Evaluate" owner="BuiltIn">
<msg time="2026-03-14T20:18:10.491133" level="INFO">${text} = Ervin Howell</msg>
<var>${text}</var>
<arg>"""${text}""".replace("\\n","")[1:]</arg>
<doc>Evaluates the given expression in Python and returns the result.</doc>
<status status="PASS" start="2026-03-14T20:18:10.490136" elapsed="0.000997"/>
</kw>
<status status="PASS" start="2026-03-14T20:18:10.490136" elapsed="0.000997"/>
</branch>
<status status="PASS" start="2026-03-14T20:18:10.490136" elapsed="0.000997"/>
</if>
<kw name="Return From Keyword" owner="BuiltIn">
<msg time="2026-03-14T20:18:10.492130" level="INFO">Returning from the enclosing user keyword.</msg>
<arg>${text}</arg>
<doc>Returns from the enclosing user keyword.</doc>
<status status="PASS" start="2026-03-14T20:18:10.492130" elapsed="0.000000"/>
</kw>
<msg time="2026-03-14T20:18:10.492130" level="INFO">${name} = Ervin Howell</msg>
<var>${name}</var>
<arg>${name}</arg>
<status status="PASS" start="2026-03-14T20:18:10.490136" elapsed="0.001994"/>
</kw>
<kw name="Return From Keyword If" owner="BuiltIn">
<msg time="2026-03-14T20:18:10.495122" level="INFO">Returning from the enclosing user keyword.</msg>
<arg>"${user["first_name"]} ${user["last_name"]}"=="${name}"</arg>
<arg>${i+1}</arg>
<doc>Returns from the enclosing user keyword if ``condition`` is true.</doc>
<status status="PASS" start="2026-03-14T20:18:10.493127" elapsed="0.001995"/>
</kw>
<var name="${i}">0</var>
<var name="${elem}">&lt;selenium.webdriver.remote.webelement.WebElement (session="44dc9d050cd97df27c5ebcc979f72df2", element="f.0488B582AA4580BC894442D42883779F.d.77FF4AF9582A013C17F461BF0E16310A.e.524")&gt;</var>
<status status="PASS" start="2026-03-14T20:18:10.464960" elapsed="0.031159"/>
</iter>
<var>${i}</var>
<var>${elem}</var>
<value>@{web_elems}</value>
<status status="PASS" start="2026-03-14T20:18:10.464960" elapsed="0.031159"/>
</for>
<msg time="2026-03-14T20:18:10.497116" level="INFO">${user_row} = 1</msg>
<var>${user_row}</var>
<arg>${user}</arg>
<status status="PASS" start="2026-03-14T20:18:07.788679" elapsed="2.708437"/>
</kw>
<kw name="Should Not Be Equal As Strings" owner="BuiltIn">
<msg time="2026-03-14T20:18:10.498114" level="INFO">Argument types are:
&lt;class 'str'&gt;
&lt;class 'int'&gt;</msg>
<arg>None</arg>
<arg>${user_row}</arg>
<doc>Fails if objects are equal after converting them to strings.</doc>
<status status="PASS" start="2026-03-14T20:18:10.497116" elapsed="0.000998"/>
</kw>
<arg>${user}</arg>
<status status="PASS" start="2026-03-14T20:18:07.788679" elapsed="2.709435"/>
</kw>
<kw name="Verify Customer Identity Details" owner="Customers">
<kw name="Get Customer Row" owner="Customers">
<kw name="Navigate" owner="App">
<kw name="Set Variable" owner="BuiltIn">
<msg time="2026-03-14T20:18:10.502103" level="INFO">${sub_menu_loc} = //a[descendant::p[text()="Customers"]]</msg>
<var>${sub_menu_loc}</var>
<arg>//a[descendant::p[text()="${sub_menu}"]]</arg>
<doc>Returns the given values which can then be assigned to a variables.</doc>
<status status="PASS" start="2026-03-14T20:18:10.502103" elapsed="0.000997"/>
</kw>
<kw name="Run Keyword And Return Status" owner="BuiltIn">
<kw name="Element Should Be Visible" owner="SeleniumLibrary">
<msg time="2026-03-14T20:18:10.524948" level="INFO">Element '//a[descendant::p[text()="Customers"]]' is displayed.</msg>
<arg>${sub_menu_loc}</arg>
<doc>Verifies that the element identified by ``locator`` is visible.</doc>
<status status="PASS" start="2026-03-14T20:18:10.503100" elapsed="0.021848"/>
</kw>
<msg time="2026-03-14T20:18:10.525979" level="INFO">${status} = True</msg>
<var>${status}</var>
<arg>Element Should Be Visible</arg>
<arg>${sub_menu_loc}</arg>
<doc>Runs the specified keyword and returns the status as a Boolean value.</doc>
<status status="PASS" start="2026-03-14T20:18:10.503100" elapsed="0.022879"/>
</kw>
<if>
<branch type="IF" condition="not ${status}">
<kw name="Get Parent Menu" owner="App">
<var>${parent_menu}</var>
<arg>${sub_menu}</arg>
<status status="NOT RUN" start="2026-03-14T20:18:10.525979" elapsed="0.000000"/>
</kw>
<kw name="Click Element" owner="SeleniumLibrary">
<arg>${parent_menu}</arg>
<doc>Click the element identified by ``locator``.</doc>
<status status="NOT RUN" start="2026-03-14T20:18:10.526974" elapsed="0.000000"/>
</kw>
<kw name="Wait Until Element Is Visible" owner="SeleniumLibrary">
<arg>${sub_menu_loc}</arg>
<doc>Waits until the element ``locator`` is visible.</doc>
<status status="NOT RUN" start="2026-03-14T20:18:10.526974" elapsed="0.000000"/>
</kw>
<status status="NOT RUN" start="2026-03-14T20:18:10.525979" elapsed="0.000995"/>
</branch>
<status status="PASS" start="2026-03-14T20:18:10.525979" elapsed="0.000995"/>
</if>
<kw name="Click Element" owner="SeleniumLibrary">
<msg time="2026-03-14T20:18:10.527985" level="INFO">Clicking element '//a[descendant::p[text()="Customers"]]'.</msg>
<arg>${sub_menu_loc}</arg>
<doc>Click the element identified by ``locator``.</doc>
<status status="PASS" start="2026-03-14T20:18:10.526974" elapsed="0.086183"/>
</kw>
<kw name="Wait Until Element Is Visible" owner="SeleniumLibrary">
<arg>//h6[//span[text()="${sub_menu}"]]</arg>
<doc>Waits until the element ``locator`` is visible.</doc>
<status status="PASS" start="2026-03-14T20:18:10.614156" elapsed="0.042074"/>
</kw>
<kw name="Run Keyword If" owner="BuiltIn">
<kw name="Sleep" owner="BuiltIn">
<msg time="2026-03-14T20:18:12.672803" level="INFO">Slept 2 seconds.</msg>
<arg>2s</arg>
<doc>Pauses the test executed for the given time.</doc>
<status status="PASS" start="2026-03-14T20:18:10.657229" elapsed="2.015574"/>
</kw>
<arg>"${sub_menu}"=="Customers"</arg>
<arg>Sleep</arg>
<arg>2s</arg>
<doc>Runs the given keyword with the given arguments, if ``condition`` is true.</doc>
<status status="PASS" start="2026-03-14T20:18:10.656230" elapsed="2.016573"/>
</kw>
<arg>Customers</arg>
<status status="PASS" start="2026-03-14T20:18:10.501106" elapsed="2.171697"/>
</kw>
<kw name="Get WebElements" owner="SeleniumLibrary">
<msg time="2026-03-14T20:18:12.685345" level="INFO">${web_elems} = [&lt;selenium.webdriver.remote.webelement.WebElement (session="44dc9d050cd97df27c5ebcc979f72df2", element="f.0488B582AA4580BC894442D42883779F.d.77FF4AF9582A013C17F461BF0E16310A.e.524")&gt;, &lt;selenium.webdri...</msg>
<var>${web_elems}</var>
<arg>//tbody//tr</arg>
<doc>Returns a list of WebElement objects matching the ``locator``.</doc>
<status status="PASS" start="2026-03-14T20:18:12.673845" elapsed="0.011500"/>
</kw>
<for flavor="IN ENUMERATE">
<iter>
<kw name="Get Text" owner="SeleniumLibrary">
<msg time="2026-03-14T20:18:12.708522" level="INFO">${name} = E
Ervin Howell</msg>
<var>${name}</var>
<arg>((//tbody//tr)[${i+1}]//td)[2]</arg>
<doc>Returns the text value of the element identified by ``locator``.</doc>
<status status="PASS" start="2026-03-14T20:18:12.686384" elapsed="0.022138"/>
</kw>
<kw name="Clean Text" owner="App">
<if>
<branch type="IF" condition="&quot;\\n&quot; in &quot;&quot;&quot;${text}&quot;&quot;&quot;">
<kw name="Evaluate" owner="BuiltIn">
<msg time="2026-03-14T20:18:12.711514" level="INFO">${text} = Ervin Howell</msg>
<var>${text}</var>
<arg>"""${text}""".replace("\\n","")[1:]</arg>
<doc>Evaluates the given expression in Python and returns the result.</doc>
<status status="PASS" start="2026-03-14T20:18:12.710517" elapsed="0.000997"/>
</kw>
<status status="PASS" start="2026-03-14T20:18:12.709521" elapsed="0.001993"/>
</branch>
<status status="PASS" start="2026-03-14T20:18:12.709521" elapsed="0.001993"/>
</if>
<kw name="Return From Keyword" owner="BuiltIn">
<msg time="2026-03-14T20:18:12.712514" level="INFO">Returning from the enclosing user keyword.</msg>
<arg>${text}</arg>
<doc>Returns from the enclosing user keyword.</doc>
<status status="PASS" start="2026-03-14T20:18:12.711514" elapsed="0.001000"/>
</kw>
<msg time="2026-03-14T20:18:12.712514" level="INFO">${name} = Ervin Howell</msg>
<var>${name}</var>
<arg>${name}</arg>
<status status="PASS" start="2026-03-14T20:18:12.709521" elapsed="0.003989"/>
</kw>
<kw name="Return From Keyword If" owner="BuiltIn">
<msg time="2026-03-14T20:18:12.716500" level="INFO">Returning from the enclosing user keyword.</msg>
<arg>"${user["first_name"]} ${user["last_name"]}"=="${name}"</arg>
<arg>${i+1}</arg>
<doc>Returns from the enclosing user keyword if ``condition`` is true.</doc>
<status status="PASS" start="2026-03-14T20:18:12.713510" elapsed="0.002990"/>
</kw>
<var name="${i}">0</var>
<var name="${elem}">&lt;selenium.webdriver.remote.webelement.WebElement (session="44dc9d050cd97df27c5ebcc979f72df2", element="f.0488B582AA4580BC894442D42883779F.d.77FF4AF9582A013C17F461BF0E16310A.e.524")&gt;</var>
<status status="PASS" start="2026-03-14T20:18:12.686384" elapsed="0.030116"/>
</iter>
<var>${i}</var>
<var>${elem}</var>
<value>@{web_elems}</value>
<status status="PASS" start="2026-03-14T20:18:12.686384" elapsed="0.031114"/>
</for>
<msg time="2026-03-14T20:18:12.718495" level="INFO">${user_row} = 1</msg>
<var>${user_row}</var>
<arg>${user}</arg>
<status status="PASS" start="2026-03-14T20:18:10.500108" elapsed="2.218387"/>
</kw>
<kw name="Wait Until Element Is Visible" owner="SeleniumLibrary">
<arg>((//tbody//tr)[${user_row}]//td)[2]</arg>
<doc>Waits until the element ``locator`` is visible.</doc>
<status status="PASS" start="2026-03-14T20:18:12.718495" elapsed="0.020989"/>
</kw>
<kw name="Click Element" owner="SeleniumLibrary">
<msg time="2026-03-14T20:18:12.740486" level="INFO">Clicking element '((//tbody//tr)[1]//td)[2]'.</msg>
<arg>((//tbody//tr)[${user_row}]//td)[2]</arg>
<doc>Click the element identified by ``locator``.</doc>
<status status="PASS" start="2026-03-14T20:18:12.739484" elapsed="0.107792"/>
</kw>
<kw name="Wait Until Element Is Visible" owner="SeleniumLibrary">
<arg>${cust_txt_first_name}</arg>
<doc>Waits until the element ``locator`` is visible.</doc>
<status status="PASS" start="2026-03-14T20:18:12.848272" elapsed="0.268148"/>
</kw>
<kw name="Create List" owner="BuiltIn">
<msg time="2026-03-14T20:18:13.118419" level="INFO">${locators} = ['//input[@name="first_name"]', '//input[@name="last_name"]', '//input[@name="email"]', '//input[@name="birthday"]', '//textarea[@name="address"]', '//input[@name="city"]', '//input[@name="stateAbbr"]...</msg>
<var>${locators}</var>
<arg>${cust_txt_first_name}</arg>
<arg>${cust_txt_last_name}</arg>
<arg>${cust_txt_email}</arg>
<arg>${cust_txt_birthday}</arg>
<arg>${cust_txt_address}</arg>
<arg>${cust_txt_city}</arg>
<arg>${cust_txt_stateAbbr}</arg>
<arg>${cust_txt_zipcode}</arg>
<arg>${cust_txt_password}</arg>
<arg>${cust_txt_confirm_password}</arg>
<doc>Returns a list containing given items.</doc>
<status status="PASS" start="2026-03-14T20:18:13.116420" elapsed="0.001999"/>
</kw>
<kw name="Create List" owner="BuiltIn">
<msg time="2026-03-14T20:18:13.131386" level="INFO">${expected_values} = ['Ervin', 'Howell', 'Shanna@melissa.tv', '12/23/2002', 'Victor Plains Suite 879', 'Wisokyburgh', 'VSW', '90566-7771', 'bj9sqXKE', 'bj9sqXKE']</msg>
<var>${expected_values}</var>
<arg>${user['first_name']}</arg>
<arg>${user['last_name']}</arg>
<arg>${user['email']}</arg>
<arg>${user['birthday']}</arg>
<arg>${user['address']['street']} ${user["address"]['suite']}</arg>
<arg>${user['address']['city']}</arg>
<arg>${user['address']['stateAbbr']}</arg>
<arg>${user['address']['zipcode']}</arg>
<arg>${user['password']}</arg>
<arg>${user['password']}</arg>
<doc>Returns a list containing given items.</doc>
<status status="PASS" start="2026-03-14T20:18:13.118419" elapsed="0.012967"/>
</kw>
<for flavor="IN ENUMERATE">
<iter>
<kw name="Mouse Over" owner="SeleniumLibrary">
<msg time="2026-03-14T20:18:13.133382" level="INFO">Simulating Mouse Over on element '//input[@name="first_name"]'.</msg>
<arg>${locator}</arg>
<doc>Simulates hovering the mouse over the element ``locator``.</doc>
<status status="PASS" start="2026-03-14T20:18:13.133382" elapsed="0.293502"/>
</kw>
<kw name="Get Value" owner="SeleniumLibrary">
<msg time="2026-03-14T20:18:13.447558" level="INFO">${value_text} = Ervin</msg>
<var>${value_text}</var>
<arg>${locator}</arg>
<doc>Returns the value attribute of the element identified by ``locator``.</doc>
<status status="PASS" start="2026-03-14T20:18:13.426884" elapsed="0.020674"/>
</kw>
<if>
<branch type="IF" condition="'${locator}'=='${cust_txt_birthday}'">
<kw name="Format Birthday" owner="Customers">
<var>${value_text}</var>
<arg>${value_text}</arg>
<status status="NOT RUN" start="2026-03-14T20:18:13.448556" elapsed="0.000000"/>
</kw>
<status status="NOT RUN" start="2026-03-14T20:18:13.448556" elapsed="0.000995"/>
</branch>
<status status="PASS" start="2026-03-14T20:18:13.448556" elapsed="0.000995"/>
</if>
<kw name="Should Be Equal As Strings" owner="BuiltIn">
<arg>${expected_values[${i}]}</arg>
<arg>${value_text}</arg>
<doc>Fails if objects are unequal after converting them to strings.</doc>
<status status="PASS" start="2026-03-14T20:18:13.449551" elapsed="0.003030"/>
</kw>
<var name="${i}">0</var>
<var name="${locator}">//input[@name="first_name"]</var>
<status status="PASS" start="2026-03-14T20:18:13.132384" elapsed="0.320197"/>
</iter>
<iter>
<kw name="Mouse Over" owner="SeleniumLibrary">
<msg time="2026-03-14T20:18:13.453576" level="INFO">Simulating Mouse Over on element '//input[@name="last_name"]'.</msg>
<arg>${locator}</arg>
<doc>Simulates hovering the mouse over the element ``locator``.</doc>
<status status="PASS" start="2026-03-14T20:18:13.453576" elapsed="0.287044"/>
</kw>
<kw name="Get Value" owner="SeleniumLibrary">
<msg time="2026-03-14T20:18:13.759554" level="INFO">${value_text} = Howell</msg>
<var>${value_text}</var>
<arg>${locator}</arg>
<doc>Returns the value attribute of the element identified by ``locator``.</doc>
<status status="PASS" start="2026-03-14T20:18:13.740620" elapsed="0.018934"/>
</kw>
<if>
<branch type="IF" condition="'${locator}'=='${cust_txt_birthday}'">
<kw name="Format Birthday" owner="Customers">
<var>${value_text}</var>
<arg>${value_text}</arg>
<status status="NOT RUN" start="2026-03-14T20:18:13.761544" elapsed="0.000000"/>
</kw>
<status status="NOT RUN" start="2026-03-14T20:18:13.759554" elapsed="0.001990"/>
</branch>
<status status="PASS" start="2026-03-14T20:18:13.759554" elapsed="0.002988"/>
</if>
<kw name="Should Be Equal As Strings" owner="BuiltIn">
<arg>${expected_values[${i}]}</arg>
<arg>${value_text}</arg>
<doc>Fails if objects are unequal after converting them to strings.</doc>
<status status="PASS" start="2026-03-14T20:18:13.762542" elapsed="0.002995"/>
</kw>
<var name="${i}">1</var>
<var name="${locator}">//input[@name="last_name"]</var>
<status status="PASS" start="2026-03-14T20:18:13.452581" elapsed="0.313952"/>
</iter>
<iter>
<kw name="Mouse Over" owner="SeleniumLibrary">
<msg time="2026-03-14T20:18:13.768528" level="INFO">Simulating Mouse Over on element '//input[@name="email"]'.</msg>
<arg>${locator}</arg>
<doc>Simulates hovering the mouse over the element ``locator``.</doc>
<status status="PASS" start="2026-03-14T20:18:13.767531" elapsed="0.288064"/>
</kw>
<kw name="Get Value" owner="SeleniumLibrary">
<msg time="2026-03-14T20:18:14.076233" level="INFO">${value_text} = Shanna@melissa.tv</msg>
<var>${value_text}</var>
<arg>${locator}</arg>
<doc>Returns the value attribute of the element identified by ``locator``.</doc>
<status status="PASS" start="2026-03-14T20:18:14.056591" elapsed="0.019642"/>
</kw>
<if>
<branch type="IF" condition="'${locator}'=='${cust_txt_birthday}'">
<kw name="Format Birthday" owner="Customers">
<var>${value_text}</var>
<arg>${value_text}</arg>
<status status="NOT RUN" start="2026-03-14T20:18:14.077231" elapsed="0.000000"/>
</kw>
<status status="NOT RUN" start="2026-03-14T20:18:14.077231" elapsed="0.000000"/>
</branch>
<status status="PASS" start="2026-03-14T20:18:14.076233" elapsed="0.000998"/>
</if>
<kw name="Should Be Equal As Strings" owner="BuiltIn">
<arg>${expected_values[${i}]}</arg>
<arg>${value_text}</arg>
[...]
<arg>${text}</arg>
<doc>Returns from the enclosing user keyword.</doc>
<status status="PASS" start="2026-03-14T20:20:41.534451" elapsed="0.000000"/>
</kw>
<msg time="2026-03-14T20:20:41.534451" level="INFO">${name} = Larry West</msg>
<var>${name}</var>
<arg>${name}</arg>
<status status="PASS" start="2026-03-14T20:20:41.531460" elapsed="0.003989"/>
</kw>
<kw name="Get Text" owner="SeleniumLibrary">
<msg time="2026-03-14T20:20:41.553122" level="INFO">${total_spent} = $0.00</msg>
<var>${total_spent}</var>
<arg>((//tbody//tr)[${i+1}]//td)[5]</arg>
<doc>Returns the text value of the element identified by ``locator``.</doc>
<status status="PASS" start="2026-03-14T20:20:41.535449" elapsed="0.017673"/>
</kw>
<if>
<branch type="IF" condition="&quot;${total_spent}&quot; != &quot;$0.00&quot;">
<kw name="Log To Console" owner="BuiltIn">
<arg>${ctr}. ${name}: ${total_spent}</arg>
<doc>Logs the given message to the console.</doc>
<status status="NOT RUN" start="2026-03-14T20:20:41.554119" elapsed="0.000000"/>
</kw>
<kw name="Evaluate" owner="BuiltIn">
<var>${ctr}</var>
<arg>${ctr} + ${1}</arg>
<doc>Evaluates the given expression in Python and returns the result.</doc>
<status status="NOT RUN" start="2026-03-14T20:20:41.554119" elapsed="0.000000"/>
</kw>
<kw name="Evaluate" owner="BuiltIn">
<var>${float_total}</var>
<arg>float('${total_spent}'.replace('$', '').replace(',', ''))</arg>
<doc>Evaluates the given expression in Python and returns the result.</doc>
<status status="NOT RUN" start="2026-03-14T20:20:41.554119" elapsed="0.000996"/>
</kw>
<kw name="Evaluate" owner="BuiltIn">
<var>${final_total}</var>
<arg>${final_total}+${float_total}</arg>
<doc>Evaluates the given expression in Python and returns the result.</doc>
<status status="NOT RUN" start="2026-03-14T20:20:41.555115" elapsed="0.000000"/>
</kw>
<status status="NOT RUN" start="2026-03-14T20:20:41.554119" elapsed="0.000996"/>
</branch>
<status status="PASS" start="2026-03-14T20:20:41.553122" elapsed="0.001993"/>
</if>
<var name="${i}">20</var>
<var name="${elem}">&lt;selenium.webdriver.remote.webelement.WebElement (session="44dc9d050cd97df27c5ebcc979f72df2", element="f.0488B582AA4580BC894442D42883779F.d.77FF4AF9582A013C17F461BF0E16310A.e.2315")&gt;</var>
<status status="PASS" start="2026-03-14T20:20:41.512515" elapsed="0.042600"/>
</iter>
<iter>
<kw name="Get Text" owner="SeleniumLibrary">
<msg time="2026-03-14T20:20:41.576054" level="INFO">${name} = J
Justen Reinger</msg>
<var>${name}</var>
<arg>((//tbody//tr)[${i+1}]//td)[2]</arg>
<doc>Returns the text value of the element identified by ``locator``.</doc>
<status status="PASS" start="2026-03-14T20:20:41.556112" elapsed="0.019942"/>
</kw>
<kw name="Clean Text" owner="App">
<if>
<branch type="IF" condition="&quot;\\n&quot; in &quot;&quot;&quot;${text}&quot;&quot;&quot;">
<kw name="Evaluate" owner="BuiltIn">
<msg time="2026-03-14T20:20:41.578048" level="INFO">${text} = Justen Reinger</msg>
<var>${text}</var>
<arg>"""${text}""".replace("\\n","")[1:]</arg>
<doc>Evaluates the given expression in Python and returns the result.</doc>
<status status="PASS" start="2026-03-14T20:20:41.577052" elapsed="0.000996"/>
</kw>
<status status="PASS" start="2026-03-14T20:20:41.577052" elapsed="0.000996"/>
</branch>
<status status="PASS" start="2026-03-14T20:20:41.577052" elapsed="0.000996"/>
</if>
<kw name="Return From Keyword" owner="BuiltIn">
<msg time="2026-03-14T20:20:41.579045" level="INFO">Returning from the enclosing user keyword.</msg>
<arg>${text}</arg>
<doc>Returns from the enclosing user keyword.</doc>
<status status="PASS" start="2026-03-14T20:20:41.578048" elapsed="0.000997"/>
</kw>
<msg time="2026-03-14T20:20:41.579045" level="INFO">${name} = Justen Reinger</msg>
<var>${name}</var>
<arg>${name}</arg>
<status status="PASS" start="2026-03-14T20:20:41.576054" elapsed="0.002991"/>
</kw>
<kw name="Get Text" owner="SeleniumLibrary">
<msg time="2026-03-14T20:20:41.598988" level="INFO">${total_spent} = $0.00</msg>
<var>${total_spent}</var>
<arg>((//tbody//tr)[${i+1}]//td)[5]</arg>
<doc>Returns the text value of the element identified by ``locator``.</doc>
<status status="PASS" start="2026-03-14T20:20:41.579045" elapsed="0.019943"/>
</kw>
<if>
<branch type="IF" condition="&quot;${total_spent}&quot; != &quot;$0.00&quot;">
<kw name="Log To Console" owner="BuiltIn">
<arg>${ctr}. ${name}: ${total_spent}</arg>
<doc>Logs the given message to the console.</doc>
<status status="NOT RUN" start="2026-03-14T20:20:41.599985" elapsed="0.000000"/>
</kw>
<kw name="Evaluate" owner="BuiltIn">
<var>${ctr}</var>
<arg>${ctr} + ${1}</arg>
<doc>Evaluates the given expression in Python and returns the result.</doc>
<status status="NOT RUN" start="2026-03-14T20:20:41.599985" elapsed="0.000000"/>
</kw>
<kw name="Evaluate" owner="BuiltIn">
<var>${float_total}</var>
<arg>float('${total_spent}'.replace('$', '').replace(',', ''))</arg>
<doc>Evaluates the given expression in Python and returns the result.</doc>
<status status="NOT RUN" start="2026-03-14T20:20:41.599985" elapsed="0.000000"/>
</kw>
<kw name="Evaluate" owner="BuiltIn">
<var>${final_total}</var>
<arg>${final_total}+${float_total}</arg>
<doc>Evaluates the given expression in Python and returns the result.</doc>
<status status="NOT RUN" start="2026-03-14T20:20:41.600981" elapsed="0.000000"/>
</kw>
<status status="NOT RUN" start="2026-03-14T20:20:41.598988" elapsed="0.001993"/>
</branch>
<status status="PASS" start="2026-03-14T20:20:41.598988" elapsed="0.001993"/>
</if>
<var name="${i}">21</var>
<var name="${elem}">&lt;selenium.webdriver.remote.webelement.WebElement (session="44dc9d050cd97df27c5ebcc979f72df2", element="f.0488B582AA4580BC894442D42883779F.d.77FF4AF9582A013C17F461BF0E16310A.e.2316")&gt;</var>
<status status="PASS" start="2026-03-14T20:20:41.555115" elapsed="0.045866"/>
</iter>
<iter>
<kw name="Get Text" owner="SeleniumLibrary">
<msg time="2026-03-14T20:20:41.624739" level="INFO">${name} = S
Selena Ondricka</msg>
<var>${name}</var>
<arg>((//tbody//tr)[${i+1}]//td)[2]</arg>
<doc>Returns the text value of the element identified by ``locator``.</doc>
<status status="PASS" start="2026-03-14T20:20:41.600981" elapsed="0.023758"/>
</kw>
<kw name="Clean Text" owner="App">
<if>
<branch type="IF" condition="&quot;\\n&quot; in &quot;&quot;&quot;${text}&quot;&quot;&quot;">
<kw name="Evaluate" owner="BuiltIn">
<msg time="2026-03-14T20:20:41.626737" level="INFO">${text} = Selena Ondricka</msg>
<var>${text}</var>
<arg>"""${text}""".replace("\\n","")[1:]</arg>
<doc>Evaluates the given expression in Python and returns the result.</doc>
<status status="PASS" start="2026-03-14T20:20:41.626737" elapsed="0.000000"/>
</kw>
<status status="PASS" start="2026-03-14T20:20:41.625741" elapsed="0.001993"/>
</branch>
<status status="PASS" start="2026-03-14T20:20:41.625741" elapsed="0.001993"/>
</if>
<kw name="Return From Keyword" owner="BuiltIn">
<msg time="2026-03-14T20:20:41.627734" level="INFO">Returning from the enclosing user keyword.</msg>
<arg>${text}</arg>
<doc>Returns from the enclosing user keyword.</doc>
<status status="PASS" start="2026-03-14T20:20:41.627734" elapsed="0.000000"/>
</kw>
<msg time="2026-03-14T20:20:41.628731" level="INFO">${name} = Selena Ondricka</msg>
<var>${name}</var>
<arg>${name}</arg>
<status status="PASS" start="2026-03-14T20:20:41.625741" elapsed="0.002990"/>
</kw>
<kw name="Get Text" owner="SeleniumLibrary">
<msg time="2026-03-14T20:20:41.650817" level="INFO">${total_spent} = $0.00</msg>
<var>${total_spent}</var>
<arg>((//tbody//tr)[${i+1}]//td)[5]</arg>
<doc>Returns the text value of the element identified by ``locator``.</doc>
<status status="PASS" start="2026-03-14T20:20:41.628731" elapsed="0.022086"/>
</kw>
<if>
<branch type="IF" condition="&quot;${total_spent}&quot; != &quot;$0.00&quot;">
<kw name="Log To Console" owner="BuiltIn">
<arg>${ctr}. ${name}: ${total_spent}</arg>
<doc>Logs the given message to the console.</doc>
<status status="NOT RUN" start="2026-03-14T20:20:41.651819" elapsed="0.000000"/>
</kw>
<kw name="Evaluate" owner="BuiltIn">
<var>${ctr}</var>
<arg>${ctr} + ${1}</arg>
<doc>Evaluates the given expression in Python and returns the result.</doc>
<status status="NOT RUN" start="2026-03-14T20:20:41.651819" elapsed="0.000000"/>
</kw>
<kw name="Evaluate" owner="BuiltIn">
<var>${float_total}</var>
<arg>float('${total_spent}'.replace('$', '').replace(',', ''))</arg>
<doc>Evaluates the given expression in Python and returns the result.</doc>
<status status="NOT RUN" start="2026-03-14T20:20:41.651819" elapsed="0.000000"/>
</kw>
<kw name="Evaluate" owner="BuiltIn">
<var>${final_total}</var>
<arg>${final_total}+${float_total}</arg>
<doc>Evaluates the given expression in Python and returns the result.</doc>
<status status="NOT RUN" start="2026-03-14T20:20:41.652815" elapsed="0.000000"/>
</kw>
<status status="NOT RUN" start="2026-03-14T20:20:41.650817" elapsed="0.001998"/>
</branch>
<status status="PASS" start="2026-03-14T20:20:41.650817" elapsed="0.001998"/>
</if>
<var name="${i}">22</var>
<var name="${elem}">&lt;selenium.webdriver.remote.webelement.WebElement (session="44dc9d050cd97df27c5ebcc979f72df2", element="f.0488B582AA4580BC894442D42883779F.d.77FF4AF9582A013C17F461BF0E16310A.e.2317")&gt;</var>
<status status="PASS" start="2026-03-14T20:20:41.600981" elapsed="0.051834"/>
</iter>
<iter>
<kw name="Get Text" owner="SeleniumLibrary">
<msg time="2026-03-14T20:20:41.675545" level="INFO">${name} = M
Malachi Powlowski</msg>
<var>${name}</var>
<arg>((//tbody//tr)[${i+1}]//td)[2]</arg>
<doc>Returns the text value of the element identified by ``locator``.</doc>
<status status="PASS" start="2026-03-14T20:20:41.652815" elapsed="0.022730"/>
</kw>
<kw name="Clean Text" owner="App">
<if>
<branch type="IF" condition="&quot;\\n&quot; in &quot;&quot;&quot;${text}&quot;&quot;&quot;">
<kw name="Evaluate" owner="BuiltIn">
<msg time="2026-03-14T20:20:41.678572" level="INFO">${text} = Malachi Powlowski</msg>
<var>${text}</var>
<arg>"""${text}""".replace("\\n","")[1:]</arg>
<doc>Evaluates the given expression in Python and returns the result.</doc>
<status status="PASS" start="2026-03-14T20:20:41.677538" elapsed="0.001034"/>
</kw>
<status status="PASS" start="2026-03-14T20:20:41.677538" elapsed="0.001034"/>
</branch>
<status status="PASS" start="2026-03-14T20:20:41.676541" elapsed="0.002031"/>
</if>
<kw name="Return From Keyword" owner="BuiltIn">
<msg time="2026-03-14T20:20:41.679567" level="INFO">Returning from the enclosing user keyword.</msg>
<arg>${text}</arg>
<doc>Returns from the enclosing user keyword.</doc>
<status status="PASS" start="2026-03-14T20:20:41.679567" elapsed="0.000000"/>
</kw>
<msg time="2026-03-14T20:20:41.679567" level="INFO">${name} = Malachi Powlowski</msg>
<var>${name}</var>
<arg>${name}</arg>
<status status="PASS" start="2026-03-14T20:20:41.676541" elapsed="0.003026"/>
</kw>
<kw name="Get Text" owner="SeleniumLibrary">
<msg time="2026-03-14T20:20:41.702371" level="INFO">${total_spent} = $0.00</msg>
<var>${total_spent}</var>
<arg>((//tbody//tr)[${i+1}]//td)[5]</arg>
<doc>Returns the text value of the element identified by ``locator``.</doc>
<status status="PASS" start="2026-03-14T20:20:41.680566" elapsed="0.021805"/>
</kw>
<if>
<branch type="IF" condition="&quot;${total_spent}&quot; != &quot;$0.00&quot;">
<kw name="Log To Console" owner="BuiltIn">
<arg>${ctr}. ${name}: ${total_spent}</arg>
<doc>Logs the given message to the console.</doc>
<status status="NOT RUN" start="2026-03-14T20:20:41.703373" elapsed="0.000000"/>
</kw>
<kw name="Evaluate" owner="BuiltIn">
<var>${ctr}</var>
<arg>${ctr} + ${1}</arg>
<doc>Evaluates the given expression in Python and returns the result.</doc>
<status status="NOT RUN" start="2026-03-14T20:20:41.703373" elapsed="0.000000"/>
</kw>
<kw name="Evaluate" owner="BuiltIn">
<var>${float_total}</var>
<arg>float('${total_spent}'.replace('$', '').replace(',', ''))</arg>
<doc>Evaluates the given expression in Python and returns the result.</doc>
<status status="NOT RUN" start="2026-03-14T20:20:41.703373" elapsed="0.000000"/>
</kw>
<kw name="Evaluate" owner="BuiltIn">
<var>${final_total}</var>
<arg>${final_total}+${float_total}</arg>
<doc>Evaluates the given expression in Python and returns the result.</doc>
<status status="NOT RUN" start="2026-03-14T20:20:41.704369" elapsed="0.000000"/>
</kw>
<status status="NOT RUN" start="2026-03-14T20:20:41.702371" elapsed="0.001998"/>
</branch>
<status status="PASS" start="2026-03-14T20:20:41.702371" elapsed="0.001998"/>
</if>
<var name="${i}">23</var>
<var name="${elem}">&lt;selenium.webdriver.remote.webelement.WebElement (session="44dc9d050cd97df27c5ebcc979f72df2", element="f.0488B582AA4580BC894442D42883779F.d.77FF4AF9582A013C17F461BF0E16310A.e.2318")&gt;</var>
<status status="PASS" start="2026-03-14T20:20:41.652815" elapsed="0.051554"/>
</iter>
<iter>
<kw name="Get Text" owner="SeleniumLibrary">
<msg time="2026-03-14T20:20:41.727137" level="INFO">${name} = T
Talia Rodriguez</msg>
<var>${name}</var>
<arg>((//tbody//tr)[${i+1}]//td)[2]</arg>
<doc>Returns the text value of the element identified by ``locator``.</doc>
<status status="PASS" start="2026-03-14T20:20:41.704369" elapsed="0.022768"/>
</kw>
<kw name="Clean Text" owner="App">
<if>
<branch type="IF" condition="&quot;\\n&quot; in &quot;&quot;&quot;${text}&quot;&quot;&quot;">
<kw name="Evaluate" owner="BuiltIn">
<msg time="2026-03-14T20:20:41.729169" level="INFO">${text} = Talia Rodriguez</msg>
<var>${text}</var>
<arg>"""${text}""".replace("\\n","")[1:]</arg>
<doc>Evaluates the given expression in Python and returns the result.</doc>
<status status="PASS" start="2026-03-14T20:20:41.728176" elapsed="0.000993"/>
</kw>
<status status="PASS" start="2026-03-14T20:20:41.728176" elapsed="0.000993"/>
</branch>
<status status="PASS" start="2026-03-14T20:20:41.728176" elapsed="0.000993"/>
</if>
<kw name="Return From Keyword" owner="BuiltIn">
<msg time="2026-03-14T20:20:41.730167" level="INFO">Returning from the enclosing user keyword.</msg>
<arg>${text}</arg>
<doc>Returns from the enclosing user keyword.</doc>
<status status="PASS" start="2026-03-14T20:20:41.730167" elapsed="0.000000"/>
</kw>
<msg time="2026-03-14T20:20:41.730167" level="INFO">${name} = Talia Rodriguez</msg>
<var>${name}</var>
<arg>${name}</arg>
<status status="PASS" start="2026-03-14T20:20:41.728176" elapsed="0.001991"/>
</kw>
<kw name="Get Text" owner="SeleniumLibrary">
<msg time="2026-03-14T20:20:41.752679" level="INFO">${total_spent} = $0.00</msg>
<var>${total_spent}</var>
<arg>((//tbody//tr)[${i+1}]//td)[5]</arg>
<doc>Returns the text value of the element identified by ``locator``.</doc>
<status status="PASS" start="2026-03-14T20:20:41.731166" elapsed="0.021513"/>
</kw>
<if>
<branch type="IF" condition="&quot;${total_spent}&quot; != &quot;$0.00&quot;">
<kw name="Log To Console" owner="BuiltIn">
<arg>${ctr}. ${name}: ${total_spent}</arg>
<doc>Logs the given message to the console.</doc>
<status status="NOT RUN" start="2026-03-14T20:20:41.753676" elapsed="0.000000"/>
</kw>
<kw name="Evaluate" owner="BuiltIn">
<var>${ctr}</var>
<arg>${ctr} + ${1}</arg>
<doc>Evaluates the given expression in Python and returns the result.</doc>
<status status="NOT RUN" start="2026-03-14T20:20:41.753676" elapsed="0.000000"/>
</kw>
<kw name="Evaluate" owner="BuiltIn">
<var>${float_total}</var>
<arg>float('${total_spent}'.replace('$', '').replace(',', ''))</arg>
<doc>Evaluates the given expression in Python and returns the result.</doc>
<status status="NOT RUN" start="2026-03-14T20:20:41.753676" elapsed="0.000997"/>
</kw>
<kw name="Evaluate" owner="BuiltIn">
<var>${final_total}</var>
<arg>${final_total}+${float_total}</arg>
<doc>Evaluates the given expression in Python and returns the result.</doc>
<status status="NOT RUN" start="2026-03-14T20:20:41.754673" elapsed="0.000000"/>
</kw>
<status status="NOT RUN" start="2026-03-14T20:20:41.752679" elapsed="0.001994"/>
</branch>
<status status="PASS" start="2026-03-14T20:20:41.752679" elapsed="0.001994"/>
</if>
<var name="${i}">24</var>
<var name="${elem}">&lt;selenium.webdriver.remote.webelement.WebElement (session="44dc9d050cd97df27c5ebcc979f72df2", element="f.0488B582AA4580BC894442D42883779F.d.77FF4AF9582A013C17F461BF0E16310A.e.2319")&gt;</var>
<status status="PASS" start="2026-03-14T20:20:41.704369" elapsed="0.050304"/>
</iter>
<var>${i}</var>
<var>${elem}</var>
<value>@{web_elems}</value>
<status status="PASS" start="2026-03-14T20:20:40.395845" elapsed="1.358828"/>
</for>
<kw name="Evaluate" owner="BuiltIn">
<msg time="2026-03-14T20:20:41.755670" level="INFO">${formatted_total} = 1,411.07</msg>
<var>${formatted_total}</var>
<arg>f"{${final_total}:,.2f}"</arg>
<doc>Evaluates the given expression in Python and returns the result.</doc>
<status status="PASS" start="2026-03-14T20:20:41.754673" elapsed="0.000997"/>
</kw>
<kw name="Log To Console" owner="BuiltIn">
<arg>\n==========================================</arg>
<doc>Logs the given message to the console.</doc>
<status status="PASS" start="2026-03-14T20:20:41.755670" elapsed="0.001506"/>
</kw>
<kw name="Log To Console" owner="BuiltIn">
<arg>Total Customer Spending: $${formatted_total}</arg>
<doc>Logs the given message to the console.</doc>
<status status="PASS" start="2026-03-14T20:20:41.757176" elapsed="0.001002"/>
</kw>
<kw name="Log To Console" owner="BuiltIn">
<arg>==========================================</arg>
<doc>Logs the given message to the console.</doc>
<status status="PASS" start="2026-03-14T20:20:41.759177" elapsed="0.000000"/>
</kw>
<if>
<branch type="IF" condition="${final_total} &lt; 3500">
<kw name="Fail" owner="BuiltIn">
<msg time="2026-03-14T20:20:41.761171" level="FAIL">FAIL: Total spending ($1,411.07) is below minimum threshold ($3,500)</msg>
<arg>FAIL: Total spending ($${formatted_total}) is below minimum threshold ($3,500)</arg>
<doc>Fails the test with the given message and optionally alters its tags.</doc>
<status status="FAIL" start="2026-03-14T20:20:41.760174" elapsed="0.000997">FAIL: Total spending ($1,411.07) is below minimum threshold ($3,500)</status>
</kw>
<status status="FAIL" start="2026-03-14T20:20:41.760174" elapsed="0.000997">FAIL: Total spending ($1,411.07) is below minimum threshold ($3,500)</status>
</branch>
<branch type="ELSE">
<kw name="Pass Execution" owner="BuiltIn">
<arg>PASS: Total spending ($${formatted_total}) meets minimum threshold ($3,500)</arg>
<doc>Skips rest of the current test, setup, or teardown with PASS status.</doc>
<status status="NOT RUN" start="2026-03-14T20:20:41.761171" elapsed="0.000000"/>
</kw>
<status status="NOT RUN" start="2026-03-14T20:20:41.761171" elapsed="0.000997"/>
</branch>
<status status="FAIL" start="2026-03-14T20:20:41.760174" elapsed="0.001994">FAIL: Total spending ($1,411.07) is below minimum threshold ($3,500)</status>
</if>
<status status="FAIL" start="2026-03-14T20:20:38.202102" elapsed="3.560066">FAIL: Total spending ($1,411.07) is below minimum threshold ($3,500)</status>
</kw>
<doc>Analyze User Spending</doc>
<status status="FAIL" start="2026-03-14T20:20:38.200075" elapsed="3.562644">FAIL: Total spending ($1,411.07) is below minimum threshold ($3,500)</status>
</test>
<kw name="Capture Page Screenshot" owner="SeleniumLibrary" type="TEARDOWN">
<msg time="2026-03-14T20:20:41.889018" level="INFO" html="true">&lt;/td&gt;&lt;/tr&gt;&lt;tr&gt;&lt;td colspan="3"&gt;&lt;a href="selenium-screenshot-31.png"&gt;&lt;img src="selenium-screenshot-31.png" width="800px"&gt;&lt;/a&gt;</msg>
<doc>Takes a screenshot of the current page and embeds it into a log file.</doc>
<status status="PASS" start="2026-03-14T20:20:41.764515" elapsed="0.124503"/>
</kw>
<status status="FAIL" start="2026-03-14T20:17:06.713887" elapsed="215.175131"/>
</suite>
<statistics>
<total>
<stat pass="3" fail="1" skip="0">All Tests</stat>
</total>
<tag>
</tag>
<suite>
<stat name="Test" id="s1" pass="3" fail="1" skip="0">Test</stat>
</suite>
</statistics>
<errors>
</errors>
</robot>
